[2018-05-09 20:20:16] local.ERROR: exception 'PDOException' with message 'SQLSTATE[HY000] [1045] Access denied for user ''@'localhost' (using password: NO)' in C:\wamp64\www\memory\vendor\laravel\framework\src\Illuminate\Database\Connectors\Connector.php:47
Stack trace:
#0 C:\wamp64\www\memory\vendor\laravel\framework\src\Illuminate\Database\Connectors\Connector.php(47): PDO->__construct('mysql:host=;dbn...', NULL, NULL, Array)
#1 C:\wamp64\www\memory\vendor\laravel\framework\src\Illuminate\Database\Connectors\MySqlConnector.php(20): Illuminate\Database\Connectors\Connector->createConnection('mysql:host=;dbn...', Array, Array)
#2 C:\wamp64\www\memory\vendor\laravel\framework\src\Illuminate\Database\Connectors\ConnectionFactory.php(58): Illuminate\Database\Connectors\MySqlConnector->connect(Array)
#3 C:\wamp64\www\memory\vendor\laravel\framework\src\Illuminate\Database\Connectors\ConnectionFactory.php(47): Illuminate\Database\Connectors\ConnectionFactory->createSingleConnection(Array)
#4 C:\wamp64\www\memory\vendor\laravel\framework\src\Illuminate\Database\DatabaseManager.php(177): Illuminate\Database\Connectors\ConnectionFactory->make(Array, 'mysql')
#5 C:\wamp64\www\memory\vendor\laravel\framework\src\Illuminate\Database\DatabaseManager.php(65): Illuminate\Database\DatabaseManager->makeConnection('mysql')
#6 C:\wamp64\www\memory\vendor\laravel\framework\src\Illuminate\Database\Eloquent\Model.php(3146): Illuminate\Database\DatabaseManager->connection(NULL)
#7 C:\wamp64\www\memory\vendor\laravel\framework\src\Illuminate\Database\Eloquent\Model.php(3112): Illuminate\Database\Eloquent\Model::resolveConnection(NULL)
#8 C:\wamp64\www\memory\vendor\laravel\framework\src\Illuminate\Database\Eloquent\Model.php(1887): Illuminate\Database\Eloquent\Model->getConnection()
#9 C:\wamp64\www\memory\vendor\laravel\framework\src\Illuminate\Database\Eloquent\Model.php(1828): Illuminate\Database\Eloquent\Model->newBaseQueryBuilder()
#10 C:\wamp64\www\memory\vendor\laravel\framework\src\Illuminate\Database\Eloquent\Model.php(1802): Illuminate\Database\Eloquent\Model->newQueryWithoutScopes()
#11 C:\wamp64\www\memory\vendor\laravel\framework\src\Illuminate\Auth\EloquentUserProvider.php(89): Illuminate\Database\Eloquent\Model->newQuery()
#12 C:\wamp64\www\memory\vendor\laravel\framework\src\Illuminate\Auth\Guard.php(371): Illuminate\Auth\EloquentUserProvider->retrieveByCredentials(Array)
#13 C:\wamp64\www\memory\app\Http\Controllers\Auth\AuthController.php(103): Illuminate\Auth\Guard->attempt(Array, false)
#14 [internal function]: App\Http\Controllers\Auth\AuthController->postLogin(Object(Illuminate\Http\Request))
#15 C:\wamp64\www\memory\vendor\laravel\framework\src\Illuminate\Routing\Controller.php(246): call_user_func_array(Array, Array)
#16 C:\wamp64\www\memory\vendor\laravel\framework\src\Illuminate\Routing\ControllerDispatcher.php(162): Illuminate\Routing\Controller->callAction('postLogin', Array)
#17 C:\wamp64\www\memory\vendor\laravel\framework\src\Illuminate\Routing\ControllerDispatcher.php(107): Illuminate\Routing\ControllerDispatcher->call(Object(App\Http\Controllers\Auth\AuthController), Object(Illuminate\Routing\Route), 'postLogin')
#18 [internal function]: Illuminate\Routing\ControllerDispatcher->Illuminate\Routing\{closure}(Object(Illuminate\Http\Request))
#19 C:\wamp64\www\memory\vendor\laravel\framework\src\Illuminate\Pipeline\Pipeline.php(141): call_user_func(Object(Closure), Object(Illuminate\Http\Request))
#20 C:\wamp64\www\memory\app\Http\Middleware\RedirectIfAuthenticated.php(81): Illuminate\Pipeline\Pipeline->Illuminate\Pipeline\{closure}(Object(Illuminate\Http\Request))
#21 C:\wamp64\www\memory\vendor\laravel\framework\src\Illuminate\Pipeline\Pipeline.php(125): App\Http\Middleware\RedirectIfAuthenticated->handle(Object(Illuminate\Http\Request), Object(Closure))
#22 [internal function]: Illuminate\Pipeline\Pipeline->Illuminate\Pipeline\{closure}(Object(Illuminate\Http\Request))
#23 C:\wamp64\www\memory\vendor\laravel\framework\src\Illuminate\Pipeline\Pipeline.php(101): call_user_func(Object(Closure), Object(Illuminate\Http\Request))
#24 C:\wamp64\www\memory\vendor\laravel\framework\src\Illuminate\Routing\ControllerDispatcher.php(108): Illuminate\Pipeline\Pipeline->then(Object(Closure))
#25 C:\wamp64\www\memory\vendor\laravel\framework\src\Illuminate\Routing\ControllerDispatcher.php(67): Illuminate\Routing\ControllerDispatcher->callWithinStack(Object(App\Http\Controllers\Auth\AuthController), Object(Illuminate\Routing\Route), Object(Illuminate\Http\Request), 'postLogin')
#26 C:\wamp64\www\memory\vendor\laravel\framework\src\Illuminate\Routing\Route.php(204): Illuminate\Routing\ControllerDispatcher->dispatch(Object(Illuminate\Routing\Route), Object(Illuminate\Http\Request), '\\App\\Http\\Contr...', 'postLogin')
#27 C:\wamp64\www\memory\vendor\laravel\framework\src\Illuminate\Routing\Route.php(134): Illuminate\Routing\Route->runWithCustomDispatcher(Object(Illuminate\Http\Request))
#28 C:\wamp64\www\memory\vendor\laravel\framework\src\Illuminate\Routing\Router.php(701): Illuminate\Routing\Route->run(Object(Illuminate\Http\Request))
#29 [internal function]: Illuminate\Routing\Router->Illuminate\Routing\{closure}(Object(Illuminate\Http\Request))
#30 C:\wamp64\www\memory\vendor\laravel\framework\src\Illuminate\Pipeline\Pipeline.php(141): call_user_func(Object(Closure), Object(Illuminate\Http\Request))
#31 [internal function]: Illuminate\Pipeline\Pipeline->Illuminate\Pipeline\{closure}(Object(Illuminate\Http\Request))
#32 C:\wamp64\www\memory\vendor\laravel\framework\src\Illuminate\Pipeline\Pipeline.php(101): call_user_func(Object(Closure), Object(Illuminate\Http\Request))
#33 C:\wamp64\www\memory\vendor\laravel\framework\src\Illuminate\Routing\Router.php(703): Illuminate\Pipeline\Pipeline->then(Object(Closure))
#34 C:\wamp64\www\memory\vendor\laravel\framework\src\Illuminate\Routing\Router.php(670): Illuminate\Routing\Router->runRouteWithinStack(Object(Illuminate\Routing\Route), Object(Illuminate\Http\Request))
#35 C:\wamp64\www\memory\vendor\laravel\framework\src\Illuminate\Routing\Router.php(628): Illuminate\Routing\Router->dispatchToRoute(Object(Illuminate\Http\Request))
#36 C:\wamp64\www\memory\vendor\laravel\framework\src\Illuminate\Foundation\Http\Kernel.php(214): Illuminate\Routing\Router->dispatch(Object(Illuminate\Http\Request))
#37 [internal function]: Illuminate\Foundation\Http\Kernel->Illuminate\Foundation\Http\{closure}(Object(Illuminate\Http\Request))
#38 C:\wamp64\www\memory\vendor\laravel\framework\src\Illuminate\Pipeline\Pipeline.php(141): call_user_func(Object(Closure), Object(Illuminate\Http\Request))
#39 C:\wamp64\www\memory\app\Http\Middleware\VerifyCsrfToken.php(65): Illuminate\Pipeline\Pipeline->Illuminate\Pipeline\{closure}(Object(Illuminate\Http\Request))
#40 C:\wamp64\www\memory\vendor\laravel\framework\src\Illuminate\Pipeline\Pipeline.php(125): App\Http\Middleware\VerifyCsrfToken->handle(Object(Illuminate\Http\Request), Object(Closure))
#41 C:\wamp64\www\memory\vendor\laravel\framework\src\Illuminate\View\Middleware\ShareErrorsFromSession.php(55): Illuminate\Pipeline\Pipeline->Illuminate\Pipeline\{closure}(Object(Illuminate\Http\Request))
#42 C:\wamp64\www\memory\vendor\laravel\framework\src\Illuminate\Pipeline\Pipeline.php(125): Illuminate\View\Middleware\ShareErrorsFromSession->handle(Object(Illuminate\Http\Request), Object(Closure))
#43 C:\wamp64\www\memory\vendor\laravel\framework\src\Illuminate\Session\Middleware\StartSession.php(61): Illuminate\Pipeline\Pipeline->Illuminate\Pipeline\{closure}(Object(Illuminate\Http\Request))
#44 C:\wamp64\www\memory\vendor\laravel\framework\src\Illuminate\Pipeline\Pipeline.php(125): Illuminate\Session\Middleware\StartSession->handle(Object(Illuminate\Http\Request), Object(Closure))
#45 C:\wamp64\www\memory\vendor\laravel\framework\src\Illuminate\Cookie\Middleware\AddQueuedCookiesToResponse.php(36): Illuminate\Pipeline\Pipeline->Illuminate\Pipeline\{closure}(Object(Illuminate\Http\Request))
#46 C:\wamp64\www\memory\vendor\laravel\framework\src\Illuminate\Pipeline\Pipeline.php(125): Illuminate\Cookie\Middleware\AddQueuedCookiesToResponse->handle(Object(Illuminate\Http\Request), Object(Closure))
#47 C:\wamp64\www\memory\vendor\laravel\framework\src\Illuminate\Cookie\Middleware\EncryptCookies.php(40): Illuminate\Pipeline\Pipeline->Illuminate\Pipeline\{closure}(Object(Illuminate\Http\Request))
#48 C:\wamp64\www\memory\vendor\laravel\framework\src\Illuminate\Pipeline\Pipeline.php(125): Illuminate\Cookie\Middleware\EncryptCookies->handle(Object(Illuminate\Http\Request), Object(Closure))
#49 C:\wamp64\www\memory\vendor\laravel\framework\src\Illuminate\Foundation\Http\Middleware\CheckForMaintenanceMode.php(42): Illuminate\Pipeline\Pipeline->Illuminate\Pipeline\{closure}(Object(Illuminate\Http\Request))
#50 C:\wamp64\www\memory\vendor\laravel\framework\src\Illuminate\Pipeline\Pipeline.php(125): Illuminate\Foundation\Http\Middleware\CheckForMaintenanceMode->handle(Object(Illuminate\Http\Request), Object(Closure))
#51 [internal function]: Illuminate\Pipeline\Pipeline->Illuminate\Pipeline\{closure}(Object(Illuminate\Http\Request))
#52 C:\wamp64\www\memory\vendor\laravel\framework\src\Illuminate\Pipeline\Pipeline.php(101): call_user_func(Object(Closure), Object(Illuminate\Http\Request))
#53 C:\wamp64\www\memory\vendor\laravel\framework\src\Illuminate\Foundation\Http\Kernel.php(115): Illuminate\Pipeline\Pipeline->then(Object(Closure))
#54 C:\wamp64\www\memory\vendor\laravel\framework\src\Illuminate\Foundation\Http\Kernel.php(84): Illuminate\Foundation\Http\Kernel->sendRequestThroughRouter(Object(Illuminate\Http\Request))
#55 C:\wamp64\www\memory\public\index.php(105): Illuminate\Foundation\Http\Kernel->handle(Object(Illuminate\Http\Request))
#56 {main}  
