[2019-05-18 14:18:11] local.ERROR: PDOException: SQLSTATE[HY093]: Invalid parameter number: parameter was not defined in C:\wamp64\www\memory\vendor\laravel\framework\src\Illuminate\Database\Connection.php:294
Stack trace:
#0 C:\wamp64\www\memory\vendor\laravel\framework\src\Illuminate\Database\Connection.php(294): PDOStatement->execute(Array)
#1 C:\wamp64\www\memory\vendor\laravel\framework\src\Illuminate\Database\Connection.php(616): Illuminate\Database\Connection->Illuminate\Database\{closure}(Object(Illuminate\Database\MySqlConnection), Object(Illuminate\Database\Query\Expression), Array)
#2 C:\wamp64\www\memory\vendor\laravel\framework\src\Illuminate\Database\Connection.php(580): Illuminate\Database\Connection->runQueryCallback(Object(Illuminate\Database\Query\Expression), Array, Object(Closure))
#3 C:\wamp64\www\memory\vendor\laravel\framework\src\Illuminate\Database\Connection.php(297): Illuminate\Database\Connection->run(Object(Illuminate\Database\Query\Expression), Array, Object(Closure))
#4 [internal function]: Illuminate\Database\Connection->select(Object(Illuminate\Database\Query\Expression), Array)
#5 C:\wamp64\www\memory\vendor\laravel\framework\src\Illuminate\Database\DatabaseManager.php(304): call_user_func_array(Array, Array)
#6 C:\wamp64\www\memory\vendor\laravel\framework\src\Illuminate\Support\Facades\Facade.php(213): Illuminate\Database\DatabaseManager->__call('select', Array)
#7 C:\wamp64\www\memory\app\Http\Controllers\GeolocController.php(834): Illuminate\Support\Facades\Facade::__callStatic('select', Array)
#8 [internal function]: App\Http\Controllers\GeolocController->getLiveData('357876082170434', 'x')
#9 C:\wamp64\www\memory\vendor\laravel\framework\src\Illuminate\Routing\Controller.php(246): call_user_func_array(Array, Array)
#10 C:\wamp64\www\memory\vendor\laravel\framework\src\Illuminate\Routing\ControllerDispatcher.php(162): Illuminate\Routing\Controller->callAction('getLiveData', Array)
#11 C:\wamp64\www\memory\vendor\laravel\framework\src\Illuminate\Routing\ControllerDispatcher.php(107): Illuminate\Routing\ControllerDispatcher->call(Object(App\Http\Controllers\GeolocController), Object(Illuminate\Routing\Route), 'getLiveData')
#12 [internal function]: Illuminate\Routing\ControllerDispatcher->Illuminate\Routing\{closure}(Object(Illuminate\Http\Request))
#13 C:\wamp64\www\memory\vendor\laravel\framework\src\Illuminate\Pipeline\Pipeline.php(141): call_user_func(Object(Closure), Object(Illuminate\Http\Request))
#14 [internal function]: Illuminate\Pipeline\Pipeline->Illuminate\Pipeline\{closure}(Object(Illuminate\Http\Request))
#15 C:\wamp64\www\memory\vendor\laravel\framework\src\Illuminate\Pipeline\Pipeline.php(100): call_user_func(Object(Closure), Object(Illuminate\Http\Request))
#16 C:\wamp64\www\memory\vendor\laravel\framework\src\Illuminate\Routing\ControllerDispatcher.php(108): Illuminate\Pipeline\Pipeline->then(Object(Closure))
#17 C:\wamp64\www\memory\vendor\laravel\framework\src\Illuminate\Routing\ControllerDispatcher.php(66): Illuminate\Routing\ControllerDispatcher->callWithinStack(Object(App\Http\Controllers\GeolocController), Object(Illuminate\Routing\Route), Object(Illuminate\Http\Request), 'getLiveData')
#18 C:\wamp64\www\memory\vendor\laravel\framework\src\Illuminate\Routing\Route.php(204): Illuminate\Routing\ControllerDispatcher->dispatch(Object(Illuminate\Routing\Route), Object(Illuminate\Http\Request), 'App\\Http\\Contro...', 'getLiveData')
#19 C:\wamp64\www\memory\vendor\laravel\framework\src\Illuminate\Routing\Route.php(134): Illuminate\Routing\Route->runWithCustomDispatcher(Object(Illuminate\Http\Request))
#20 C:\wamp64\www\memory\vendor\laravel\framework\src\Illuminate\Routing\Router.php(701): Illuminate\Routing\Route->run(Object(Illuminate\Http\Request))
#21 [internal function]: Illuminate\Routing\Router->Illuminate\Routing\{closure}(Object(Illuminate\Http\Request))
#22 C:\wamp64\www\memory\vendor\laravel\framework\src\Illuminate\Pipeline\Pipeline.php(141): call_user_func(Object(Closure), Object(Illuminate\Http\Request))
#23 C:\wamp64\www\memory\app\Http\Middleware\Authenticate.php(93): Illuminate\Pipeline\Pipeline->Illuminate\Pipeline\{closure}(Object(Illuminate\Http\Request))
#24 C:\wamp64\www\memory\vendor\laravel\framework\src\Illuminate\Pipeline\Pipeline.php(125): App\Http\Middleware\Authenticate->handle(Object(Illuminate\Http\Request), Object(Closure))
#25 [internal function]: Illuminate\Pipeline\Pipeline->Illuminate\Pipeline\{closure}(Object(Illuminate\Http\Request))
#26 C:\wamp64\www\memory\vendor\laravel\framework\src\Illuminate\Pipeline\Pipeline.php(100): call_user_func(Object(Closure), Object(Illuminate\Http\Request))
#27 C:\wamp64\www\memory\vendor\laravel\framework\src\Illuminate\Routing\Router.php(703): Illuminate\Pipeline\Pipeline->then(Object(Closure))
#28 C:\wamp64\www\memory\vendor\laravel\framework\src\Illuminate\Routing\Router.php(669): Illuminate\Routing\Router->runRouteWithinStack(Object(Illuminate\Routing\Route), Object(Illuminate\Http\Request))
#29 C:\wamp64\www\memory\vendor\laravel\framework\src\Illuminate\Routing\Router.php(628): Illuminate\Routing\Router->dispatchToRoute(Object(Illuminate\Http\Request))
#30 C:\wamp64\www\memory\vendor\laravel\framework\src\Illuminate\Foundation\Http\Kernel.php(214): Illuminate\Routing\Router->dispatch(Object(Illuminate\Http\Request))
#31 [internal function]: Illuminate\Foundation\Http\Kernel->Illuminate\Foundation\Http\{closure}(Object(Illuminate\Http\Request))
#32 C:\wamp64\www\memory\vendor\laravel\framework\src\Illuminate\Pipeline\Pipeline.php(141): call_user_func(Object(Closure), Object(Illuminate\Http\Request))
#33 C:\wamp64\www\memory\app\Http\Middleware\VerifyCsrfToken.php(67): Illuminate\Pipeline\Pipeline->Illuminate\Pipeline\{closure}(Object(Illuminate\Http\Request))
#34 C:\wamp64\www\memory\vendor\laravel\framework\src\Illuminate\Pipeline\Pipeline.php(125): App\Http\Middleware\VerifyCsrfToken->handle(Object(Illuminate\Http\Request), Object(Closure))
#35 C:\wamp64\www\memory\vendor\laravel\framework\src\Illuminate\View\Middleware\ShareErrorsFromSession.php(55): Illuminate\Pipeline\Pipeline->Illuminate\Pipeline\{closure}(Object(Illuminate\Http\Request))
#36 C:\wamp64\www\memory\vendor\laravel\framework\src\Illuminate\Pipeline\Pipeline.php(125): Illuminate\View\Middleware\ShareErrorsFromSession->handle(Object(Illuminate\Http\Request), Object(Closure))
#37 C:\wamp64\www\memory\vendor\laravel\framework\src\Illuminate\Session\Middleware\StartSession.php(61): Illuminate\Pipeline\Pipeline->Illuminate\Pipeline\{closure}(Object(Illuminate\Http\Request))
#38 C:\wamp64\www\memory\vendor\laravel\framework\src\Illuminate\Pipeline\Pipeline.php(125): Illuminate\Session\Middleware\StartSession->handle(Object(Illuminate\Http\Request), Object(Closure))
#39 C:\wamp64\www\memory\vendor\laravel\framework\src\Illuminate\Cookie\Middleware\AddQueuedCookiesToResponse.php(36): Illuminate\Pipeline\Pipeline->Illuminate\Pipeline\{closure}(Object(Illuminate\Http\Request))
#40 C:\wamp64\www\memory\vendor\laravel\framework\src\Illuminate\Pipeline\Pipeline.php(125): Illuminate\Cookie\Middleware\AddQueuedCookiesToResponse->handle(Object(Illuminate\Http\Request), Object(Closure))
#41 C:\wamp64\www\memory\vendor\laravel\framework\src\Illuminate\Cookie\Middleware\EncryptCookies.php(40): Illuminate\Pipeline\Pipeline->Illuminate\Pipeline\{closure}(Object(Illuminate\Http\Request))
#42 C:\wamp64\www\memory\vendor\laravel\framework\src\Illuminate\Pipeline\Pipeline.php(125): Illuminate\Cookie\Middleware\EncryptCookies->handle(Object(Illuminate\Http\Request), Object(Closure))
#43 C:\wamp64\www\memory\vendor\laravel\framework\src\Illuminate\Foundation\Http\Middleware\CheckForMaintenanceMode.php(42): Illuminate\Pipeline\Pipeline->Illuminate\Pipeline\{closure}(Object(Illuminate\Http\Request))
#44 C:\wamp64\www\memory\vendor\laravel\framework\src\Illuminate\Pipeline\Pipeline.php(125): Illuminate\Foundation\Http\Middleware\CheckForMaintenanceMode->handle(Object(Illuminate\Http\Request), Object(Closure))
#45 [internal function]: Illuminate\Pipeline\Pipeline->Illuminate\Pipeline\{closure}(Object(Illuminate\Http\Request))
#46 C:\wamp64\www\memory\vendor\laravel\framework\src\Illuminate\Pipeline\Pipeline.php(100): call_user_func(Object(Closure), Object(Illuminate\Http\Request))
#47 C:\wamp64\www\memory\vendor\laravel\framework\src\Illuminate\Foundation\Http\Kernel.php(115): Illuminate\Pipeline\Pipeline->then(Object(Closure))
#48 C:\wamp64\www\memory\vendor\laravel\framework\src\Illuminate\Foundation\Http\Kernel.php(84): Illuminate\Foundation\Http\Kernel->sendRequestThroughRouter(Object(Illuminate\Http\Request))
#49 C:\wamp64\www\memory\public\index.php(103): Illuminate\Foundation\Http\Kernel->handle(Object(Illuminate\Http\Request))
#50 {main}

Next Illuminate\Database\QueryException: SQLSTATE[HY093]: Invalid parameter number: parameter was not defined (SQL: select * 
                               from geolocs
                              where imei = :imei
                                and devicetime > ifnull(:devicetime, DATE_ADD(NOW(), INTERVAL -15 MINUTE))
                              order by devicetime asc) in C:\wamp64\www\memory\vendor\laravel\framework\src\Illuminate\Database\Connection.php:624
Stack trace:
#0 C:\wamp64\www\memory\vendor\laravel\framework\src\Illuminate\Database\Connection.php(580): Illuminate\Database\Connection->runQueryCallback(Object(Illuminate\Database\Query\Expression), Array, Object(Closure))
#1 C:\wamp64\www\memory\vendor\laravel\framework\src\Illuminate\Database\Connection.php(297): Illuminate\Database\Connection->run(Object(Illuminate\Database\Query\Expression), Array, Object(Closure))
#2 [internal function]: Illuminate\Database\Connection->select(Object(Illuminate\Database\Query\Expression), Array)
#3 C:\wamp64\www\memory\vendor\laravel\framework\src\Illuminate\Database\DatabaseManager.php(304): call_user_func_array(Array, Array)
#4 C:\wamp64\www\memory\vendor\laravel\framework\src\Illuminate\Support\Facades\Facade.php(213): Illuminate\Database\DatabaseManager->__call('select', Array)
#5 C:\wamp64\www\memory\app\Http\Controllers\GeolocController.php(834): Illuminate\Support\Facades\Facade::__callStatic('select', Array)
#6 [internal function]: App\Http\Controllers\GeolocController->getLiveData('357876082170434', 'x')
#7 C:\wamp64\www\memory\vendor\laravel\framework\src\Illuminate\Routing\Controller.php(246): call_user_func_array(Array, Array)
#8 C:\wamp64\www\memory\vendor\laravel\framework\src\Illuminate\Routing\ControllerDispatcher.php(162): Illuminate\Routing\Controller->callAction('getLiveData', Array)
#9 C:\wamp64\www\memory\vendor\laravel\framework\src\Illuminate\Routing\ControllerDispatcher.php(107): Illuminate\Routing\ControllerDispatcher->call(Object(App\Http\Controllers\GeolocController), Object(Illuminate\Routing\Route), 'getLiveData')
#10 [internal function]: Illuminate\Routing\ControllerDispatcher->Illuminate\Routing\{closure}(Object(Illuminate\Http\Request))
#11 C:\wamp64\www\memory\vendor\laravel\framework\src\Illuminate\Pipeline\Pipeline.php(141): call_user_func(Object(Closure), Object(Illuminate\Http\Request))
#12 [internal function]: Illuminate\Pipeline\Pipeline->Illuminate\Pipeline\{closure}(Object(Illuminate\Http\Request))
#13 C:\wamp64\www\memory\vendor\laravel\framework\src\Illuminate\Pipeline\Pipeline.php(100): call_user_func(Object(Closure), Object(Illuminate\Http\Request))
#14 C:\wamp64\www\memory\vendor\laravel\framework\src\Illuminate\Routing\ControllerDispatcher.php(108): Illuminate\Pipeline\Pipeline->then(Object(Closure))
#15 C:\wamp64\www\memory\vendor\laravel\framework\src\Illuminate\Routing\ControllerDispatcher.php(66): Illuminate\Routing\ControllerDispatcher->callWithinStack(Object(App\Http\Controllers\GeolocController), Object(Illuminate\Routing\Route), Object(Illuminate\Http\Request), 'getLiveData')
#16 C:\wamp64\www\memory\vendor\laravel\framework\src\Illuminate\Routing\Route.php(204): Illuminate\Routing\ControllerDispatcher->dispatch(Object(Illuminate\Routing\Route), Object(Illuminate\Http\Request), 'App\\Http\\Contro...', 'getLiveData')
#17 C:\wamp64\www\memory\vendor\laravel\framework\src\Illuminate\Routing\Route.php(134): Illuminate\Routing\Route->runWithCustomDispatcher(Object(Illuminate\Http\Request))
#18 C:\wamp64\www\memory\vendor\laravel\framework\src\Illuminate\Routing\Router.php(701): Illuminate\Routing\Route->run(Object(Illuminate\Http\Request))
#19 [internal function]: Illuminate\Routing\Router->Illuminate\Routing\{closure}(Object(Illuminate\Http\Request))
#20 C:\wamp64\www\memory\vendor\laravel\framework\src\Illuminate\Pipeline\Pipeline.php(141): call_user_func(Object(Closure), Object(Illuminate\Http\Request))
#21 C:\wamp64\www\memory\app\Http\Middleware\Authenticate.php(93): Illuminate\Pipeline\Pipeline->Illuminate\Pipeline\{closure}(Object(Illuminate\Http\Request))
#22 C:\wamp64\www\memory\vendor\laravel\framework\src\Illuminate\Pipeline\Pipeline.php(125): App\Http\Middleware\Authenticate->handle(Object(Illuminate\Http\Request), Object(Closure))
#23 [internal function]: Illuminate\Pipeline\Pipeline->Illuminate\Pipeline\{closure}(Object(Illuminate\Http\Request))
#24 C:\wamp64\www\memory\vendor\laravel\framework\src\Illuminate\Pipeline\Pipeline.php(100): call_user_func(Object(Closure), Object(Illuminate\Http\Request))
#25 C:\wamp64\www\memory\vendor\laravel\framework\src\Illuminate\Routing\Router.php(703): Illuminate\Pipeline\Pipeline->then(Object(Closure))
#26 C:\wamp64\www\memory\vendor\laravel\framework\src\Illuminate\Routing\Router.php(669): Illuminate\Routing\Router->runRouteWithinStack(Object(Illuminate\Routing\Route), Object(Illuminate\Http\Request))
#27 C:\wamp64\www\memory\vendor\laravel\framework\src\Illuminate\Routing\Router.php(628): Illuminate\Routing\Router->dispatchToRoute(Object(Illuminate\Http\Request))
#28 C:\wamp64\www\memory\vendor\laravel\framework\src\Illuminate\Foundation\Http\Kernel.php(214): Illuminate\Routing\Router->dispatch(Object(Illuminate\Http\Request))
#29 [internal function]: Illuminate\Foundation\Http\Kernel->Illuminate\Foundation\Http\{closure}(Object(Illuminate\Http\Request))
#30 C:\wamp64\www\memory\vendor\laravel\framework\src\Illuminate\Pipeline\Pipeline.php(141): call_user_func(Object(Closure), Object(Illuminate\Http\Request))
#31 C:\wamp64\www\memory\app\Http\Middleware\VerifyCsrfToken.php(67): Illuminate\Pipeline\Pipeline->Illuminate\Pipeline\{closure}(Object(Illuminate\Http\Request))
#32 C:\wamp64\www\memory\vendor\laravel\framework\src\Illuminate\Pipeline\Pipeline.php(125): App\Http\Middleware\VerifyCsrfToken->handle(Object(Illuminate\Http\Request), Object(Closure))
#33 C:\wamp64\www\memory\vendor\laravel\framework\src\Illuminate\View\Middleware\ShareErrorsFromSession.php(55): Illuminate\Pipeline\Pipeline->Illuminate\Pipeline\{closure}(Object(Illuminate\Http\Request))
#34 C:\wamp64\www\memory\vendor\laravel\framework\src\Illuminate\Pipeline\Pipeline.php(125): Illuminate\View\Middleware\ShareErrorsFromSession->handle(Object(Illuminate\Http\Request), Object(Closure))
#35 C:\wamp64\www\memory\vendor\laravel\framework\src\Illuminate\Session\Middleware\StartSession.php(61): Illuminate\Pipeline\Pipeline->Illuminate\Pipeline\{closure}(Object(Illuminate\Http\Request))
#36 C:\wamp64\www\memory\vendor\laravel\framework\src\Illuminate\Pipeline\Pipeline.php(125): Illuminate\Session\Middleware\StartSession->handle(Object(Illuminate\Http\Request), Object(Closure))
#37 C:\wamp64\www\memory\vendor\laravel\framework\src\Illuminate\Cookie\Middleware\AddQueuedCookiesToResponse.php(36): Illuminate\Pipeline\Pipeline->Illuminate\Pipeline\{closure}(Object(Illuminate\Http\Request))
#38 C:\wamp64\www\memory\vendor\laravel\framework\src\Illuminate\Pipeline\Pipeline.php(125): Illuminate\Cookie\Middleware\AddQueuedCookiesToResponse->handle(Object(Illuminate\Http\Request), Object(Closure))
#39 C:\wamp64\www\memory\vendor\laravel\framework\src\Illuminate\Cookie\Middleware\EncryptCookies.php(40): Illuminate\Pipeline\Pipeline->Illuminate\Pipeline\{closure}(Object(Illuminate\Http\Request))
#40 C:\wamp64\www\memory\vendor\laravel\framework\src\Illuminate\Pipeline\Pipeline.php(125): Illuminate\Cookie\Middleware\EncryptCookies->handle(Object(Illuminate\Http\Request), Object(Closure))
#41 C:\wamp64\www\memory\vendor\laravel\framework\src\Illuminate\Foundation\Http\Middleware\CheckForMaintenanceMode.php(42): Illuminate\Pipeline\Pipeline->Illuminate\Pipeline\{closure}(Object(Illuminate\Http\Request))
#42 C:\wamp64\www\memory\vendor\laravel\framework\src\Illuminate\Pipeline\Pipeline.php(125): Illuminate\Foundation\Http\Middleware\CheckForMaintenanceMode->handle(Object(Illuminate\Http\Request), Object(Closure))
#43 [internal function]: Illuminate\Pipeline\Pipeline->Illuminate\Pipeline\{closure}(Object(Illuminate\Http\Request))
#44 C:\wamp64\www\memory\vendor\laravel\framework\src\Illuminate\Pipeline\Pipeline.php(100): call_user_func(Object(Closure), Object(Illuminate\Http\Request))
#45 C:\wamp64\www\memory\vendor\laravel\framework\src\Illuminate\Foundation\Http\Kernel.php(115): Illuminate\Pipeline\Pipeline->then(Object(Closure))
#46 C:\wamp64\www\memory\vendor\laravel\framework\src\Illuminate\Foundation\Http\Kernel.php(84): Illuminate\Foundation\Http\Kernel->sendRequestThroughRouter(Object(Illuminate\Http\Request))
#47 C:\wamp64\www\memory\public\index.php(103): Illuminate\Foundation\Http\Kernel->handle(Object(Illuminate\Http\Request))
#48 {main}  
[2019-05-18 14:18:24] local.ERROR: PDOException: SQLSTATE[HY093]: Invalid parameter number: parameter was not defined in C:\wamp64\www\memory\vendor\laravel\framework\src\Illuminate\Database\Connection.php:294
Stack trace:
#0 C:\wamp64\www\memory\vendor\laravel\framework\src\Illuminate\Database\Connection.php(294): PDOStatement->execute(Array)
#1 C:\wamp64\www\memory\vendor\laravel\framework\src\Illuminate\Database\Connection.php(616): Illuminate\Database\Connection->Illuminate\Database\{closure}(Object(Illuminate\Database\MySqlConnection), Object(Illuminate\Database\Query\Expression), Array)
#2 C:\wamp64\www\memory\vendor\laravel\framework\src\Illuminate\Database\Connection.php(580): Illuminate\Database\Connection->runQueryCallback(Object(Illuminate\Database\Query\Expression), Array, Object(Closure))
#3 C:\wamp64\www\memory\vendor\laravel\framework\src\Illuminate\Database\Connection.php(297): Illuminate\Database\Connection->run(Object(Illuminate\Database\Query\Expression), Array, Object(Closure))
#4 [internal function]: Illuminate\Database\Connection->select(Object(Illuminate\Database\Query\Expression), Array)
#5 C:\wamp64\www\memory\vendor\laravel\framework\src\Illuminate\Database\DatabaseManager.php(304): call_user_func_array(Array, Array)
#6 C:\wamp64\www\memory\vendor\laravel\framework\src\Illuminate\Support\Facades\Facade.php(213): Illuminate\Database\DatabaseManager->__call('select', Array)
#7 C:\wamp64\www\memory\app\Http\Controllers\GeolocController.php(834): Illuminate\Support\Facades\Facade::__callStatic('select', Array)
#8 [internal function]: App\Http\Controllers\GeolocController->getLiveData('357876082170434', 'null')
#9 C:\wamp64\www\memory\vendor\laravel\framework\src\Illuminate\Routing\Controller.php(246): call_user_func_array(Array, Array)
#10 C:\wamp64\www\memory\vendor\laravel\framework\src\Illuminate\Routing\ControllerDispatcher.php(162): Illuminate\Routing\Controller->callAction('getLiveData', Array)
#11 C:\wamp64\www\memory\vendor\laravel\framework\src\Illuminate\Routing\ControllerDispatcher.php(107): Illuminate\Routing\ControllerDispatcher->call(Object(App\Http\Controllers\GeolocController), Object(Illuminate\Routing\Route), 'getLiveData')
#12 [internal function]: Illuminate\Routing\ControllerDispatcher->Illuminate\Routing\{closure}(Object(Illuminate\Http\Request))
#13 C:\wamp64\www\memory\vendor\laravel\framework\src\Illuminate\Pipeline\Pipeline.php(141): call_user_func(Object(Closure), Object(Illuminate\Http\Request))
#14 [internal function]: Illuminate\Pipeline\Pipeline->Illuminate\Pipeline\{closure}(Object(Illuminate\Http\Request))
#15 C:\wamp64\www\memory\vendor\laravel\framework\src\Illuminate\Pipeline\Pipeline.php(100): call_user_func(Object(Closure), Object(Illuminate\Http\Request))
#16 C:\wamp64\www\memory\vendor\laravel\framework\src\Illuminate\Routing\ControllerDispatcher.php(108): Illuminate\Pipeline\Pipeline->then(Object(Closure))
#17 C:\wamp64\www\memory\vendor\laravel\framework\src\Illuminate\Routing\ControllerDispatcher.php(66): Illuminate\Routing\ControllerDispatcher->callWithinStack(Object(App\Http\Controllers\GeolocController), Object(Illuminate\Routing\Route), Object(Illuminate\Http\Request), 'getLiveData')
#18 C:\wamp64\www\memory\vendor\laravel\framework\src\Illuminate\Routing\Route.php(204): Illuminate\Routing\ControllerDispatcher->dispatch(Object(Illuminate\Routing\Route), Object(Illuminate\Http\Request), 'App\\Http\\Contro...', 'getLiveData')
#19 C:\wamp64\www\memory\vendor\laravel\framework\src\Illuminate\Routing\Route.php(134): Illuminate\Routing\Route->runWithCustomDispatcher(Object(Illuminate\Http\Request))
#20 C:\wamp64\www\memory\vendor\laravel\framework\src\Illuminate\Routing\Router.php(701): Illuminate\Routing\Route->run(Object(Illuminate\Http\Request))
#21 [internal function]: Illuminate\Routing\Router->Illuminate\Routing\{closure}(Object(Illuminate\Http\Request))
#22 C:\wamp64\www\memory\vendor\laravel\framework\src\Illuminate\Pipeline\Pipeline.php(141): call_user_func(Object(Closure), Object(Illuminate\Http\Request))
#23 C:\wamp64\www\memory\app\Http\Middleware\Authenticate.php(93): Illuminate\Pipeline\Pipeline->Illuminate\Pipeline\{closure}(Object(Illuminate\Http\Request))
#24 C:\wamp64\www\memory\vendor\laravel\framework\src\Illuminate\Pipeline\Pipeline.php(125): App\Http\Middleware\Authenticate->handle(Object(Illuminate\Http\Request), Object(Closure))
#25 [internal function]: Illuminate\Pipeline\Pipeline->Illuminate\Pipeline\{closure}(Object(Illuminate\Http\Request))
#26 C:\wamp64\www\memory\vendor\laravel\framework\src\Illuminate\Pipeline\Pipeline.php(100): call_user_func(Object(Closure), Object(Illuminate\Http\Request))
#27 C:\wamp64\www\memory\vendor\laravel\framework\src\Illuminate\Routing\Router.php(703): Illuminate\Pipeline\Pipeline->then(Object(Closure))
#28 C:\wamp64\www\memory\vendor\laravel\framework\src\Illuminate\Routing\Router.php(669): Illuminate\Routing\Router->runRouteWithinStack(Object(Illuminate\Routing\Route), Object(Illuminate\Http\Request))
#29 C:\wamp64\www\memory\vendor\laravel\framework\src\Illuminate\Routing\Router.php(628): Illuminate\Routing\Router->dispatchToRoute(Object(Illuminate\Http\Request))
#30 C:\wamp64\www\memory\vendor\laravel\framework\src\Illuminate\Foundation\Http\Kernel.php(214): Illuminate\Routing\Router->dispatch(Object(Illuminate\Http\Request))
#31 [internal function]: Illuminate\Foundation\Http\Kernel->Illuminate\Foundation\Http\{closure}(Object(Illuminate\Http\Request))
#32 C:\wamp64\www\memory\vendor\laravel\framework\src\Illuminate\Pipeline\Pipeline.php(141): call_user_func(Object(Closure), Object(Illuminate\Http\Request))
#33 C:\wamp64\www\memory\app\Http\Middleware\VerifyCsrfToken.php(67): Illuminate\Pipeline\Pipeline->Illuminate\Pipeline\{closure}(Object(Illuminate\Http\Request))
#34 C:\wamp64\www\memory\vendor\laravel\framework\src\Illuminate\Pipeline\Pipeline.php(125): App\Http\Middleware\VerifyCsrfToken->handle(Object(Illuminate\Http\Request), Object(Closure))
#35 C:\wamp64\www\memory\vendor\laravel\framework\src\Illuminate\View\Middleware\ShareErrorsFromSession.php(55): Illuminate\Pipeline\Pipeline->Illuminate\Pipeline\{closure}(Object(Illuminate\Http\Request))
#36 C:\wamp64\www\memory\vendor\laravel\framework\src\Illuminate\Pipeline\Pipeline.php(125): Illuminate\View\Middleware\ShareErrorsFromSession->handle(Object(Illuminate\Http\Request), Object(Closure))
#37 C:\wamp64\www\memory\vendor\laravel\framework\src\Illuminate\Session\Middleware\StartSession.php(61): Illuminate\Pipeline\Pipeline->Illuminate\Pipeline\{closure}(Object(Illuminate\Http\Request))
#38 C:\wamp64\www\memory\vendor\laravel\framework\src\Illuminate\Pipeline\Pipeline.php(125): Illuminate\Session\Middleware\StartSession->handle(Object(Illuminate\Http\Request), Object(Closure))
#39 C:\wamp64\www\memory\vendor\laravel\framework\src\Illuminate\Cookie\Middleware\AddQueuedCookiesToResponse.php(36): Illuminate\Pipeline\Pipeline->Illuminate\Pipeline\{closure}(Object(Illuminate\Http\Request))
#40 C:\wamp64\www\memory\vendor\laravel\framework\src\Illuminate\Pipeline\Pipeline.php(125): Illuminate\Cookie\Middleware\AddQueuedCookiesToResponse->handle(Object(Illuminate\Http\Request), Object(Closure))
#41 C:\wamp64\www\memory\vendor\laravel\framework\src\Illuminate\Cookie\Middleware\EncryptCookies.php(40): Illuminate\Pipeline\Pipeline->Illuminate\Pipeline\{closure}(Object(Illuminate\Http\Request))
#42 C:\wamp64\www\memory\vendor\laravel\framework\src\Illuminate\Pipeline\Pipeline.php(125): Illuminate\Cookie\Middleware\EncryptCookies->handle(Object(Illuminate\Http\Request), Object(Closure))
#43 C:\wamp64\www\memory\vendor\laravel\framework\src\Illuminate\Foundation\Http\Middleware\CheckForMaintenanceMode.php(42): Illuminate\Pipeline\Pipeline->Illuminate\Pipeline\{closure}(Object(Illuminate\Http\Request))
#44 C:\wamp64\www\memory\vendor\laravel\framework\src\Illuminate\Pipeline\Pipeline.php(125): Illuminate\Foundation\Http\Middleware\CheckForMaintenanceMode->handle(Object(Illuminate\Http\Request), Object(Closure))
#45 [internal function]: Illuminate\Pipeline\Pipeline->Illuminate\Pipeline\{closure}(Object(Illuminate\Http\Request))
#46 C:\wamp64\www\memory\vendor\laravel\framework\src\Illuminate\Pipeline\Pipeline.php(100): call_user_func(Object(Closure), Object(Illuminate\Http\Request))
#47 C:\wamp64\www\memory\vendor\laravel\framework\src\Illuminate\Foundation\Http\Kernel.php(115): Illuminate\Pipeline\Pipeline->then(Object(Closure))
#48 C:\wamp64\www\memory\vendor\laravel\framework\src\Illuminate\Foundation\Http\Kernel.php(84): Illuminate\Foundation\Http\Kernel->sendRequestThroughRouter(Object(Illuminate\Http\Request))
#49 C:\wamp64\www\memory\public\index.php(103): Illuminate\Foundation\Http\Kernel->handle(Object(Illuminate\Http\Request))
#50 {main}

Next Illuminate\Database\QueryException: SQLSTATE[HY093]: Invalid parameter number: parameter was not defined (SQL: select * 
                               from geolocs
                              where imei = :imei
                                and devicetime > ifnull(:devicetime, DATE_ADD(NOW(), INTERVAL -15 MINUTE))
                              order by devicetime asc) in C:\wamp64\www\memory\vendor\laravel\framework\src\Illuminate\Database\Connection.php:624
Stack trace:
#0 C:\wamp64\www\memory\vendor\laravel\framework\src\Illuminate\Database\Connection.php(580): Illuminate\Database\Connection->runQueryCallback(Object(Illuminate\Database\Query\Expression), Array, Object(Closure))
#1 C:\wamp64\www\memory\vendor\laravel\framework\src\Illuminate\Database\Connection.php(297): Illuminate\Database\Connection->run(Object(Illuminate\Database\Query\Expression), Array, Object(Closure))
#2 [internal function]: Illuminate\Database\Connection->select(Object(Illuminate\Database\Query\Expression), Array)
#3 C:\wamp64\www\memory\vendor\laravel\framework\src\Illuminate\Database\DatabaseManager.php(304): call_user_func_array(Array, Array)
#4 C:\wamp64\www\memory\vendor\laravel\framework\src\Illuminate\Support\Facades\Facade.php(213): Illuminate\Database\DatabaseManager->__call('select', Array)
#5 C:\wamp64\www\memory\app\Http\Controllers\GeolocController.php(834): Illuminate\Support\Facades\Facade::__callStatic('select', Array)
#6 [internal function]: App\Http\Controllers\GeolocController->getLiveData('357876082170434', 'null')
#7 C:\wamp64\www\memory\vendor\laravel\framework\src\Illuminate\Routing\Controller.php(246): call_user_func_array(Array, Array)
#8 C:\wamp64\www\memory\vendor\laravel\framework\src\Illuminate\Routing\ControllerDispatcher.php(162): Illuminate\Routing\Controller->callAction('getLiveData', Array)
#9 C:\wamp64\www\memory\vendor\laravel\framework\src\Illuminate\Routing\ControllerDispatcher.php(107): Illuminate\Routing\ControllerDispatcher->call(Object(App\Http\Controllers\GeolocController), Object(Illuminate\Routing\Route), 'getLiveData')
#10 [internal function]: Illuminate\Routing\ControllerDispatcher->Illuminate\Routing\{closure}(Object(Illuminate\Http\Request))
#11 C:\wamp64\www\memory\vendor\laravel\framework\src\Illuminate\Pipeline\Pipeline.php(141): call_user_func(Object(Closure), Object(Illuminate\Http\Request))
#12 [internal function]: Illuminate\Pipeline\Pipeline->Illuminate\Pipeline\{closure}(Object(Illuminate\Http\Request))
#13 C:\wamp64\www\memory\vendor\laravel\framework\src\Illuminate\Pipeline\Pipeline.php(100): call_user_func(Object(Closure), Object(Illuminate\Http\Request))
#14 C:\wamp64\www\memory\vendor\laravel\framework\src\Illuminate\Routing\ControllerDispatcher.php(108): Illuminate\Pipeline\Pipeline->then(Object(Closure))
#15 C:\wamp64\www\memory\vendor\laravel\framework\src\Illuminate\Routing\ControllerDispatcher.php(66): Illuminate\Routing\ControllerDispatcher->callWithinStack(Object(App\Http\Controllers\GeolocController), Object(Illuminate\Routing\Route), Object(Illuminate\Http\Request), 'getLiveData')
#16 C:\wamp64\www\memory\vendor\laravel\framework\src\Illuminate\Routing\Route.php(204): Illuminate\Routing\ControllerDispatcher->dispatch(Object(Illuminate\Routing\Route), Object(Illuminate\Http\Request), 'App\\Http\\Contro...', 'getLiveData')
#17 C:\wamp64\www\memory\vendor\laravel\framework\src\Illuminate\Routing\Route.php(134): Illuminate\Routing\Route->runWithCustomDispatcher(Object(Illuminate\Http\Request))
#18 C:\wamp64\www\memory\vendor\laravel\framework\src\Illuminate\Routing\Router.php(701): Illuminate\Routing\Route->run(Object(Illuminate\Http\Request))
#19 [internal function]: Illuminate\Routing\Router->Illuminate\Routing\{closure}(Object(Illuminate\Http\Request))
#20 C:\wamp64\www\memory\vendor\laravel\framework\src\Illuminate\Pipeline\Pipeline.php(141): call_user_func(Object(Closure), Object(Illuminate\Http\Request))
#21 C:\wamp64\www\memory\app\Http\Middleware\Authenticate.php(93): Illuminate\Pipeline\Pipeline->Illuminate\Pipeline\{closure}(Object(Illuminate\Http\Request))
#22 C:\wamp64\www\memory\vendor\laravel\framework\src\Illuminate\Pipeline\Pipeline.php(125): App\Http\Middleware\Authenticate->handle(Object(Illuminate\Http\Request), Object(Closure))
#23 [internal function]: Illuminate\Pipeline\Pipeline->Illuminate\Pipeline\{closure}(Object(Illuminate\Http\Request))
#24 C:\wamp64\www\memory\vendor\laravel\framework\src\Illuminate\Pipeline\Pipeline.php(100): call_user_func(Object(Closure), Object(Illuminate\Http\Request))
#25 C:\wamp64\www\memory\vendor\laravel\framework\src\Illuminate\Routing\Router.php(703): Illuminate\Pipeline\Pipeline->then(Object(Closure))
#26 C:\wamp64\www\memory\vendor\laravel\framework\src\Illuminate\Routing\Router.php(669): Illuminate\Routing\Router->runRouteWithinStack(Object(Illuminate\Routing\Route), Object(Illuminate\Http\Request))
#27 C:\wamp64\www\memory\vendor\laravel\framework\src\Illuminate\Routing\Router.php(628): Illuminate\Routing\Router->dispatchToRoute(Object(Illuminate\Http\Request))
#28 C:\wamp64\www\memory\vendor\laravel\framework\src\Illuminate\Foundation\Http\Kernel.php(214): Illuminate\Routing\Router->dispatch(Object(Illuminate\Http\Request))
#29 [internal function]: Illuminate\Foundation\Http\Kernel->Illuminate\Foundation\Http\{closure}(Object(Illuminate\Http\Request))
#30 C:\wamp64\www\memory\vendor\laravel\framework\src\Illuminate\Pipeline\Pipeline.php(141): call_user_func(Object(Closure), Object(Illuminate\Http\Request))
#31 C:\wamp64\www\memory\app\Http\Middleware\VerifyCsrfToken.php(67): Illuminate\Pipeline\Pipeline->Illuminate\Pipeline\{closure}(Object(Illuminate\Http\Request))
#32 C:\wamp64\www\memory\vendor\laravel\framework\src\Illuminate\Pipeline\Pipeline.php(125): App\Http\Middleware\VerifyCsrfToken->handle(Object(Illuminate\Http\Request), Object(Closure))
#33 C:\wamp64\www\memory\vendor\laravel\framework\src\Illuminate\View\Middleware\ShareErrorsFromSession.php(55): Illuminate\Pipeline\Pipeline->Illuminate\Pipeline\{closure}(Object(Illuminate\Http\Request))
#34 C:\wamp64\www\memory\vendor\laravel\framework\src\Illuminate\Pipeline\Pipeline.php(125): Illuminate\View\Middleware\ShareErrorsFromSession->handle(Object(Illuminate\Http\Request), Object(Closure))
#35 C:\wamp64\www\memory\vendor\laravel\framework\src\Illuminate\Session\Middleware\StartSession.php(61): Illuminate\Pipeline\Pipeline->Illuminate\Pipeline\{closure}(Object(Illuminate\Http\Request))
#36 C:\wamp64\www\memory\vendor\laravel\framework\src\Illuminate\Pipeline\Pipeline.php(125): Illuminate\Session\Middleware\StartSession->handle(Object(Illuminate\Http\Request), Object(Closure))
#37 C:\wamp64\www\memory\vendor\laravel\framework\src\Illuminate\Cookie\Middleware\AddQueuedCookiesToResponse.php(36): Illuminate\Pipeline\Pipeline->Illuminate\Pipeline\{closure}(Object(Illuminate\Http\Request))
#38 C:\wamp64\www\memory\vendor\laravel\framework\src\Illuminate\Pipeline\Pipeline.php(125): Illuminate\Cookie\Middleware\AddQueuedCookiesToResponse->handle(Object(Illuminate\Http\Request), Object(Closure))
#39 C:\wamp64\www\memory\vendor\laravel\framework\src\Illuminate\Cookie\Middleware\EncryptCookies.php(40): Illuminate\Pipeline\Pipeline->Illuminate\Pipeline\{closure}(Object(Illuminate\Http\Request))
#40 C:\wamp64\www\memory\vendor\laravel\framework\src\Illuminate\Pipeline\Pipeline.php(125): Illuminate\Cookie\Middleware\EncryptCookies->handle(Object(Illuminate\Http\Request), Object(Closure))
#41 C:\wamp64\www\memory\vendor\laravel\framework\src\Illuminate\Foundation\Http\Middleware\CheckForMaintenanceMode.php(42): Illuminate\Pipeline\Pipeline->Illuminate\Pipeline\{closure}(Object(Illuminate\Http\Request))
#42 C:\wamp64\www\memory\vendor\laravel\framework\src\Illuminate\Pipeline\Pipeline.php(125): Illuminate\Foundation\Http\Middleware\CheckForMaintenanceMode->handle(Object(Illuminate\Http\Request), Object(Closure))
#43 [internal function]: Illuminate\Pipeline\Pipeline->Illuminate\Pipeline\{closure}(Object(Illuminate\Http\Request))
#44 C:\wamp64\www\memory\vendor\laravel\framework\src\Illuminate\Pipeline\Pipeline.php(100): call_user_func(Object(Closure), Object(Illuminate\Http\Request))
#45 C:\wamp64\www\memory\vendor\laravel\framework\src\Illuminate\Foundation\Http\Kernel.php(115): Illuminate\Pipeline\Pipeline->then(Object(Closure))
#46 C:\wamp64\www\memory\vendor\laravel\framework\src\Illuminate\Foundation\Http\Kernel.php(84): Illuminate\Foundation\Http\Kernel->sendRequestThroughRouter(Object(Illuminate\Http\Request))
#47 C:\wamp64\www\memory\public\index.php(103): Illuminate\Foundation\Http\Kernel->handle(Object(Illuminate\Http\Request))
#48 {main}  
[2019-05-18 14:18:34] local.ERROR: PDOException: SQLSTATE[HY093]: Invalid parameter number: parameter was not defined in C:\wamp64\www\memory\vendor\laravel\framework\src\Illuminate\Database\Connection.php:294
Stack trace:
#0 C:\wamp64\www\memory\vendor\laravel\framework\src\Illuminate\Database\Connection.php(294): PDOStatement->execute(Array)
#1 C:\wamp64\www\memory\vendor\laravel\framework\src\Illuminate\Database\Connection.php(616): Illuminate\Database\Connection->Illuminate\Database\{closure}(Object(Illuminate\Database\MySqlConnection), Object(Illuminate\Database\Query\Expression), Array)
#2 C:\wamp64\www\memory\vendor\laravel\framework\src\Illuminate\Database\Connection.php(580): Illuminate\Database\Connection->runQueryCallback(Object(Illuminate\Database\Query\Expression), Array, Object(Closure))
#3 C:\wamp64\www\memory\vendor\laravel\framework\src\Illuminate\Database\Connection.php(297): Illuminate\Database\Connection->run(Object(Illuminate\Database\Query\Expression), Array, Object(Closure))
#4 [internal function]: Illuminate\Database\Connection->select(Object(Illuminate\Database\Query\Expression), Array)
#5 C:\wamp64\www\memory\vendor\laravel\framework\src\Illuminate\Database\DatabaseManager.php(304): call_user_func_array(Array, Array)
#6 C:\wamp64\www\memory\vendor\laravel\framework\src\Illuminate\Support\Facades\Facade.php(213): Illuminate\Database\DatabaseManager->__call('select', Array)
#7 C:\wamp64\www\memory\app\Http\Controllers\GeolocController.php(834): Illuminate\Support\Facades\Facade::__callStatic('select', Array)
#8 [internal function]: App\Http\Controllers\GeolocController->getLiveData('357876082170434', '2017-05-17')
#9 C:\wamp64\www\memory\vendor\laravel\framework\src\Illuminate\Routing\Controller.php(246): call_user_func_array(Array, Array)
#10 C:\wamp64\www\memory\vendor\laravel\framework\src\Illuminate\Routing\ControllerDispatcher.php(162): Illuminate\Routing\Controller->callAction('getLiveData', Array)
#11 C:\wamp64\www\memory\vendor\laravel\framework\src\Illuminate\Routing\ControllerDispatcher.php(107): Illuminate\Routing\ControllerDispatcher->call(Object(App\Http\Controllers\GeolocController), Object(Illuminate\Routing\Route), 'getLiveData')
#12 [internal function]: Illuminate\Routing\ControllerDispatcher->Illuminate\Routing\{closure}(Object(Illuminate\Http\Request))
#13 C:\wamp64\www\memory\vendor\laravel\framework\src\Illuminate\Pipeline\Pipeline.php(141): call_user_func(Object(Closure), Object(Illuminate\Http\Request))
#14 [internal function]: Illuminate\Pipeline\Pipeline->Illuminate\Pipeline\{closure}(Object(Illuminate\Http\Request))
#15 C:\wamp64\www\memory\vendor\laravel\framework\src\Illuminate\Pipeline\Pipeline.php(100): call_user_func(Object(Closure), Object(Illuminate\Http\Request))
#16 C:\wamp64\www\memory\vendor\laravel\framework\src\Illuminate\Routing\ControllerDispatcher.php(108): Illuminate\Pipeline\Pipeline->then(Object(Closure))
#17 C:\wamp64\www\memory\vendor\laravel\framework\src\Illuminate\Routing\ControllerDispatcher.php(66): Illuminate\Routing\ControllerDispatcher->callWithinStack(Object(App\Http\Controllers\GeolocController), Object(Illuminate\Routing\Route), Object(Illuminate\Http\Request), 'getLiveData')
#18 C:\wamp64\www\memory\vendor\laravel\framework\src\Illuminate\Routing\Route.php(204): Illuminate\Routing\ControllerDispatcher->dispatch(Object(Illuminate\Routing\Route), Object(Illuminate\Http\Request), 'App\\Http\\Contro...', 'getLiveData')
#19 C:\wamp64\www\memory\vendor\laravel\framework\src\Illuminate\Routing\Route.php(134): Illuminate\Routing\Route->runWithCustomDispatcher(Object(Illuminate\Http\Request))
#20 C:\wamp64\www\memory\vendor\laravel\framework\src\Illuminate\Routing\Router.php(701): Illuminate\Routing\Route->run(Object(Illuminate\Http\Request))
#21 [internal function]: Illuminate\Routing\Router->Illuminate\Routing\{closure}(Object(Illuminate\Http\Request))
#22 C:\wamp64\www\memory\vendor\laravel\framework\src\Illuminate\Pipeline\Pipeline.php(141): call_user_func(Object(Closure), Object(Illuminate\Http\Request))
#23 C:\wamp64\www\memory\app\Http\Middleware\Authenticate.php(93): Illuminate\Pipeline\Pipeline->Illuminate\Pipeline\{closure}(Object(Illuminate\Http\Request))
#24 C:\wamp64\www\memory\vendor\laravel\framework\src\Illuminate\Pipeline\Pipeline.php(125): App\Http\Middleware\Authenticate->handle(Object(Illuminate\Http\Request), Object(Closure))
#25 [internal function]: Illuminate\Pipeline\Pipeline->Illuminate\Pipeline\{closure}(Object(Illuminate\Http\Request))
#26 C:\wamp64\www\memory\vendor\laravel\framework\src\Illuminate\Pipeline\Pipeline.php(100): call_user_func(Object(Closure), Object(Illuminate\Http\Request))
#27 C:\wamp64\www\memory\vendor\laravel\framework\src\Illuminate\Routing\Router.php(703): Illuminate\Pipeline\Pipeline->then(Object(Closure))
#28 C:\wamp64\www\memory\vendor\laravel\framework\src\Illuminate\Routing\Router.php(669): Illuminate\Routing\Router->runRouteWithinStack(Object(Illuminate\Routing\Route), Object(Illuminate\Http\Request))
#29 C:\wamp64\www\memory\vendor\laravel\framework\src\Illuminate\Routing\Router.php(628): Illuminate\Routing\Router->dispatchToRoute(Object(Illuminate\Http\Request))
#30 C:\wamp64\www\memory\vendor\laravel\framework\src\Illuminate\Foundation\Http\Kernel.php(214): Illuminate\Routing\Router->dispatch(Object(Illuminate\Http\Request))
#31 [internal function]: Illuminate\Foundation\Http\Kernel->Illuminate\Foundation\Http\{closure}(Object(Illuminate\Http\Request))
#32 C:\wamp64\www\memory\vendor\laravel\framework\src\Illuminate\Pipeline\Pipeline.php(141): call_user_func(Object(Closure), Object(Illuminate\Http\Request))
#33 C:\wamp64\www\memory\app\Http\Middleware\VerifyCsrfToken.php(67): Illuminate\Pipeline\Pipeline->Illuminate\Pipeline\{closure}(Object(Illuminate\Http\Request))
#34 C:\wamp64\www\memory\vendor\laravel\framework\src\Illuminate\Pipeline\Pipeline.php(125): App\Http\Middleware\VerifyCsrfToken->handle(Object(Illuminate\Http\Request), Object(Closure))
#35 C:\wamp64\www\memory\vendor\laravel\framework\src\Illuminate\View\Middleware\ShareErrorsFromSession.php(55): Illuminate\Pipeline\Pipeline->Illuminate\Pipeline\{closure}(Object(Illuminate\Http\Request))
#36 C:\wamp64\www\memory\vendor\laravel\framework\src\Illuminate\Pipeline\Pipeline.php(125): Illuminate\View\Middleware\ShareErrorsFromSession->handle(Object(Illuminate\Http\Request), Object(Closure))
#37 C:\wamp64\www\memory\vendor\laravel\framework\src\Illuminate\Session\Middleware\StartSession.php(61): Illuminate\Pipeline\Pipeline->Illuminate\Pipeline\{closure}(Object(Illuminate\Http\Request))
#38 C:\wamp64\www\memory\vendor\laravel\framework\src\Illuminate\Pipeline\Pipeline.php(125): Illuminate\Session\Middleware\StartSession->handle(Object(Illuminate\Http\Request), Object(Closure))
#39 C:\wamp64\www\memory\vendor\laravel\framework\src\Illuminate\Cookie\Middleware\AddQueuedCookiesToResponse.php(36): Illuminate\Pipeline\Pipeline->Illuminate\Pipeline\{closure}(Object(Illuminate\Http\Request))
#40 C:\wamp64\www\memory\vendor\laravel\framework\src\Illuminate\Pipeline\Pipeline.php(125): Illuminate\Cookie\Middleware\AddQueuedCookiesToResponse->handle(Object(Illuminate\Http\Request), Object(Closure))
#41 C:\wamp64\www\memory\vendor\laravel\framework\src\Illuminate\Cookie\Middleware\EncryptCookies.php(40): Illuminate\Pipeline\Pipeline->Illuminate\Pipeline\{closure}(Object(Illuminate\Http\Request))
#42 C:\wamp64\www\memory\vendor\laravel\framework\src\Illuminate\Pipeline\Pipeline.php(125): Illuminate\Cookie\Middleware\EncryptCookies->handle(Object(Illuminate\Http\Request), Object(Closure))
#43 C:\wamp64\www\memory\vendor\laravel\framework\src\Illuminate\Foundation\Http\Middleware\CheckForMaintenanceMode.php(42): Illuminate\Pipeline\Pipeline->Illuminate\Pipeline\{closure}(Object(Illuminate\Http\Request))
#44 C:\wamp64\www\memory\vendor\laravel\framework\src\Illuminate\Pipeline\Pipeline.php(125): Illuminate\Foundation\Http\Middleware\CheckForMaintenanceMode->handle(Object(Illuminate\Http\Request), Object(Closure))
#45 [internal function]: Illuminate\Pipeline\Pipeline->Illuminate\Pipeline\{closure}(Object(Illuminate\Http\Request))
#46 C:\wamp64\www\memory\vendor\laravel\framework\src\Illuminate\Pipeline\Pipeline.php(100): call_user_func(Object(Closure), Object(Illuminate\Http\Request))
#47 C:\wamp64\www\memory\vendor\laravel\framework\src\Illuminate\Foundation\Http\Kernel.php(115): Illuminate\Pipeline\Pipeline->then(Object(Closure))
#48 C:\wamp64\www\memory\vendor\laravel\framework\src\Illuminate\Foundation\Http\Kernel.php(84): Illuminate\Foundation\Http\Kernel->sendRequestThroughRouter(Object(Illuminate\Http\Request))
#49 C:\wamp64\www\memory\public\index.php(103): Illuminate\Foundation\Http\Kernel->handle(Object(Illuminate\Http\Request))
#50 {main}

Next Illuminate\Database\QueryException: SQLSTATE[HY093]: Invalid parameter number: parameter was not defined (SQL: select * 
                               from geolocs
                              where imei = :imei
                                and devicetime > ifnull(:devicetime, DATE_ADD(NOW(), INTERVAL -15 MINUTE))
                              order by devicetime asc) in C:\wamp64\www\memory\vendor\laravel\framework\src\Illuminate\Database\Connection.php:624
Stack trace:
#0 C:\wamp64\www\memory\vendor\laravel\framework\src\Illuminate\Database\Connection.php(580): Illuminate\Database\Connection->runQueryCallback(Object(Illuminate\Database\Query\Expression), Array, Object(Closure))
#1 C:\wamp64\www\memory\vendor\laravel\framework\src\Illuminate\Database\Connection.php(297): Illuminate\Database\Connection->run(Object(Illuminate\Database\Query\Expression), Array, Object(Closure))
#2 [internal function]: Illuminate\Database\Connection->select(Object(Illuminate\Database\Query\Expression), Array)
#3 C:\wamp64\www\memory\vendor\laravel\framework\src\Illuminate\Database\DatabaseManager.php(304): call_user_func_array(Array, Array)
#4 C:\wamp64\www\memory\vendor\laravel\framework\src\Illuminate\Support\Facades\Facade.php(213): Illuminate\Database\DatabaseManager->__call('select', Array)
#5 C:\wamp64\www\memory\app\Http\Controllers\GeolocController.php(834): Illuminate\Support\Facades\Facade::__callStatic('select', Array)
#6 [internal function]: App\Http\Controllers\GeolocController->getLiveData('357876082170434', '2017-05-17')
#7 C:\wamp64\www\memory\vendor\laravel\framework\src\Illuminate\Routing\Controller.php(246): call_user_func_array(Array, Array)
#8 C:\wamp64\www\memory\vendor\laravel\framework\src\Illuminate\Routing\ControllerDispatcher.php(162): Illuminate\Routing\Controller->callAction('getLiveData', Array)
#9 C:\wamp64\www\memory\vendor\laravel\framework\src\Illuminate\Routing\ControllerDispatcher.php(107): Illuminate\Routing\ControllerDispatcher->call(Object(App\Http\Controllers\GeolocController), Object(Illuminate\Routing\Route), 'getLiveData')
#10 [internal function]: Illuminate\Routing\ControllerDispatcher->Illuminate\Routing\{closure}(Object(Illuminate\Http\Request))
#11 C:\wamp64\www\memory\vendor\laravel\framework\src\Illuminate\Pipeline\Pipeline.php(141): call_user_func(Object(Closure), Object(Illuminate\Http\Request))
#12 [internal function]: Illuminate\Pipeline\Pipeline->Illuminate\Pipeline\{closure}(Object(Illuminate\Http\Request))
#13 C:\wamp64\www\memory\vendor\laravel\framework\src\Illuminate\Pipeline\Pipeline.php(100): call_user_func(Object(Closure), Object(Illuminate\Http\Request))
#14 C:\wamp64\www\memory\vendor\laravel\framework\src\Illuminate\Routing\ControllerDispatcher.php(108): Illuminate\Pipeline\Pipeline->then(Object(Closure))
#15 C:\wamp64\www\memory\vendor\laravel\framework\src\Illuminate\Routing\ControllerDispatcher.php(66): Illuminate\Routing\ControllerDispatcher->callWithinStack(Object(App\Http\Controllers\GeolocController), Object(Illuminate\Routing\Route), Object(Illuminate\Http\Request), 'getLiveData')
#16 C:\wamp64\www\memory\vendor\laravel\framework\src\Illuminate\Routing\Route.php(204): Illuminate\Routing\ControllerDispatcher->dispatch(Object(Illuminate\Routing\Route), Object(Illuminate\Http\Request), 'App\\Http\\Contro...', 'getLiveData')
#17 C:\wamp64\www\memory\vendor\laravel\framework\src\Illuminate\Routing\Route.php(134): Illuminate\Routing\Route->runWithCustomDispatcher(Object(Illuminate\Http\Request))
#18 C:\wamp64\www\memory\vendor\laravel\framework\src\Illuminate\Routing\Router.php(701): Illuminate\Routing\Route->run(Object(Illuminate\Http\Request))
#19 [internal function]: Illuminate\Routing\Router->Illuminate\Routing\{closure}(Object(Illuminate\Http\Request))
#20 C:\wamp64\www\memory\vendor\laravel\framework\src\Illuminate\Pipeline\Pipeline.php(141): call_user_func(Object(Closure), Object(Illuminate\Http\Request))
#21 C:\wamp64\www\memory\app\Http\Middleware\Authenticate.php(93): Illuminate\Pipeline\Pipeline->Illuminate\Pipeline\{closure}(Object(Illuminate\Http\Request))
#22 C:\wamp64\www\memory\vendor\laravel\framework\src\Illuminate\Pipeline\Pipeline.php(125): App\Http\Middleware\Authenticate->handle(Object(Illuminate\Http\Request), Object(Closure))
#23 [internal function]: Illuminate\Pipeline\Pipeline->Illuminate\Pipeline\{closure}(Object(Illuminate\Http\Request))
#24 C:\wamp64\www\memory\vendor\laravel\framework\src\Illuminate\Pipeline\Pipeline.php(100): call_user_func(Object(Closure), Object(Illuminate\Http\Request))
#25 C:\wamp64\www\memory\vendor\laravel\framework\src\Illuminate\Routing\Router.php(703): Illuminate\Pipeline\Pipeline->then(Object(Closure))
#26 C:\wamp64\www\memory\vendor\laravel\framework\src\Illuminate\Routing\Router.php(669): Illuminate\Routing\Router->runRouteWithinStack(Object(Illuminate\Routing\Route), Object(Illuminate\Http\Request))
#27 C:\wamp64\www\memory\vendor\laravel\framework\src\Illuminate\Routing\Router.php(628): Illuminate\Routing\Router->dispatchToRoute(Object(Illuminate\Http\Request))
#28 C:\wamp64\www\memory\vendor\laravel\framework\src\Illuminate\Foundation\Http\Kernel.php(214): Illuminate\Routing\Router->dispatch(Object(Illuminate\Http\Request))
#29 [internal function]: Illuminate\Foundation\Http\Kernel->Illuminate\Foundation\Http\{closure}(Object(Illuminate\Http\Request))
#30 C:\wamp64\www\memory\vendor\laravel\framework\src\Illuminate\Pipeline\Pipeline.php(141): call_user_func(Object(Closure), Object(Illuminate\Http\Request))
#31 C:\wamp64\www\memory\app\Http\Middleware\VerifyCsrfToken.php(67): Illuminate\Pipeline\Pipeline->Illuminate\Pipeline\{closure}(Object(Illuminate\Http\Request))
#32 C:\wamp64\www\memory\vendor\laravel\framework\src\Illuminate\Pipeline\Pipeline.php(125): App\Http\Middleware\VerifyCsrfToken->handle(Object(Illuminate\Http\Request), Object(Closure))
#33 C:\wamp64\www\memory\vendor\laravel\framework\src\Illuminate\View\Middleware\ShareErrorsFromSession.php(55): Illuminate\Pipeline\Pipeline->Illuminate\Pipeline\{closure}(Object(Illuminate\Http\Request))
#34 C:\wamp64\www\memory\vendor\laravel\framework\src\Illuminate\Pipeline\Pipeline.php(125): Illuminate\View\Middleware\ShareErrorsFromSession->handle(Object(Illuminate\Http\Request), Object(Closure))
#35 C:\wamp64\www\memory\vendor\laravel\framework\src\Illuminate\Session\Middleware\StartSession.php(61): Illuminate\Pipeline\Pipeline->Illuminate\Pipeline\{closure}(Object(Illuminate\Http\Request))
#36 C:\wamp64\www\memory\vendor\laravel\framework\src\Illuminate\Pipeline\Pipeline.php(125): Illuminate\Session\Middleware\StartSession->handle(Object(Illuminate\Http\Request), Object(Closure))
#37 C:\wamp64\www\memory\vendor\laravel\framework\src\Illuminate\Cookie\Middleware\AddQueuedCookiesToResponse.php(36): Illuminate\Pipeline\Pipeline->Illuminate\Pipeline\{closure}(Object(Illuminate\Http\Request))
#38 C:\wamp64\www\memory\vendor\laravel\framework\src\Illuminate\Pipeline\Pipeline.php(125): Illuminate\Cookie\Middleware\AddQueuedCookiesToResponse->handle(Object(Illuminate\Http\Request), Object(Closure))
#39 C:\wamp64\www\memory\vendor\laravel\framework\src\Illuminate\Cookie\Middleware\EncryptCookies.php(40): Illuminate\Pipeline\Pipeline->Illuminate\Pipeline\{closure}(Object(Illuminate\Http\Request))
#40 C:\wamp64\www\memory\vendor\laravel\framework\src\Illuminate\Pipeline\Pipeline.php(125): Illuminate\Cookie\Middleware\EncryptCookies->handle(Object(Illuminate\Http\Request), Object(Closure))
#41 C:\wamp64\www\memory\vendor\laravel\framework\src\Illuminate\Foundation\Http\Middleware\CheckForMaintenanceMode.php(42): Illuminate\Pipeline\Pipeline->Illuminate\Pipeline\{closure}(Object(Illuminate\Http\Request))
#42 C:\wamp64\www\memory\vendor\laravel\framework\src\Illuminate\Pipeline\Pipeline.php(125): Illuminate\Foundation\Http\Middleware\CheckForMaintenanceMode->handle(Object(Illuminate\Http\Request), Object(Closure))
#43 [internal function]: Illuminate\Pipeline\Pipeline->Illuminate\Pipeline\{closure}(Object(Illuminate\Http\Request))
#44 C:\wamp64\www\memory\vendor\laravel\framework\src\Illuminate\Pipeline\Pipeline.php(100): call_user_func(Object(Closure), Object(Illuminate\Http\Request))
#45 C:\wamp64\www\memory\vendor\laravel\framework\src\Illuminate\Foundation\Http\Kernel.php(115): Illuminate\Pipeline\Pipeline->then(Object(Closure))
#46 C:\wamp64\www\memory\vendor\laravel\framework\src\Illuminate\Foundation\Http\Kernel.php(84): Illuminate\Foundation\Http\Kernel->sendRequestThroughRouter(Object(Illuminate\Http\Request))
#47 C:\wamp64\www\memory\public\index.php(103): Illuminate\Foundation\Http\Kernel->handle(Object(Illuminate\Http\Request))
#48 {main}  
[2019-05-18 14:20:35] local.ERROR: Symfony\Component\Debug\Exception\FatalErrorException: Uncaught TypeError: Argument 1 passed to App\Exceptions\Handler::report() must be an instance of Exception, instance of Error given, called in C:\wamp64\www\memory\vendor\laravel\framework\src\Illuminate\Foundation\Bootstrap\HandleExceptions.php on line 73 and defined in C:\wamp64\www\memory\app\Exceptions\Handler.php:49
Stack trace:
#0 C:\wamp64\www\memory\vendor\laravel\framework\src\Illuminate\Foundation\Bootstrap\HandleExceptions.php(73): App\Exceptions\Handler->report(Object(Error))
#1 [internal function]: Illuminate\Foundation\Bootstrap\HandleExceptions->handleException(Object(Error))
#2 {main}
  thrown in C:\wamp64\www\memory\app\Exceptions\Handler.php:49
Stack trace:
#0 C:\wamp64\www\memory\vendor\laravel\framework\src\Illuminate\Foundation\Bootstrap\HandleExceptions.php(130): Symfony\Component\Debug\Exception\FatalErrorException->__construct()
#1 C:\wamp64\www\memory\vendor\laravel\framework\src\Illuminate\Foundation\Bootstrap\HandleExceptions.php(116): Illuminate\Foundation\Bootstrap\HandleExceptions->fatalExceptionFromError()
#2 C:\wamp64\www\memory\vendor\laravel\framework\src\Illuminate\Foundation\Bootstrap\HandleExceptions.php(0): Illuminate\Foundation\Bootstrap\HandleExceptions->handleShutdown()
#3 {main}  
[2019-05-18 14:21:00] local.ERROR: Symfony\Component\Debug\Exception\FatalErrorException: Uncaught TypeError: Argument 1 passed to App\Exceptions\Handler::report() must be an instance of Exception, instance of Error given, called in C:\wamp64\www\memory\vendor\laravel\framework\src\Illuminate\Foundation\Bootstrap\HandleExceptions.php on line 73 and defined in C:\wamp64\www\memory\app\Exceptions\Handler.php:49
Stack trace:
#0 C:\wamp64\www\memory\vendor\laravel\framework\src\Illuminate\Foundation\Bootstrap\HandleExceptions.php(73): App\Exceptions\Handler->report(Object(Error))
#1 [internal function]: Illuminate\Foundation\Bootstrap\HandleExceptions->handleException(Object(Error))
#2 {main}
  thrown in C:\wamp64\www\memory\app\Exceptions\Handler.php:49
Stack trace:
#0 C:\wamp64\www\memory\vendor\laravel\framework\src\Illuminate\Foundation\Bootstrap\HandleExceptions.php(130): Symfony\Component\Debug\Exception\FatalErrorException->__construct()
#1 C:\wamp64\www\memory\vendor\laravel\framework\src\Illuminate\Foundation\Bootstrap\HandleExceptions.php(116): Illuminate\Foundation\Bootstrap\HandleExceptions->fatalExceptionFromError()
#2 C:\wamp64\www\memory\vendor\laravel\framework\src\Illuminate\Foundation\Bootstrap\HandleExceptions.php(0): Illuminate\Foundation\Bootstrap\HandleExceptions->handleShutdown()
#3 {main}  
[2019-05-18 14:21:39] local.ERROR: Symfony\Component\Debug\Exception\FatalErrorException: Uncaught TypeError: Argument 1 passed to App\Exceptions\Handler::report() must be an instance of Exception, instance of Error given, called in C:\wamp64\www\memory\vendor\laravel\framework\src\Illuminate\Foundation\Bootstrap\HandleExceptions.php on line 73 and defined in C:\wamp64\www\memory\app\Exceptions\Handler.php:49
Stack trace:
#0 C:\wamp64\www\memory\vendor\laravel\framework\src\Illuminate\Foundation\Bootstrap\HandleExceptions.php(73): App\Exceptions\Handler->report(Object(Error))
#1 [internal function]: Illuminate\Foundation\Bootstrap\HandleExceptions->handleException(Object(Error))
#2 {main}
  thrown in C:\wamp64\www\memory\app\Exceptions\Handler.php:49
Stack trace:
#0 C:\wamp64\www\memory\vendor\laravel\framework\src\Illuminate\Foundation\Bootstrap\HandleExceptions.php(130): Symfony\Component\Debug\Exception\FatalErrorException->__construct()
#1 C:\wamp64\www\memory\vendor\laravel\framework\src\Illuminate\Foundation\Bootstrap\HandleExceptions.php(116): Illuminate\Foundation\Bootstrap\HandleExceptions->fatalExceptionFromError()
#2 C:\wamp64\www\memory\vendor\laravel\framework\src\Illuminate\Foundation\Bootstrap\HandleExceptions.php(0): Illuminate\Foundation\Bootstrap\HandleExceptions->handleShutdown()
#3 {main}  
[2019-05-18 14:23:22] local.ERROR: Symfony\Component\Debug\Exception\FatalErrorException: Uncaught TypeError: Argument 1 passed to App\Exceptions\Handler::report() must be an instance of Exception, instance of Error given, called in C:\wamp64\www\memory\vendor\laravel\framework\src\Illuminate\Foundation\Bootstrap\HandleExceptions.php on line 73 and defined in C:\wamp64\www\memory\app\Exceptions\Handler.php:49
Stack trace:
#0 C:\wamp64\www\memory\vendor\laravel\framework\src\Illuminate\Foundation\Bootstrap\HandleExceptions.php(73): App\Exceptions\Handler->report(Object(Error))
#1 [internal function]: Illuminate\Foundation\Bootstrap\HandleExceptions->handleException(Object(Error))
#2 {main}
  thrown in C:\wamp64\www\memory\app\Exceptions\Handler.php:49
Stack trace:
#0 C:\wamp64\www\memory\vendor\laravel\framework\src\Illuminate\Foundation\Bootstrap\HandleExceptions.php(130): Symfony\Component\Debug\Exception\FatalErrorException->__construct()
#1 C:\wamp64\www\memory\vendor\laravel\framework\src\Illuminate\Foundation\Bootstrap\HandleExceptions.php(116): Illuminate\Foundation\Bootstrap\HandleExceptions->fatalExceptionFromError()
#2 C:\wamp64\www\memory\vendor\laravel\framework\src\Illuminate\Foundation\Bootstrap\HandleExceptions.php(0): Illuminate\Foundation\Bootstrap\HandleExceptions->handleShutdown()
#3 {main}  
[2019-05-18 14:26:09] local.ERROR: Symfony\Component\Debug\Exception\FatalErrorException: Uncaught TypeError: Argument 1 passed to App\Exceptions\Handler::report() must be an instance of Exception, instance of Error given, called in C:\wamp64\www\memory\vendor\laravel\framework\src\Illuminate\Foundation\Bootstrap\HandleExceptions.php on line 73 and defined in C:\wamp64\www\memory\app\Exceptions\Handler.php:49
Stack trace:
#0 C:\wamp64\www\memory\vendor\laravel\framework\src\Illuminate\Foundation\Bootstrap\HandleExceptions.php(73): App\Exceptions\Handler->report(Object(Error))
#1 [internal function]: Illuminate\Foundation\Bootstrap\HandleExceptions->handleException(Object(Error))
#2 {main}
  thrown in C:\wamp64\www\memory\app\Exceptions\Handler.php:49
Stack trace:
#0 C:\wamp64\www\memory\vendor\laravel\framework\src\Illuminate\Foundation\Bootstrap\HandleExceptions.php(130): Symfony\Component\Debug\Exception\FatalErrorException->__construct()
#1 C:\wamp64\www\memory\vendor\laravel\framework\src\Illuminate\Foundation\Bootstrap\HandleExceptions.php(116): Illuminate\Foundation\Bootstrap\HandleExceptions->fatalExceptionFromError()
#2 C:\wamp64\www\memory\vendor\laravel\framework\src\Illuminate\Foundation\Bootstrap\HandleExceptions.php(0): Illuminate\Foundation\Bootstrap\HandleExceptions->handleShutdown()
#3 {main}  
[2019-05-18 14:27:11] local.ERROR: Symfony\Component\Debug\Exception\FatalErrorException: Uncaught TypeError: Argument 1 passed to App\Exceptions\Handler::report() must be an instance of Exception, instance of Error given, called in C:\wamp64\www\memory\vendor\laravel\framework\src\Illuminate\Foundation\Bootstrap\HandleExceptions.php on line 73 and defined in C:\wamp64\www\memory\app\Exceptions\Handler.php:49
Stack trace:
#0 C:\wamp64\www\memory\vendor\laravel\framework\src\Illuminate\Foundation\Bootstrap\HandleExceptions.php(73): App\Exceptions\Handler->report(Object(Error))
#1 [internal function]: Illuminate\Foundation\Bootstrap\HandleExceptions->handleException(Object(Error))
#2 {main}
  thrown in C:\wamp64\www\memory\app\Exceptions\Handler.php:49
Stack trace:
#0 C:\wamp64\www\memory\vendor\laravel\framework\src\Illuminate\Foundation\Bootstrap\HandleExceptions.php(130): Symfony\Component\Debug\Exception\FatalErrorException->__construct()
#1 C:\wamp64\www\memory\vendor\laravel\framework\src\Illuminate\Foundation\Bootstrap\HandleExceptions.php(116): Illuminate\Foundation\Bootstrap\HandleExceptions->fatalExceptionFromError()
#2 C:\wamp64\www\memory\vendor\laravel\framework\src\Illuminate\Foundation\Bootstrap\HandleExceptions.php(0): Illuminate\Foundation\Bootstrap\HandleExceptions->handleShutdown()
#3 {main}  
[2019-05-18 14:29:12] local.ERROR: Symfony\Component\Debug\Exception\FatalErrorException: Uncaught TypeError: Argument 1 passed to App\Exceptions\Handler::report() must be an instance of Exception, instance of Error given, called in C:\wamp64\www\memory\vendor\laravel\framework\src\Illuminate\Foundation\Bootstrap\HandleExceptions.php on line 73 and defined in C:\wamp64\www\memory\app\Exceptions\Handler.php:49
Stack trace:
#0 C:\wamp64\www\memory\vendor\laravel\framework\src\Illuminate\Foundation\Bootstrap\HandleExceptions.php(73): App\Exceptions\Handler->report(Object(Error))
#1 [internal function]: Illuminate\Foundation\Bootstrap\HandleExceptions->handleException(Object(Error))
#2 {main}
  thrown in C:\wamp64\www\memory\app\Exceptions\Handler.php:49
Stack trace:
#0 C:\wamp64\www\memory\vendor\laravel\framework\src\Illuminate\Foundation\Bootstrap\HandleExceptions.php(130): Symfony\Component\Debug\Exception\FatalErrorException->__construct()
#1 C:\wamp64\www\memory\vendor\laravel\framework\src\Illuminate\Foundation\Bootstrap\HandleExceptions.php(116): Illuminate\Foundation\Bootstrap\HandleExceptions->fatalExceptionFromError()
#2 C:\wamp64\www\memory\vendor\laravel\framework\src\Illuminate\Foundation\Bootstrap\HandleExceptions.php(0): Illuminate\Foundation\Bootstrap\HandleExceptions->handleShutdown()
#3 {main}  
[2019-05-18 14:29:53] local.ERROR: Symfony\Component\Debug\Exception\FatalErrorException: Uncaught TypeError: Argument 1 passed to App\Exceptions\Handler::report() must be an instance of Exception, instance of Error given, called in C:\wamp64\www\memory\vendor\laravel\framework\src\Illuminate\Foundation\Bootstrap\HandleExceptions.php on line 73 and defined in C:\wamp64\www\memory\app\Exceptions\Handler.php:49
Stack trace:
#0 C:\wamp64\www\memory\vendor\laravel\framework\src\Illuminate\Foundation\Bootstrap\HandleExceptions.php(73): App\Exceptions\Handler->report(Object(Error))
#1 [internal function]: Illuminate\Foundation\Bootstrap\HandleExceptions->handleException(Object(Error))
#2 {main}
  thrown in C:\wamp64\www\memory\app\Exceptions\Handler.php:49
Stack trace:
#0 C:\wamp64\www\memory\vendor\laravel\framework\src\Illuminate\Foundation\Bootstrap\HandleExceptions.php(130): Symfony\Component\Debug\Exception\FatalErrorException->__construct()
#1 C:\wamp64\www\memory\vendor\laravel\framework\src\Illuminate\Foundation\Bootstrap\HandleExceptions.php(116): Illuminate\Foundation\Bootstrap\HandleExceptions->fatalExceptionFromError()
#2 C:\wamp64\www\memory\vendor\laravel\framework\src\Illuminate\Foundation\Bootstrap\HandleExceptions.php(0): Illuminate\Foundation\Bootstrap\HandleExceptions->handleShutdown()
#3 {main}  
[2019-05-18 14:30:29] local.ERROR: Symfony\Component\Debug\Exception\FatalErrorException: Uncaught TypeError: Argument 1 passed to App\Exceptions\Handler::report() must be an instance of Exception, instance of Error given, called in C:\wamp64\www\memory\vendor\laravel\framework\src\Illuminate\Foundation\Bootstrap\HandleExceptions.php on line 73 and defined in C:\wamp64\www\memory\app\Exceptions\Handler.php:49
Stack trace:
#0 C:\wamp64\www\memory\vendor\laravel\framework\src\Illuminate\Foundation\Bootstrap\HandleExceptions.php(73): App\Exceptions\Handler->report(Object(Error))
#1 [internal function]: Illuminate\Foundation\Bootstrap\HandleExceptions->handleException(Object(Error))
#2 {main}
  thrown in C:\wamp64\www\memory\app\Exceptions\Handler.php:49
Stack trace:
#0 C:\wamp64\www\memory\vendor\laravel\framework\src\Illuminate\Foundation\Bootstrap\HandleExceptions.php(130): Symfony\Component\Debug\Exception\FatalErrorException->__construct()
#1 C:\wamp64\www\memory\vendor\laravel\framework\src\Illuminate\Foundation\Bootstrap\HandleExceptions.php(116): Illuminate\Foundation\Bootstrap\HandleExceptions->fatalExceptionFromError()
#2 C:\wamp64\www\memory\vendor\laravel\framework\src\Illuminate\Foundation\Bootstrap\HandleExceptions.php(0): Illuminate\Foundation\Bootstrap\HandleExceptions->handleShutdown()
#3 {main}  
[2019-05-18 14:34:50] local.ERROR: Symfony\Component\Debug\Exception\FatalErrorException: Uncaught TypeError: Argument 1 passed to App\Exceptions\Handler::report() must be an instance of Exception, instance of Error given, called in C:\wamp64\www\memory\vendor\laravel\framework\src\Illuminate\Foundation\Bootstrap\HandleExceptions.php on line 73 and defined in C:\wamp64\www\memory\app\Exceptions\Handler.php:49
Stack trace:
#0 C:\wamp64\www\memory\vendor\laravel\framework\src\Illuminate\Foundation\Bootstrap\HandleExceptions.php(73): App\Exceptions\Handler->report(Object(Error))
#1 [internal function]: Illuminate\Foundation\Bootstrap\HandleExceptions->handleException(Object(Error))
#2 {main}
  thrown in C:\wamp64\www\memory\app\Exceptions\Handler.php:49
Stack trace:
#0 C:\wamp64\www\memory\vendor\laravel\framework\src\Illuminate\Foundation\Bootstrap\HandleExceptions.php(130): Symfony\Component\Debug\Exception\FatalErrorException->__construct()
#1 C:\wamp64\www\memory\vendor\laravel\framework\src\Illuminate\Foundation\Bootstrap\HandleExceptions.php(116): Illuminate\Foundation\Bootstrap\HandleExceptions->fatalExceptionFromError()
#2 C:\wamp64\www\memory\vendor\laravel\framework\src\Illuminate\Foundation\Bootstrap\HandleExceptions.php(0): Illuminate\Foundation\Bootstrap\HandleExceptions->handleShutdown()
#3 {main}  
[2019-05-18 14:35:10] local.ERROR: Symfony\Component\Debug\Exception\FatalErrorException: Uncaught TypeError: Argument 1 passed to App\Exceptions\Handler::report() must be an instance of Exception, instance of Error given, called in C:\wamp64\www\memory\vendor\laravel\framework\src\Illuminate\Foundation\Bootstrap\HandleExceptions.php on line 73 and defined in C:\wamp64\www\memory\app\Exceptions\Handler.php:49
Stack trace:
#0 C:\wamp64\www\memory\vendor\laravel\framework\src\Illuminate\Foundation\Bootstrap\HandleExceptions.php(73): App\Exceptions\Handler->report(Object(Error))
#1 [internal function]: Illuminate\Foundation\Bootstrap\HandleExceptions->handleException(Object(Error))
#2 {main}
  thrown in C:\wamp64\www\memory\app\Exceptions\Handler.php:49
Stack trace:
#0 C:\wamp64\www\memory\vendor\laravel\framework\src\Illuminate\Foundation\Bootstrap\HandleExceptions.php(130): Symfony\Component\Debug\Exception\FatalErrorException->__construct()
#1 C:\wamp64\www\memory\vendor\laravel\framework\src\Illuminate\Foundation\Bootstrap\HandleExceptions.php(116): Illuminate\Foundation\Bootstrap\HandleExceptions->fatalExceptionFromError()
#2 C:\wamp64\www\memory\vendor\laravel\framework\src\Illuminate\Foundation\Bootstrap\HandleExceptions.php(0): Illuminate\Foundation\Bootstrap\HandleExceptions->handleShutdown()
#3 {main}  
[2019-05-18 14:37:16] local.ERROR: ErrorException: Trying to get property 'id' of non-object in C:\wamp64\www\memory\app\Http\Controllers\GeolocController.php:823
Stack trace:
#0 C:\wamp64\www\memory\app\Http\Controllers\GeolocController.php(823): Illuminate\Foundation\Bootstrap\HandleExceptions->handleError(8, 'Trying to get p...', 'C:\\wamp64\\www\\m...', 823, Array)
#1 [internal function]: App\Http\Controllers\GeolocController->getLiveData()
#2 C:\wamp64\www\memory\vendor\laravel\framework\src\Illuminate\Routing\Controller.php(246): call_user_func_array(Array, Array)
#3 C:\wamp64\www\memory\vendor\laravel\framework\src\Illuminate\Routing\ControllerDispatcher.php(162): Illuminate\Routing\Controller->callAction('getLiveData', Array)
#4 C:\wamp64\www\memory\vendor\laravel\framework\src\Illuminate\Routing\ControllerDispatcher.php(107): Illuminate\Routing\ControllerDispatcher->call(Object(App\Http\Controllers\GeolocController), Object(Illuminate\Routing\Route), 'getLiveData')
#5 [internal function]: Illuminate\Routing\ControllerDispatcher->Illuminate\Routing\{closure}(Object(Illuminate\Http\Request))
#6 C:\wamp64\www\memory\vendor\laravel\framework\src\Illuminate\Pipeline\Pipeline.php(141): call_user_func(Object(Closure), Object(Illuminate\Http\Request))
#7 [internal function]: Illuminate\Pipeline\Pipeline->Illuminate\Pipeline\{closure}(Object(Illuminate\Http\Request))
#8 C:\wamp64\www\memory\vendor\laravel\framework\src\Illuminate\Pipeline\Pipeline.php(100): call_user_func(Object(Closure), Object(Illuminate\Http\Request))
#9 C:\wamp64\www\memory\vendor\laravel\framework\src\Illuminate\Routing\ControllerDispatcher.php(108): Illuminate\Pipeline\Pipeline->then(Object(Closure))
#10 C:\wamp64\www\memory\vendor\laravel\framework\src\Illuminate\Routing\ControllerDispatcher.php(66): Illuminate\Routing\ControllerDispatcher->callWithinStack(Object(App\Http\Controllers\GeolocController), Object(Illuminate\Routing\Route), Object(Illuminate\Http\Request), 'getLiveData')
#11 C:\wamp64\www\memory\vendor\laravel\framework\src\Illuminate\Routing\Route.php(204): Illuminate\Routing\ControllerDispatcher->dispatch(Object(Illuminate\Routing\Route), Object(Illuminate\Http\Request), 'App\\Http\\Contro...', 'getLiveData')
#12 C:\wamp64\www\memory\vendor\laravel\framework\src\Illuminate\Routing\Route.php(134): Illuminate\Routing\Route->runWithCustomDispatcher(Object(Illuminate\Http\Request))
#13 C:\wamp64\www\memory\vendor\laravel\framework\src\Illuminate\Routing\Router.php(701): Illuminate\Routing\Route->run(Object(Illuminate\Http\Request))
#14 [internal function]: Illuminate\Routing\Router->Illuminate\Routing\{closure}(Object(Illuminate\Http\Request))
#15 C:\wamp64\www\memory\vendor\laravel\framework\src\Illuminate\Pipeline\Pipeline.php(141): call_user_func(Object(Closure), Object(Illuminate\Http\Request))
#16 [internal function]: Illuminate\Pipeline\Pipeline->Illuminate\Pipeline\{closure}(Object(Illuminate\Http\Request))
#17 C:\wamp64\www\memory\vendor\laravel\framework\src\Illuminate\Pipeline\Pipeline.php(100): call_user_func(Object(Closure), Object(Illuminate\Http\Request))
#18 C:\wamp64\www\memory\vendor\laravel\framework\src\Illuminate\Routing\Router.php(703): Illuminate\Pipeline\Pipeline->then(Object(Closure))
#19 C:\wamp64\www\memory\vendor\laravel\framework\src\Illuminate\Routing\Router.php(669): Illuminate\Routing\Router->runRouteWithinStack(Object(Illuminate\Routing\Route), Object(Illuminate\Http\Request))
#20 C:\wamp64\www\memory\vendor\laravel\framework\src\Illuminate\Routing\Router.php(628): Illuminate\Routing\Router->dispatchToRoute(Object(Illuminate\Http\Request))
#21 C:\wamp64\www\memory\vendor\laravel\framework\src\Illuminate\Foundation\Http\Kernel.php(214): Illuminate\Routing\Router->dispatch(Object(Illuminate\Http\Request))
#22 [internal function]: Illuminate\Foundation\Http\Kernel->Illuminate\Foundation\Http\{closure}(Object(Illuminate\Http\Request))
#23 C:\wamp64\www\memory\vendor\laravel\framework\src\Illuminate\Pipeline\Pipeline.php(141): call_user_func(Object(Closure), Object(Illuminate\Http\Request))
#24 C:\wamp64\www\memory\app\Http\Middleware\VerifyCsrfToken.php(63): Illuminate\Pipeline\Pipeline->Illuminate\Pipeline\{closure}(Object(Illuminate\Http\Request))
#25 C:\wamp64\www\memory\vendor\laravel\framework\src\Illuminate\Pipeline\Pipeline.php(125): App\Http\Middleware\VerifyCsrfToken->handle(Object(Illuminate\Http\Request), Object(Closure))
#26 C:\wamp64\www\memory\vendor\laravel\framework\src\Illuminate\View\Middleware\ShareErrorsFromSession.php(55): Illuminate\Pipeline\Pipeline->Illuminate\Pipeline\{closure}(Object(Illuminate\Http\Request))
#27 C:\wamp64\www\memory\vendor\laravel\framework\src\Illuminate\Pipeline\Pipeline.php(125): Illuminate\View\Middleware\ShareErrorsFromSession->handle(Object(Illuminate\Http\Request), Object(Closure))
#28 C:\wamp64\www\memory\vendor\laravel\framework\src\Illuminate\Session\Middleware\StartSession.php(61): Illuminate\Pipeline\Pipeline->Illuminate\Pipeline\{closure}(Object(Illuminate\Http\Request))
#29 C:\wamp64\www\memory\vendor\laravel\framework\src\Illuminate\Pipeline\Pipeline.php(125): Illuminate\Session\Middleware\StartSession->handle(Object(Illuminate\Http\Request), Object(Closure))
#30 C:\wamp64\www\memory\vendor\laravel\framework\src\Illuminate\Cookie\Middleware\AddQueuedCookiesToResponse.php(36): Illuminate\Pipeline\Pipeline->Illuminate\Pipeline\{closure}(Object(Illuminate\Http\Request))
#31 C:\wamp64\www\memory\vendor\laravel\framework\src\Illuminate\Pipeline\Pipeline.php(125): Illuminate\Cookie\Middleware\AddQueuedCookiesToResponse->handle(Object(Illuminate\Http\Request), Object(Closure))
#32 C:\wamp64\www\memory\vendor\laravel\framework\src\Illuminate\Cookie\Middleware\EncryptCookies.php(40): Illuminate\Pipeline\Pipeline->Illuminate\Pipeline\{closure}(Object(Illuminate\Http\Request))
#33 C:\wamp64\www\memory\vendor\laravel\framework\src\Illuminate\Pipeline\Pipeline.php(125): Illuminate\Cookie\Middleware\EncryptCookies->handle(Object(Illuminate\Http\Request), Object(Closure))
#34 C:\wamp64\www\memory\vendor\laravel\framework\src\Illuminate\Foundation\Http\Middleware\CheckForMaintenanceMode.php(42): Illuminate\Pipeline\Pipeline->Illuminate\Pipeline\{closure}(Object(Illuminate\Http\Request))
#35 C:\wamp64\www\memory\vendor\laravel\framework\src\Illuminate\Pipeline\Pipeline.php(125): Illuminate\Foundation\Http\Middleware\CheckForMaintenanceMode->handle(Object(Illuminate\Http\Request), Object(Closure))
#36 [internal function]: Illuminate\Pipeline\Pipeline->Illuminate\Pipeline\{closure}(Object(Illuminate\Http\Request))
#37 C:\wamp64\www\memory\vendor\laravel\framework\src\Illuminate\Pipeline\Pipeline.php(100): call_user_func(Object(Closure), Object(Illuminate\Http\Request))
#38 C:\wamp64\www\memory\vendor\laravel\framework\src\Illuminate\Foundation\Http\Kernel.php(115): Illuminate\Pipeline\Pipeline->then(Object(Closure))
#39 C:\wamp64\www\memory\vendor\laravel\framework\src\Illuminate\Foundation\Http\Kernel.php(84): Illuminate\Foundation\Http\Kernel->sendRequestThroughRouter(Object(Illuminate\Http\Request))
#40 C:\wamp64\www\memory\public\index.php(103): Illuminate\Foundation\Http\Kernel->handle(Object(Illuminate\Http\Request))
#41 {main}  
