[2018-06-03 17:22:09] local.ERROR: exception 'Symfony\Component\Debug\Exception\FatalErrorException' with message 'Maximum execution time of 120 seconds exceeded' in C:\wamp64\www\memory\vendor\laravel\framework\src\Illuminate\Filesystem\Filesystem.php:34
Stack trace:
#0 C:\wamp64\www\memory\vendor\laravel\framework\src\Illuminate\Foundation\Bootstrap\HandleExceptions.php(131): Symfony\Component\Debug\Exception\FatalErrorException->__construct()
#1 C:\wamp64\www\memory\vendor\laravel\framework\src\Illuminate\Foundation\Bootstrap\HandleExceptions.php(116): Illuminate\Foundation\Bootstrap\HandleExceptions->fatalExceptionFromError()
#2 C:\wamp64\www\memory\vendor\laravel\framework\src\Illuminate\Foundation\Bootstrap\HandleExceptions.php(0): Illuminate\Foundation\Bootstrap\HandleExceptions->handleShutdown()
#3 C:\wamp64\www\memory\vendor\laravel\framework\src\Illuminate\Session\FileSessionHandler.php(59): Illuminate\Filesystem\Filesystem->get()
#4 C:\wamp64\www\memory\vendor\laravel\framework\src\Illuminate\Session\Store.php(119): Illuminate\Session\FileSessionHandler->read()
#5 C:\wamp64\www\memory\vendor\laravel\framework\src\Illuminate\Session\Store.php(102): Illuminate\Session\Store->readFromHandler()
#6 C:\wamp64\www\memory\vendor\laravel\framework\src\Illuminate\Session\Store.php(88): Illuminate\Session\Store->loadSession()
#7 C:\wamp64\www\memory\vendor\laravel\framework\src\Illuminate\Session\Middleware\StartSession.php(103): Illuminate\Session\Store->start()
#8 C:\wamp64\www\memory\vendor\laravel\framework\src\Illuminate\Session\Middleware\StartSession.php(56): Illuminate\Session\Middleware\StartSession->startSession()
#9 C:\wamp64\www\memory\vendor\laravel\framework\src\Illuminate\Pipeline\Pipeline.php(125): Illuminate\Session\Middleware\StartSession->handle()
#10 C:\wamp64\www\memory\vendor\laravel\framework\src\Illuminate\Cookie\Middleware\AddQueuedCookiesToResponse.php(36): Illuminate\Pipeline\Pipeline->Illuminate\Pipeline\{closure}()
#11 C:\wamp64\www\memory\vendor\laravel\framework\src\Illuminate\Pipeline\Pipeline.php(125): Illuminate\Cookie\Middleware\AddQueuedCookiesToResponse->handle()
#12 C:\wamp64\www\memory\vendor\laravel\framework\src\Illuminate\Cookie\Middleware\EncryptCookies.php(40): Illuminate\Pipeline\Pipeline->Illuminate\Pipeline\{closure}()
#13 C:\wamp64\www\memory\vendor\laravel\framework\src\Illuminate\Pipeline\Pipeline.php(125): Illuminate\Cookie\Middleware\EncryptCookies->handle()
#14 C:\wamp64\www\memory\vendor\laravel\framework\src\Illuminate\Foundation\Http\Middleware\CheckForMaintenanceMode.php(42): Illuminate\Pipeline\Pipeline->Illuminate\Pipeline\{closure}()
#15 C:\wamp64\www\memory\vendor\laravel\framework\src\Illuminate\Pipeline\Pipeline.php(125): Illuminate\Foundation\Http\Middleware\CheckForMaintenanceMode->handle()
#16 C:\wamp64\www\memory\vendor\laravel\framework\src\Illuminate\Pipeline\Pipeline.php(101): Illuminate\Pipeline\Pipeline->Illuminate\Pipeline\{closure}()
#17 C:\wamp64\www\memory\vendor\laravel\framework\src\Illuminate\Pipeline\Pipeline.php(101): call_user_func:{C:\wamp64\www\memory\vendor\laravel\framework\src\Illuminate\Pipeline\Pipeline.php:101}()
#18 C:\wamp64\www\memory\vendor\laravel\framework\src\Illuminate\Foundation\Http\Kernel.php(115): Illuminate\Pipeline\Pipeline->then()
#19 C:\wamp64\www\memory\vendor\laravel\framework\src\Illuminate\Foundation\Http\Kernel.php(84): Illuminate\Foundation\Http\Kernel->sendRequestThroughRouter()
#20 C:\wamp64\www\memory\public\index.php(105): Illuminate\Foundation\Http\Kernel->handle()
#21 C:\wamp64\www\memory\public\index.php(0): {main}()
#22 {main}  
[2018-06-03 18:03:14] local.ERROR: exception 'Symfony\Component\Debug\Exception\FatalErrorException' with message 'Class 'App\Http\Middleware\TokenMismatchException' not found' in C:\wamp64\www\memory\app\Http\Middleware\VerifyCsrfToken.php:71
Stack trace:
#0 C:\wamp64\www\memory\vendor\laravel\framework\src\Illuminate\Foundation\Bootstrap\HandleExceptions.php(131): Symfony\Component\Debug\Exception\FatalErrorException->__construct()
#1 C:\wamp64\www\memory\vendor\laravel\framework\src\Illuminate\Foundation\Bootstrap\HandleExceptions.php(116): Illuminate\Foundation\Bootstrap\HandleExceptions->fatalExceptionFromError()
#2 C:\wamp64\www\memory\vendor\laravel\framework\src\Illuminate\Foundation\Bootstrap\HandleExceptions.php(0): Illuminate\Foundation\Bootstrap\HandleExceptions->handleShutdown()
#3 C:\wamp64\www\memory\vendor\laravel\framework\src\Illuminate\Pipeline\Pipeline.php(125): App\Http\Middleware\VerifyCsrfToken->handle()
#4 C:\wamp64\www\memory\vendor\laravel\framework\src\Illuminate\View\Middleware\ShareErrorsFromSession.php(55): Illuminate\Pipeline\Pipeline->Illuminate\Pipeline\{closure}()
#5 C:\wamp64\www\memory\vendor\laravel\framework\src\Illuminate\Pipeline\Pipeline.php(125): Illuminate\View\Middleware\ShareErrorsFromSession->handle()
#6 C:\wamp64\www\memory\vendor\laravel\framework\src\Illuminate\Session\Middleware\StartSession.php(61): Illuminate\Pipeline\Pipeline->Illuminate\Pipeline\{closure}()
#7 C:\wamp64\www\memory\vendor\laravel\framework\src\Illuminate\Pipeline\Pipeline.php(125): Illuminate\Session\Middleware\StartSession->handle()
#8 C:\wamp64\www\memory\vendor\laravel\framework\src\Illuminate\Cookie\Middleware\AddQueuedCookiesToResponse.php(36): Illuminate\Pipeline\Pipeline->Illuminate\Pipeline\{closure}()
#9 C:\wamp64\www\memory\vendor\laravel\framework\src\Illuminate\Pipeline\Pipeline.php(125): Illuminate\Cookie\Middleware\AddQueuedCookiesToResponse->handle()
#10 C:\wamp64\www\memory\vendor\laravel\framework\src\Illuminate\Cookie\Middleware\EncryptCookies.php(40): Illuminate\Pipeline\Pipeline->Illuminate\Pipeline\{closure}()
#11 C:\wamp64\www\memory\vendor\laravel\framework\src\Illuminate\Pipeline\Pipeline.php(125): Illuminate\Cookie\Middleware\EncryptCookies->handle()
#12 C:\wamp64\www\memory\vendor\laravel\framework\src\Illuminate\Foundation\Http\Middleware\CheckForMaintenanceMode.php(42): Illuminate\Pipeline\Pipeline->Illuminate\Pipeline\{closure}()
#13 C:\wamp64\www\memory\vendor\laravel\framework\src\Illuminate\Pipeline\Pipeline.php(125): Illuminate\Foundation\Http\Middleware\CheckForMaintenanceMode->handle()
#14 C:\wamp64\www\memory\vendor\laravel\framework\src\Illuminate\Pipeline\Pipeline.php(101): Illuminate\Pipeline\Pipeline->Illuminate\Pipeline\{closure}()
#15 C:\wamp64\www\memory\vendor\laravel\framework\src\Illuminate\Pipeline\Pipeline.php(101): call_user_func:{C:\wamp64\www\memory\vendor\laravel\framework\src\Illuminate\Pipeline\Pipeline.php:101}()
#16 C:\wamp64\www\memory\vendor\laravel\framework\src\Illuminate\Foundation\Http\Kernel.php(115): Illuminate\Pipeline\Pipeline->then()
#17 C:\wamp64\www\memory\vendor\laravel\framework\src\Illuminate\Foundation\Http\Kernel.php(84): Illuminate\Foundation\Http\Kernel->sendRequestThroughRouter()
#18 C:\wamp64\www\memory\public\index.php(105): Illuminate\Foundation\Http\Kernel->handle()
#19 C:\wamp64\www\memory\public\index.php(0): {main}()
#20 {main}  
[2018-06-03 18:15:09] production.ERROR: exception 'PDOException' with message 'SQLSTATE[HY000] [1045] Access denied for user ''@'localhost' (using password: NO)' in C:\wamp64\www\memory\vendor\laravel\framework\src\Illuminate\Database\Connectors\Connector.php:47
Stack trace:
#0 C:\wamp64\www\memory\vendor\laravel\framework\src\Illuminate\Database\Connectors\Connector.php(47): PDO->__construct('mysql:host=;dbn...', NULL, NULL, Array)
#1 C:\wamp64\www\memory\vendor\laravel\framework\src\Illuminate\Database\Connectors\MySqlConnector.php(20): Illuminate\Database\Connectors\Connector->createConnection('mysql:host=;dbn...', Array, Array)
#2 C:\wamp64\www\memory\vendor\laravel\framework\src\Illuminate\Database\Connectors\ConnectionFactory.php(58): Illuminate\Database\Connectors\MySqlConnector->connect(Array)
#3 C:\wamp64\www\memory\vendor\laravel\framework\src\Illuminate\Database\Connectors\ConnectionFactory.php(47): Illuminate\Database\Connectors\ConnectionFactory->createSingleConnection(Array)
#4 C:\wamp64\www\memory\vendor\laravel\framework\src\Illuminate\Database\DatabaseManager.php(177): Illuminate\Database\Connectors\ConnectionFactory->make(Array, 'mysql')
#5 C:\wamp64\www\memory\vendor\laravel\framework\src\Illuminate\Database\DatabaseManager.php(65): Illuminate\Database\DatabaseManager->makeConnection('mysql')
#6 C:\wamp64\www\memory\vendor\laravel\framework\src\Illuminate\Database\Eloquent\Model.php(3146): Illuminate\Database\DatabaseManager->connection(NULL)
#7 C:\wamp64\www\memory\vendor\laravel\framework\src\Illuminate\Database\Eloquent\Model.php(3112): Illuminate\Database\Eloquent\Model::resolveConnection(NULL)
#8 C:\wamp64\www\memory\vendor\laravel\framework\src\Illuminate\Database\Eloquent\Model.php(1887): Illuminate\Database\Eloquent\Model->getConnection()
#9 C:\wamp64\www\memory\vendor\laravel\framework\src\Illuminate\Database\Eloquent\Model.php(1828): Illuminate\Database\Eloquent\Model->newBaseQueryBuilder()
#10 C:\wamp64\www\memory\vendor\laravel\framework\src\Illuminate\Database\Eloquent\Model.php(1802): Illuminate\Database\Eloquent\Model->newQueryWithoutScopes()
#11 C:\wamp64\www\memory\vendor\laravel\framework\src\Illuminate\Auth\EloquentUserProvider.php(44): Illuminate\Database\Eloquent\Model->newQuery()
#12 C:\wamp64\www\memory\vendor\laravel\framework\src\Illuminate\Auth\Guard.php(148): Illuminate\Auth\EloquentUserProvider->retrieveById(53)
#13 C:\wamp64\www\memory\vendor\laravel\framework\src\Illuminate\Auth\Guard.php(109): Illuminate\Auth\Guard->user()
#14 C:\wamp64\www\memory\vendor\laravel\framework\src\Illuminate\Auth\Guard.php(119): Illuminate\Auth\Guard->check()
#15 C:\wamp64\www\memory\app\Http\Middleware\Authenticate.php(69): Illuminate\Auth\Guard->guest()
#16 C:\wamp64\www\memory\vendor\laravel\framework\src\Illuminate\Pipeline\Pipeline.php(125): App\Http\Middleware\Authenticate->handle(Object(Illuminate\Http\Request), Object(Closure))
#17 [internal function]: Illuminate\Pipeline\Pipeline->Illuminate\Pipeline\{closure}(Object(Illuminate\Http\Request))
#18 C:\wamp64\www\memory\vendor\laravel\framework\src\Illuminate\Pipeline\Pipeline.php(101): call_user_func(Object(Closure), Object(Illuminate\Http\Request))
#19 C:\wamp64\www\memory\vendor\laravel\framework\src\Illuminate\Routing\Router.php(703): Illuminate\Pipeline\Pipeline->then(Object(Closure))
#20 C:\wamp64\www\memory\vendor\laravel\framework\src\Illuminate\Routing\Router.php(670): Illuminate\Routing\Router->runRouteWithinStack(Object(Illuminate\Routing\Route), Object(Illuminate\Http\Request))
#21 C:\wamp64\www\memory\vendor\laravel\framework\src\Illuminate\Routing\Router.php(628): Illuminate\Routing\Router->dispatchToRoute(Object(Illuminate\Http\Request))
#22 C:\wamp64\www\memory\vendor\laravel\framework\src\Illuminate\Foundation\Http\Kernel.php(214): Illuminate\Routing\Router->dispatch(Object(Illuminate\Http\Request))
#23 [internal function]: Illuminate\Foundation\Http\Kernel->Illuminate\Foundation\Http\{closure}(Object(Illuminate\Http\Request))
#24 C:\wamp64\www\memory\vendor\laravel\framework\src\Illuminate\Pipeline\Pipeline.php(141): call_user_func(Object(Closure), Object(Illuminate\Http\Request))
#25 C:\wamp64\www\memory\app\Http\Middleware\VerifyCsrfToken.php(65): Illuminate\Pipeline\Pipeline->Illuminate\Pipeline\{closure}(Object(Illuminate\Http\Request))
#26 C:\wamp64\www\memory\vendor\laravel\framework\src\Illuminate\Pipeline\Pipeline.php(125): App\Http\Middleware\VerifyCsrfToken->handle(Object(Illuminate\Http\Request), Object(Closure))
#27 C:\wamp64\www\memory\vendor\laravel\framework\src\Illuminate\View\Middleware\ShareErrorsFromSession.php(55): Illuminate\Pipeline\Pipeline->Illuminate\Pipeline\{closure}(Object(Illuminate\Http\Request))
#28 C:\wamp64\www\memory\vendor\laravel\framework\src\Illuminate\Pipeline\Pipeline.php(125): Illuminate\View\Middleware\ShareErrorsFromSession->handle(Object(Illuminate\Http\Request), Object(Closure))
#29 C:\wamp64\www\memory\vendor\laravel\framework\src\Illuminate\Session\Middleware\StartSession.php(61): Illuminate\Pipeline\Pipeline->Illuminate\Pipeline\{closure}(Object(Illuminate\Http\Request))
#30 C:\wamp64\www\memory\vendor\laravel\framework\src\Illuminate\Pipeline\Pipeline.php(125): Illuminate\Session\Middleware\StartSession->handle(Object(Illuminate\Http\Request), Object(Closure))
#31 C:\wamp64\www\memory\vendor\laravel\framework\src\Illuminate\Cookie\Middleware\AddQueuedCookiesToResponse.php(36): Illuminate\Pipeline\Pipeline->Illuminate\Pipeline\{closure}(Object(Illuminate\Http\Request))
#32 C:\wamp64\www\memory\vendor\laravel\framework\src\Illuminate\Pipeline\Pipeline.php(125): Illuminate\Cookie\Middleware\AddQueuedCookiesToResponse->handle(Object(Illuminate\Http\Request), Object(Closure))
#33 C:\wamp64\www\memory\vendor\laravel\framework\src\Illuminate\Cookie\Middleware\EncryptCookies.php(40): Illuminate\Pipeline\Pipeline->Illuminate\Pipeline\{closure}(Object(Illuminate\Http\Request))
#34 C:\wamp64\www\memory\vendor\laravel\framework\src\Illuminate\Pipeline\Pipeline.php(125): Illuminate\Cookie\Middleware\EncryptCookies->handle(Object(Illuminate\Http\Request), Object(Closure))
#35 C:\wamp64\www\memory\vendor\laravel\framework\src\Illuminate\Foundation\Http\Middleware\CheckForMaintenanceMode.php(42): Illuminate\Pipeline\Pipeline->Illuminate\Pipeline\{closure}(Object(Illuminate\Http\Request))
#36 C:\wamp64\www\memory\vendor\laravel\framework\src\Illuminate\Pipeline\Pipeline.php(125): Illuminate\Foundation\Http\Middleware\CheckForMaintenanceMode->handle(Object(Illuminate\Http\Request), Object(Closure))
#37 [internal function]: Illuminate\Pipeline\Pipeline->Illuminate\Pipeline\{closure}(Object(Illuminate\Http\Request))
#38 C:\wamp64\www\memory\vendor\laravel\framework\src\Illuminate\Pipeline\Pipeline.php(101): call_user_func(Object(Closure), Object(Illuminate\Http\Request))
#39 C:\wamp64\www\memory\vendor\laravel\framework\src\Illuminate\Foundation\Http\Kernel.php(115): Illuminate\Pipeline\Pipeline->then(Object(Closure))
#40 C:\wamp64\www\memory\vendor\laravel\framework\src\Illuminate\Foundation\Http\Kernel.php(84): Illuminate\Foundation\Http\Kernel->sendRequestThroughRouter(Object(Illuminate\Http\Request))
#41 C:\wamp64\www\memory\public\index.php(105): Illuminate\Foundation\Http\Kernel->handle(Object(Illuminate\Http\Request))
#42 {main}  
[2018-06-03 18:17:35] local.ERROR: exception 'Symfony\Component\Debug\Exception\FatalErrorException' with message 'Maximum execution time of 120 seconds exceeded' in C:\wamp64\www\memory\vendor\laravel\framework\src\Illuminate\Filesystem\Filesystem.php:34
Stack trace:
#0 C:\wamp64\www\memory\vendor\laravel\framework\src\Illuminate\Foundation\Bootstrap\HandleExceptions.php(131): Symfony\Component\Debug\Exception\FatalErrorException->__construct()
#1 C:\wamp64\www\memory\vendor\laravel\framework\src\Illuminate\Foundation\Bootstrap\HandleExceptions.php(116): Illuminate\Foundation\Bootstrap\HandleExceptions->fatalExceptionFromError()
#2 C:\wamp64\www\memory\vendor\laravel\framework\src\Illuminate\Foundation\Bootstrap\HandleExceptions.php(0): Illuminate\Foundation\Bootstrap\HandleExceptions->handleShutdown()
#3 C:\wamp64\www\memory\vendor\laravel\framework\src\Illuminate\Session\FileSessionHandler.php(59): Illuminate\Filesystem\Filesystem->get()
#4 C:\wamp64\www\memory\vendor\laravel\framework\src\Illuminate\Session\Store.php(119): Illuminate\Session\FileSessionHandler->read()
#5 C:\wamp64\www\memory\vendor\laravel\framework\src\Illuminate\Session\Store.php(102): Illuminate\Session\Store->readFromHandler()
#6 C:\wamp64\www\memory\vendor\laravel\framework\src\Illuminate\Session\Store.php(88): Illuminate\Session\Store->loadSession()
#7 C:\wamp64\www\memory\vendor\laravel\framework\src\Illuminate\Session\Middleware\StartSession.php(103): Illuminate\Session\Store->start()
#8 C:\wamp64\www\memory\vendor\laravel\framework\src\Illuminate\Session\Middleware\StartSession.php(56): Illuminate\Session\Middleware\StartSession->startSession()
#9 C:\wamp64\www\memory\vendor\laravel\framework\src\Illuminate\Pipeline\Pipeline.php(125): Illuminate\Session\Middleware\StartSession->handle()
#10 C:\wamp64\www\memory\vendor\laravel\framework\src\Illuminate\Cookie\Middleware\AddQueuedCookiesToResponse.php(36): Illuminate\Pipeline\Pipeline->Illuminate\Pipeline\{closure}()
#11 C:\wamp64\www\memory\vendor\laravel\framework\src\Illuminate\Pipeline\Pipeline.php(125): Illuminate\Cookie\Middleware\AddQueuedCookiesToResponse->handle()
#12 C:\wamp64\www\memory\vendor\laravel\framework\src\Illuminate\Cookie\Middleware\EncryptCookies.php(40): Illuminate\Pipeline\Pipeline->Illuminate\Pipeline\{closure}()
#13 C:\wamp64\www\memory\vendor\laravel\framework\src\Illuminate\Pipeline\Pipeline.php(125): Illuminate\Cookie\Middleware\EncryptCookies->handle()
#14 C:\wamp64\www\memory\vendor\laravel\framework\src\Illuminate\Foundation\Http\Middleware\CheckForMaintenanceMode.php(42): Illuminate\Pipeline\Pipeline->Illuminate\Pipeline\{closure}()
#15 C:\wamp64\www\memory\vendor\laravel\framework\src\Illuminate\Pipeline\Pipeline.php(125): Illuminate\Foundation\Http\Middleware\CheckForMaintenanceMode->handle()
#16 C:\wamp64\www\memory\vendor\laravel\framework\src\Illuminate\Pipeline\Pipeline.php(101): Illuminate\Pipeline\Pipeline->Illuminate\Pipeline\{closure}()
#17 C:\wamp64\www\memory\vendor\laravel\framework\src\Illuminate\Pipeline\Pipeline.php(101): call_user_func:{C:\wamp64\www\memory\vendor\laravel\framework\src\Illuminate\Pipeline\Pipeline.php:101}()
#18 C:\wamp64\www\memory\vendor\laravel\framework\src\Illuminate\Foundation\Http\Kernel.php(115): Illuminate\Pipeline\Pipeline->then()
#19 C:\wamp64\www\memory\vendor\laravel\framework\src\Illuminate\Foundation\Http\Kernel.php(84): Illuminate\Foundation\Http\Kernel->sendRequestThroughRouter()
#20 C:\wamp64\www\memory\public\index.php(105): Illuminate\Foundation\Http\Kernel->handle()
#21 C:\wamp64\www\memory\public\index.php(0): {main}()
#22 {main}  
[2018-06-03 18:18:16] local.ERROR: exception 'Symfony\Component\Debug\Exception\FatalErrorException' with message 'Maximum execution time of 120 seconds exceeded' in C:\wamp64\www\memory\vendor\laravel\framework\src\Illuminate\Filesystem\Filesystem.php:34
Stack trace:
#0 C:\wamp64\www\memory\vendor\laravel\framework\src\Illuminate\Foundation\Bootstrap\HandleExceptions.php(131): Symfony\Component\Debug\Exception\FatalErrorException->__construct()
#1 C:\wamp64\www\memory\vendor\laravel\framework\src\Illuminate\Foundation\Bootstrap\HandleExceptions.php(116): Illuminate\Foundation\Bootstrap\HandleExceptions->fatalExceptionFromError()
#2 C:\wamp64\www\memory\vendor\laravel\framework\src\Illuminate\Foundation\Bootstrap\HandleExceptions.php(0): Illuminate\Foundation\Bootstrap\HandleExceptions->handleShutdown()
#3 C:\wamp64\www\memory\vendor\laravel\framework\src\Illuminate\Session\FileSessionHandler.php(59): Illuminate\Filesystem\Filesystem->get()
#4 C:\wamp64\www\memory\vendor\laravel\framework\src\Illuminate\Session\Store.php(119): Illuminate\Session\FileSessionHandler->read()
#5 C:\wamp64\www\memory\vendor\laravel\framework\src\Illuminate\Session\Store.php(102): Illuminate\Session\Store->readFromHandler()
#6 C:\wamp64\www\memory\vendor\laravel\framework\src\Illuminate\Session\Store.php(88): Illuminate\Session\Store->loadSession()
#7 C:\wamp64\www\memory\vendor\laravel\framework\src\Illuminate\Session\Middleware\StartSession.php(103): Illuminate\Session\Store->start()
#8 C:\wamp64\www\memory\vendor\laravel\framework\src\Illuminate\Session\Middleware\StartSession.php(56): Illuminate\Session\Middleware\StartSession->startSession()
#9 C:\wamp64\www\memory\vendor\laravel\framework\src\Illuminate\Pipeline\Pipeline.php(125): Illuminate\Session\Middleware\StartSession->handle()
#10 C:\wamp64\www\memory\vendor\laravel\framework\src\Illuminate\Cookie\Middleware\AddQueuedCookiesToResponse.php(36): Illuminate\Pipeline\Pipeline->Illuminate\Pipeline\{closure}()
#11 C:\wamp64\www\memory\vendor\laravel\framework\src\Illuminate\Pipeline\Pipeline.php(125): Illuminate\Cookie\Middleware\AddQueuedCookiesToResponse->handle()
#12 C:\wamp64\www\memory\vendor\laravel\framework\src\Illuminate\Cookie\Middleware\EncryptCookies.php(40): Illuminate\Pipeline\Pipeline->Illuminate\Pipeline\{closure}()
#13 C:\wamp64\www\memory\vendor\laravel\framework\src\Illuminate\Pipeline\Pipeline.php(125): Illuminate\Cookie\Middleware\EncryptCookies->handle()
#14 C:\wamp64\www\memory\vendor\laravel\framework\src\Illuminate\Foundation\Http\Middleware\CheckForMaintenanceMode.php(42): Illuminate\Pipeline\Pipeline->Illuminate\Pipeline\{closure}()
#15 C:\wamp64\www\memory\vendor\laravel\framework\src\Illuminate\Pipeline\Pipeline.php(125): Illuminate\Foundation\Http\Middleware\CheckForMaintenanceMode->handle()
#16 C:\wamp64\www\memory\vendor\laravel\framework\src\Illuminate\Pipeline\Pipeline.php(101): Illuminate\Pipeline\Pipeline->Illuminate\Pipeline\{closure}()
#17 C:\wamp64\www\memory\vendor\laravel\framework\src\Illuminate\Pipeline\Pipeline.php(101): call_user_func:{C:\wamp64\www\memory\vendor\laravel\framework\src\Illuminate\Pipeline\Pipeline.php:101}()
#18 C:\wamp64\www\memory\vendor\laravel\framework\src\Illuminate\Foundation\Http\Kernel.php(115): Illuminate\Pipeline\Pipeline->then()
#19 C:\wamp64\www\memory\vendor\laravel\framework\src\Illuminate\Foundation\Http\Kernel.php(84): Illuminate\Foundation\Http\Kernel->sendRequestThroughRouter()
#20 C:\wamp64\www\memory\public\index.php(105): Illuminate\Foundation\Http\Kernel->handle()
#21 C:\wamp64\www\memory\public\index.php(0): {main}()
#22 {main}  
