[2019-05-02 19:38:11] local.ERROR: PDOException: SQLSTATE[HY000] [1045] Access denied for user ''@'localhost' (using password: NO) in C:\wamp64\www\memory\vendor\laravel\framework\src\Illuminate\Database\Connectors\Connector.php:47
Stack trace:
#0 C:\wamp64\www\memory\vendor\laravel\framework\src\Illuminate\Database\Connectors\Connector.php(47): PDO->__construct('mysql:host=;dbn...', NULL, NULL, Array)
#1 C:\wamp64\www\memory\vendor\laravel\framework\src\Illuminate\Database\Connectors\MySqlConnector.php(20): Illuminate\Database\Connectors\Connector->createConnection('mysql:host=;dbn...', Array, Array)
#2 C:\wamp64\www\memory\vendor\laravel\framework\src\Illuminate\Database\Connectors\ConnectionFactory.php(58): Illuminate\Database\Connectors\MySqlConnector->connect(Array)
#3 C:\wamp64\www\memory\vendor\laravel\framework\src\Illuminate\Database\Connectors\ConnectionFactory.php(47): Illuminate\Database\Connectors\ConnectionFactory->createSingleConnection(Array)
#4 C:\wamp64\www\memory\vendor\laravel\framework\src\Illuminate\Database\DatabaseManager.php(177): Illuminate\Database\Connectors\ConnectionFactory->make(Array, 'mysql')
#5 C:\wamp64\www\memory\vendor\laravel\framework\src\Illuminate\Database\DatabaseManager.php(65): Illuminate\Database\DatabaseManager->makeConnection('mysql')
#6 C:\wamp64\www\memory\vendor\laravel\framework\src\Illuminate\Database\Eloquent\Model.php(3146): Illuminate\Database\DatabaseManager->connection('mysql')
#7 C:\wamp64\www\memory\vendor\laravel\framework\src\Illuminate\Database\Eloquent\Model.php(3112): Illuminate\Database\Eloquent\Model::resolveConnection(NULL)
#8 C:\wamp64\www\memory\vendor\laravel\framework\src\Illuminate\Database\Eloquent\Model.php(1887): Illuminate\Database\Eloquent\Model->getConnection()
#9 C:\wamp64\www\memory\vendor\laravel\framework\src\Illuminate\Database\Eloquent\Model.php(1828): Illuminate\Database\Eloquent\Model->newBaseQueryBuilder()
#10 C:\wamp64\www\memory\vendor\laravel\framework\src\Illuminate\Database\Eloquent\Model.php(1802): Illuminate\Database\Eloquent\Model->newQueryWithoutScopes()
#11 C:\wamp64\www\memory\vendor\laravel\framework\src\Illuminate\Auth\EloquentUserProvider.php(44): Illuminate\Database\Eloquent\Model->newQuery()
#12 C:\wamp64\www\memory\vendor\laravel\framework\src\Illuminate\Auth\Guard.php(148): Illuminate\Auth\EloquentUserProvider->retrieveById(1)
#13 C:\wamp64\www\memory\vendor\laravel\framework\src\Illuminate\Auth\Guard.php(109): Illuminate\Auth\Guard->user()
#14 C:\wamp64\www\memory\vendor\laravel\framework\src\Illuminate\Auth\Guard.php(119): Illuminate\Auth\Guard->check()
#15 C:\wamp64\www\memory\app\Http\Middleware\Authenticate.php(69): Illuminate\Auth\Guard->guest()
#16 C:\wamp64\www\memory\vendor\laravel\framework\src\Illuminate\Pipeline\Pipeline.php(125): App\Http\Middleware\Authenticate->handle(Object(Illuminate\Http\Request), Object(Closure))
#17 [internal function]: Illuminate\Pipeline\Pipeline->Illuminate\Pipeline\{closure}(Object(Illuminate\Http\Request))
#18 C:\wamp64\www\memory\vendor\laravel\framework\src\Illuminate\Pipeline\Pipeline.php(100): call_user_func(Object(Closure), Object(Illuminate\Http\Request))
#19 C:\wamp64\www\memory\vendor\laravel\framework\src\Illuminate\Routing\Router.php(703): Illuminate\Pipeline\Pipeline->then(Object(Closure))
#20 C:\wamp64\www\memory\vendor\laravel\framework\src\Illuminate\Routing\Router.php(669): Illuminate\Routing\Router->runRouteWithinStack(Object(Illuminate\Routing\Route), Object(Illuminate\Http\Request))
#21 C:\wamp64\www\memory\vendor\laravel\framework\src\Illuminate\Routing\Router.php(628): Illuminate\Routing\Router->dispatchToRoute(Object(Illuminate\Http\Request))
#22 C:\wamp64\www\memory\vendor\laravel\framework\src\Illuminate\Foundation\Http\Kernel.php(214): Illuminate\Routing\Router->dispatch(Object(Illuminate\Http\Request))
#23 [internal function]: Illuminate\Foundation\Http\Kernel->Illuminate\Foundation\Http\{closure}(Object(Illuminate\Http\Request))
#24 C:\wamp64\www\memory\vendor\laravel\framework\src\Illuminate\Pipeline\Pipeline.php(141): call_user_func(Object(Closure), Object(Illuminate\Http\Request))
#25 C:\wamp64\www\memory\app\Http\Middleware\VerifyCsrfToken.php(67): Illuminate\Pipeline\Pipeline->Illuminate\Pipeline\{closure}(Object(Illuminate\Http\Request))
#26 C:\wamp64\www\memory\vendor\laravel\framework\src\Illuminate\Pipeline\Pipeline.php(125): App\Http\Middleware\VerifyCsrfToken->handle(Object(Illuminate\Http\Request), Object(Closure))
#27 C:\wamp64\www\memory\vendor\laravel\framework\src\Illuminate\View\Middleware\ShareErrorsFromSession.php(55): Illuminate\Pipeline\Pipeline->Illuminate\Pipeline\{closure}(Object(Illuminate\Http\Request))
#28 C:\wamp64\www\memory\vendor\laravel\framework\src\Illuminate\Pipeline\Pipeline.php(125): Illuminate\View\Middleware\ShareErrorsFromSession->handle(Object(Illuminate\Http\Request), Object(Closure))
#29 C:\wamp64\www\memory\vendor\laravel\framework\src\Illuminate\Session\Middleware\StartSession.php(61): Illuminate\Pipeline\Pipeline->Illuminate\Pipeline\{closure}(Object(Illuminate\Http\Request))
#30 C:\wamp64\www\memory\vendor\laravel\framework\src\Illuminate\Pipeline\Pipeline.php(125): Illuminate\Session\Middleware\StartSession->handle(Object(Illuminate\Http\Request), Object(Closure))
#31 C:\wamp64\www\memory\vendor\laravel\framework\src\Illuminate\Cookie\Middleware\AddQueuedCookiesToResponse.php(36): Illuminate\Pipeline\Pipeline->Illuminate\Pipeline\{closure}(Object(Illuminate\Http\Request))
#32 C:\wamp64\www\memory\vendor\laravel\framework\src\Illuminate\Pipeline\Pipeline.php(125): Illuminate\Cookie\Middleware\AddQueuedCookiesToResponse->handle(Object(Illuminate\Http\Request), Object(Closure))
#33 C:\wamp64\www\memory\vendor\laravel\framework\src\Illuminate\Cookie\Middleware\EncryptCookies.php(40): Illuminate\Pipeline\Pipeline->Illuminate\Pipeline\{closure}(Object(Illuminate\Http\Request))
#34 C:\wamp64\www\memory\vendor\laravel\framework\src\Illuminate\Pipeline\Pipeline.php(125): Illuminate\Cookie\Middleware\EncryptCookies->handle(Object(Illuminate\Http\Request), Object(Closure))
#35 C:\wamp64\www\memory\vendor\laravel\framework\src\Illuminate\Foundation\Http\Middleware\CheckForMaintenanceMode.php(42): Illuminate\Pipeline\Pipeline->Illuminate\Pipeline\{closure}(Object(Illuminate\Http\Request))
#36 C:\wamp64\www\memory\vendor\laravel\framework\src\Illuminate\Pipeline\Pipeline.php(125): Illuminate\Foundation\Http\Middleware\CheckForMaintenanceMode->handle(Object(Illuminate\Http\Request), Object(Closure))
#37 [internal function]: Illuminate\Pipeline\Pipeline->Illuminate\Pipeline\{closure}(Object(Illuminate\Http\Request))
#38 C:\wamp64\www\memory\vendor\laravel\framework\src\Illuminate\Pipeline\Pipeline.php(100): call_user_func(Object(Closure), Object(Illuminate\Http\Request))
#39 C:\wamp64\www\memory\vendor\laravel\framework\src\Illuminate\Foundation\Http\Kernel.php(115): Illuminate\Pipeline\Pipeline->then(Object(Closure))
#40 C:\wamp64\www\memory\vendor\laravel\framework\src\Illuminate\Foundation\Http\Kernel.php(84): Illuminate\Foundation\Http\Kernel->sendRequestThroughRouter(Object(Illuminate\Http\Request))
#41 C:\wamp64\www\memory\public\index.php(103): Illuminate\Foundation\Http\Kernel->handle(Object(Illuminate\Http\Request))
#42 {main}  
[2019-05-02 20:08:28] local.ERROR: PDOException: SQLSTATE[42S22]: Column not found: 1054 Unknown column 'devicetime' in 'field list' in C:\wamp64\www\memory\vendor\laravel\framework\src\Illuminate\Database\Connection.php:382
Stack trace:
#0 C:\wamp64\www\memory\vendor\laravel\framework\src\Illuminate\Database\Connection.php(382): PDO->prepare('update `places`...')
#1 C:\wamp64\www\memory\vendor\laravel\framework\src\Illuminate\Database\Connection.php(616): Illuminate\Database\Connection->Illuminate\Database\{closure}(Object(Illuminate\Database\MySqlConnection), 'update `places`...', Array)
#2 C:\wamp64\www\memory\vendor\laravel\framework\src\Illuminate\Database\Connection.php(580): Illuminate\Database\Connection->runQueryCallback('update `places`...', Array, Object(Closure))
#3 C:\wamp64\www\memory\vendor\laravel\framework\src\Illuminate\Database\Connection.php(387): Illuminate\Database\Connection->run('update `places`...', Array, Object(Closure))
#4 C:\wamp64\www\memory\vendor\laravel\framework\src\Illuminate\Database\Connection.php(332): Illuminate\Database\Connection->affectingStatement('update `places`...', Array)
#5 C:\wamp64\www\memory\vendor\laravel\framework\src\Illuminate\Database\Query\Builder.php(1740): Illuminate\Database\Connection->update('update `places`...', Array)
#6 C:\wamp64\www\memory\vendor\laravel\framework\src\Illuminate\Database\Eloquent\Builder.php(288): Illuminate\Database\Query\Builder->update(Array)
#7 C:\wamp64\www\memory\vendor\laravel\framework\src\Illuminate\Database\Eloquent\Model.php(1544): Illuminate\Database\Eloquent\Builder->update(Array)
#8 C:\wamp64\www\memory\vendor\laravel\framework\src\Illuminate\Database\Eloquent\Model.php(1477): Illuminate\Database\Eloquent\Model->performUpdate(Object(Illuminate\Database\Eloquent\Builder), Array)
#9 C:\wamp64\www\memory\app\Http\Controllers\GeolocController.php(446): Illuminate\Database\Eloquent\Model->save()
#10 [internal function]: App\Http\Controllers\GeolocController->savePlace()
#11 C:\wamp64\www\memory\vendor\laravel\framework\src\Illuminate\Routing\Controller.php(246): call_user_func_array(Array, Array)
#12 C:\wamp64\www\memory\vendor\laravel\framework\src\Illuminate\Routing\ControllerDispatcher.php(162): Illuminate\Routing\Controller->callAction('savePlace', Array)
#13 C:\wamp64\www\memory\vendor\laravel\framework\src\Illuminate\Routing\ControllerDispatcher.php(107): Illuminate\Routing\ControllerDispatcher->call(Object(App\Http\Controllers\GeolocController), Object(Illuminate\Routing\Route), 'savePlace')
#14 [internal function]: Illuminate\Routing\ControllerDispatcher->Illuminate\Routing\{closure}(Object(Illuminate\Http\Request))
#15 C:\wamp64\www\memory\vendor\laravel\framework\src\Illuminate\Pipeline\Pipeline.php(141): call_user_func(Object(Closure), Object(Illuminate\Http\Request))
#16 [internal function]: Illuminate\Pipeline\Pipeline->Illuminate\Pipeline\{closure}(Object(Illuminate\Http\Request))
#17 C:\wamp64\www\memory\vendor\laravel\framework\src\Illuminate\Pipeline\Pipeline.php(100): call_user_func(Object(Closure), Object(Illuminate\Http\Request))
#18 C:\wamp64\www\memory\vendor\laravel\framework\src\Illuminate\Routing\ControllerDispatcher.php(108): Illuminate\Pipeline\Pipeline->then(Object(Closure))
#19 C:\wamp64\www\memory\vendor\laravel\framework\src\Illuminate\Routing\ControllerDispatcher.php(66): Illuminate\Routing\ControllerDispatcher->callWithinStack(Object(App\Http\Controllers\GeolocController), Object(Illuminate\Routing\Route), Object(Illuminate\Http\Request), 'savePlace')
#20 C:\wamp64\www\memory\vendor\laravel\framework\src\Illuminate\Routing\Route.php(204): Illuminate\Routing\ControllerDispatcher->dispatch(Object(Illuminate\Routing\Route), Object(Illuminate\Http\Request), 'App\\Http\\Contro...', 'savePlace')
#21 C:\wamp64\www\memory\vendor\laravel\framework\src\Illuminate\Routing\Route.php(134): Illuminate\Routing\Route->runWithCustomDispatcher(Object(Illuminate\Http\Request))
#22 C:\wamp64\www\memory\vendor\laravel\framework\src\Illuminate\Routing\Router.php(701): Illuminate\Routing\Route->run(Object(Illuminate\Http\Request))
#23 [internal function]: Illuminate\Routing\Router->Illuminate\Routing\{closure}(Object(Illuminate\Http\Request))
#24 C:\wamp64\www\memory\vendor\laravel\framework\src\Illuminate\Pipeline\Pipeline.php(141): call_user_func(Object(Closure), Object(Illuminate\Http\Request))
#25 [internal function]: Illuminate\Pipeline\Pipeline->Illuminate\Pipeline\{closure}(Object(Illuminate\Http\Request))
#26 C:\wamp64\www\memory\vendor\laravel\framework\src\Illuminate\Pipeline\Pipeline.php(100): call_user_func(Object(Closure), Object(Illuminate\Http\Request))
#27 C:\wamp64\www\memory\vendor\laravel\framework\src\Illuminate\Routing\Router.php(703): Illuminate\Pipeline\Pipeline->then(Object(Closure))
#28 C:\wamp64\www\memory\vendor\laravel\framework\src\Illuminate\Routing\Router.php(669): Illuminate\Routing\Router->runRouteWithinStack(Object(Illuminate\Routing\Route), Object(Illuminate\Http\Request))
#29 C:\wamp64\www\memory\vendor\laravel\framework\src\Illuminate\Routing\Router.php(628): Illuminate\Routing\Router->dispatchToRoute(Object(Illuminate\Http\Request))
#30 C:\wamp64\www\memory\vendor\laravel\framework\src\Illuminate\Foundation\Http\Kernel.php(214): Illuminate\Routing\Router->dispatch(Object(Illuminate\Http\Request))
#31 [internal function]: Illuminate\Foundation\Http\Kernel->Illuminate\Foundation\Http\{closure}(Object(Illuminate\Http\Request))
#32 C:\wamp64\www\memory\vendor\laravel\framework\src\Illuminate\Pipeline\Pipeline.php(141): call_user_func(Object(Closure), Object(Illuminate\Http\Request))
#33 C:\wamp64\www\memory\app\Http\Middleware\VerifyCsrfToken.php(67): Illuminate\Pipeline\Pipeline->Illuminate\Pipeline\{closure}(Object(Illuminate\Http\Request))
#34 C:\wamp64\www\memory\vendor\laravel\framework\src\Illuminate\Pipeline\Pipeline.php(125): App\Http\Middleware\VerifyCsrfToken->handle(Object(Illuminate\Http\Request), Object(Closure))
#35 C:\wamp64\www\memory\vendor\laravel\framework\src\Illuminate\View\Middleware\ShareErrorsFromSession.php(55): Illuminate\Pipeline\Pipeline->Illuminate\Pipeline\{closure}(Object(Illuminate\Http\Request))
#36 C:\wamp64\www\memory\vendor\laravel\framework\src\Illuminate\Pipeline\Pipeline.php(125): Illuminate\View\Middleware\ShareErrorsFromSession->handle(Object(Illuminate\Http\Request), Object(Closure))
#37 C:\wamp64\www\memory\vendor\laravel\framework\src\Illuminate\Session\Middleware\StartSession.php(61): Illuminate\Pipeline\Pipeline->Illuminate\Pipeline\{closure}(Object(Illuminate\Http\Request))
#38 C:\wamp64\www\memory\vendor\laravel\framework\src\Illuminate\Pipeline\Pipeline.php(125): Illuminate\Session\Middleware\StartSession->handle(Object(Illuminate\Http\Request), Object(Closure))
#39 C:\wamp64\www\memory\vendor\laravel\framework\src\Illuminate\Cookie\Middleware\AddQueuedCookiesToResponse.php(36): Illuminate\Pipeline\Pipeline->Illuminate\Pipeline\{closure}(Object(Illuminate\Http\Request))
#40 C:\wamp64\www\memory\vendor\laravel\framework\src\Illuminate\Pipeline\Pipeline.php(125): Illuminate\Cookie\Middleware\AddQueuedCookiesToResponse->handle(Object(Illuminate\Http\Request), Object(Closure))
#41 C:\wamp64\www\memory\vendor\laravel\framework\src\Illuminate\Cookie\Middleware\EncryptCookies.php(40): Illuminate\Pipeline\Pipeline->Illuminate\Pipeline\{closure}(Object(Illuminate\Http\Request))
#42 C:\wamp64\www\memory\vendor\laravel\framework\src\Illuminate\Pipeline\Pipeline.php(125): Illuminate\Cookie\Middleware\EncryptCookies->handle(Object(Illuminate\Http\Request), Object(Closure))
#43 C:\wamp64\www\memory\vendor\laravel\framework\src\Illuminate\Foundation\Http\Middleware\CheckForMaintenanceMode.php(42): Illuminate\Pipeline\Pipeline->Illuminate\Pipeline\{closure}(Object(Illuminate\Http\Request))
#44 C:\wamp64\www\memory\vendor\laravel\framework\src\Illuminate\Pipeline\Pipeline.php(125): Illuminate\Foundation\Http\Middleware\CheckForMaintenanceMode->handle(Object(Illuminate\Http\Request), Object(Closure))
#45 [internal function]: Illuminate\Pipeline\Pipeline->Illuminate\Pipeline\{closure}(Object(Illuminate\Http\Request))
#46 C:\wamp64\www\memory\vendor\laravel\framework\src\Illuminate\Pipeline\Pipeline.php(100): call_user_func(Object(Closure), Object(Illuminate\Http\Request))
#47 C:\wamp64\www\memory\vendor\laravel\framework\src\Illuminate\Foundation\Http\Kernel.php(115): Illuminate\Pipeline\Pipeline->then(Object(Closure))
#48 C:\wamp64\www\memory\vendor\laravel\framework\src\Illuminate\Foundation\Http\Kernel.php(84): Illuminate\Foundation\Http\Kernel->sendRequestThroughRouter(Object(Illuminate\Http\Request))
#49 C:\wamp64\www\memory\public\index.php(103): Illuminate\Foundation\Http\Kernel->handle(Object(Illuminate\Http\Request))
#50 {main}

Next Illuminate\Database\QueryException: SQLSTATE[42S22]: Column not found: 1054 Unknown column 'devicetime' in 'field list' (SQL: update `places` set `updated_at` = 2019-05-02 20:08:28, `devicetime` =  where `id` = 1) in C:\wamp64\www\memory\vendor\laravel\framework\src\Illuminate\Database\Connection.php:624
Stack trace:
#0 C:\wamp64\www\memory\vendor\laravel\framework\src\Illuminate\Database\Connection.php(580): Illuminate\Database\Connection->runQueryCallback('update `places`...', Array, Object(Closure))
#1 C:\wamp64\www\memory\vendor\laravel\framework\src\Illuminate\Database\Connection.php(387): Illuminate\Database\Connection->run('update `places`...', Array, Object(Closure))
#2 C:\wamp64\www\memory\vendor\laravel\framework\src\Illuminate\Database\Connection.php(332): Illuminate\Database\Connection->affectingStatement('update `places`...', Array)
#3 C:\wamp64\www\memory\vendor\laravel\framework\src\Illuminate\Database\Query\Builder.php(1740): Illuminate\Database\Connection->update('update `places`...', Array)
#4 C:\wamp64\www\memory\vendor\laravel\framework\src\Illuminate\Database\Eloquent\Builder.php(288): Illuminate\Database\Query\Builder->update(Array)
#5 C:\wamp64\www\memory\vendor\laravel\framework\src\Illuminate\Database\Eloquent\Model.php(1544): Illuminate\Database\Eloquent\Builder->update(Array)
#6 C:\wamp64\www\memory\vendor\laravel\framework\src\Illuminate\Database\Eloquent\Model.php(1477): Illuminate\Database\Eloquent\Model->performUpdate(Object(Illuminate\Database\Eloquent\Builder), Array)
#7 C:\wamp64\www\memory\app\Http\Controllers\GeolocController.php(446): Illuminate\Database\Eloquent\Model->save()
#8 [internal function]: App\Http\Controllers\GeolocController->savePlace()
#9 C:\wamp64\www\memory\vendor\laravel\framework\src\Illuminate\Routing\Controller.php(246): call_user_func_array(Array, Array)
#10 C:\wamp64\www\memory\vendor\laravel\framework\src\Illuminate\Routing\ControllerDispatcher.php(162): Illuminate\Routing\Controller->callAction('savePlace', Array)
#11 C:\wamp64\www\memory\vendor\laravel\framework\src\Illuminate\Routing\ControllerDispatcher.php(107): Illuminate\Routing\ControllerDispatcher->call(Object(App\Http\Controllers\GeolocController), Object(Illuminate\Routing\Route), 'savePlace')
#12 [internal function]: Illuminate\Routing\ControllerDispatcher->Illuminate\Routing\{closure}(Object(Illuminate\Http\Request))
#13 C:\wamp64\www\memory\vendor\laravel\framework\src\Illuminate\Pipeline\Pipeline.php(141): call_user_func(Object(Closure), Object(Illuminate\Http\Request))
#14 [internal function]: Illuminate\Pipeline\Pipeline->Illuminate\Pipeline\{closure}(Object(Illuminate\Http\Request))
#15 C:\wamp64\www\memory\vendor\laravel\framework\src\Illuminate\Pipeline\Pipeline.php(100): call_user_func(Object(Closure), Object(Illuminate\Http\Request))
#16 C:\wamp64\www\memory\vendor\laravel\framework\src\Illuminate\Routing\ControllerDispatcher.php(108): Illuminate\Pipeline\Pipeline->then(Object(Closure))
#17 C:\wamp64\www\memory\vendor\laravel\framework\src\Illuminate\Routing\ControllerDispatcher.php(66): Illuminate\Routing\ControllerDispatcher->callWithinStack(Object(App\Http\Controllers\GeolocController), Object(Illuminate\Routing\Route), Object(Illuminate\Http\Request), 'savePlace')
#18 C:\wamp64\www\memory\vendor\laravel\framework\src\Illuminate\Routing\Route.php(204): Illuminate\Routing\ControllerDispatcher->dispatch(Object(Illuminate\Routing\Route), Object(Illuminate\Http\Request), 'App\\Http\\Contro...', 'savePlace')
#19 C:\wamp64\www\memory\vendor\laravel\framework\src\Illuminate\Routing\Route.php(134): Illuminate\Routing\Route->runWithCustomDispatcher(Object(Illuminate\Http\Request))
#20 C:\wamp64\www\memory\vendor\laravel\framework\src\Illuminate\Routing\Router.php(701): Illuminate\Routing\Route->run(Object(Illuminate\Http\Request))
#21 [internal function]: Illuminate\Routing\Router->Illuminate\Routing\{closure}(Object(Illuminate\Http\Request))
#22 C:\wamp64\www\memory\vendor\laravel\framework\src\Illuminate\Pipeline\Pipeline.php(141): call_user_func(Object(Closure), Object(Illuminate\Http\Request))
#23 [internal function]: Illuminate\Pipeline\Pipeline->Illuminate\Pipeline\{closure}(Object(Illuminate\Http\Request))
#24 C:\wamp64\www\memory\vendor\laravel\framework\src\Illuminate\Pipeline\Pipeline.php(100): call_user_func(Object(Closure), Object(Illuminate\Http\Request))
#25 C:\wamp64\www\memory\vendor\laravel\framework\src\Illuminate\Routing\Router.php(703): Illuminate\Pipeline\Pipeline->then(Object(Closure))
#26 C:\wamp64\www\memory\vendor\laravel\framework\src\Illuminate\Routing\Router.php(669): Illuminate\Routing\Router->runRouteWithinStack(Object(Illuminate\Routing\Route), Object(Illuminate\Http\Request))
#27 C:\wamp64\www\memory\vendor\laravel\framework\src\Illuminate\Routing\Router.php(628): Illuminate\Routing\Router->dispatchToRoute(Object(Illuminate\Http\Request))
#28 C:\wamp64\www\memory\vendor\laravel\framework\src\Illuminate\Foundation\Http\Kernel.php(214): Illuminate\Routing\Router->dispatch(Object(Illuminate\Http\Request))
#29 [internal function]: Illuminate\Foundation\Http\Kernel->Illuminate\Foundation\Http\{closure}(Object(Illuminate\Http\Request))
#30 C:\wamp64\www\memory\vendor\laravel\framework\src\Illuminate\Pipeline\Pipeline.php(141): call_user_func(Object(Closure), Object(Illuminate\Http\Request))
#31 C:\wamp64\www\memory\app\Http\Middleware\VerifyCsrfToken.php(67): Illuminate\Pipeline\Pipeline->Illuminate\Pipeline\{closure}(Object(Illuminate\Http\Request))
#32 C:\wamp64\www\memory\vendor\laravel\framework\src\Illuminate\Pipeline\Pipeline.php(125): App\Http\Middleware\VerifyCsrfToken->handle(Object(Illuminate\Http\Request), Object(Closure))
#33 C:\wamp64\www\memory\vendor\laravel\framework\src\Illuminate\View\Middleware\ShareErrorsFromSession.php(55): Illuminate\Pipeline\Pipeline->Illuminate\Pipeline\{closure}(Object(Illuminate\Http\Request))
#34 C:\wamp64\www\memory\vendor\laravel\framework\src\Illuminate\Pipeline\Pipeline.php(125): Illuminate\View\Middleware\ShareErrorsFromSession->handle(Object(Illuminate\Http\Request), Object(Closure))
#35 C:\wamp64\www\memory\vendor\laravel\framework\src\Illuminate\Session\Middleware\StartSession.php(61): Illuminate\Pipeline\Pipeline->Illuminate\Pipeline\{closure}(Object(Illuminate\Http\Request))
#36 C:\wamp64\www\memory\vendor\laravel\framework\src\Illuminate\Pipeline\Pipeline.php(125): Illuminate\Session\Middleware\StartSession->handle(Object(Illuminate\Http\Request), Object(Closure))
#37 C:\wamp64\www\memory\vendor\laravel\framework\src\Illuminate\Cookie\Middleware\AddQueuedCookiesToResponse.php(36): Illuminate\Pipeline\Pipeline->Illuminate\Pipeline\{closure}(Object(Illuminate\Http\Request))
#38 C:\wamp64\www\memory\vendor\laravel\framework\src\Illuminate\Pipeline\Pipeline.php(125): Illuminate\Cookie\Middleware\AddQueuedCookiesToResponse->handle(Object(Illuminate\Http\Request), Object(Closure))
#39 C:\wamp64\www\memory\vendor\laravel\framework\src\Illuminate\Cookie\Middleware\EncryptCookies.php(40): Illuminate\Pipeline\Pipeline->Illuminate\Pipeline\{closure}(Object(Illuminate\Http\Request))
#40 C:\wamp64\www\memory\vendor\laravel\framework\src\Illuminate\Pipeline\Pipeline.php(125): Illuminate\Cookie\Middleware\EncryptCookies->handle(Object(Illuminate\Http\Request), Object(Closure))
#41 C:\wamp64\www\memory\vendor\laravel\framework\src\Illuminate\Foundation\Http\Middleware\CheckForMaintenanceMode.php(42): Illuminate\Pipeline\Pipeline->Illuminate\Pipeline\{closure}(Object(Illuminate\Http\Request))
#42 C:\wamp64\www\memory\vendor\laravel\framework\src\Illuminate\Pipeline\Pipeline.php(125): Illuminate\Foundation\Http\Middleware\CheckForMaintenanceMode->handle(Object(Illuminate\Http\Request), Object(Closure))
#43 [internal function]: Illuminate\Pipeline\Pipeline->Illuminate\Pipeline\{closure}(Object(Illuminate\Http\Request))
#44 C:\wamp64\www\memory\vendor\laravel\framework\src\Illuminate\Pipeline\Pipeline.php(100): call_user_func(Object(Closure), Object(Illuminate\Http\Request))
#45 C:\wamp64\www\memory\vendor\laravel\framework\src\Illuminate\Foundation\Http\Kernel.php(115): Illuminate\Pipeline\Pipeline->then(Object(Closure))
#46 C:\wamp64\www\memory\vendor\laravel\framework\src\Illuminate\Foundation\Http\Kernel.php(84): Illuminate\Foundation\Http\Kernel->sendRequestThroughRouter(Object(Illuminate\Http\Request))
#47 C:\wamp64\www\memory\public\index.php(103): Illuminate\Foundation\Http\Kernel->handle(Object(Illuminate\Http\Request))
#48 {main}  
