[2019-04-30 21:21:17] local.ERROR: PDOException: SQLSTATE[HY000] [1045] Access denied for user ''@'localhost' (using password: NO) in C:\wamp64\www\memory\vendor\laravel\framework\src\Illuminate\Database\Connectors\Connector.php:47
Stack trace:
#0 C:\wamp64\www\memory\vendor\laravel\framework\src\Illuminate\Database\Connectors\Connector.php(47): PDO->__construct('mysql:host=;dbn...', NULL, NULL, Array)
#1 C:\wamp64\www\memory\vendor\laravel\framework\src\Illuminate\Database\Connectors\MySqlConnector.php(20): Illuminate\Database\Connectors\Connector->createConnection('mysql:host=;dbn...', Array, Array)
#2 C:\wamp64\www\memory\vendor\laravel\framework\src\Illuminate\Database\Connectors\ConnectionFactory.php(58): Illuminate\Database\Connectors\MySqlConnector->connect(Array)
#3 C:\wamp64\www\memory\vendor\laravel\framework\src\Illuminate\Database\Connectors\ConnectionFactory.php(47): Illuminate\Database\Connectors\ConnectionFactory->createSingleConnection(Array)
#4 C:\wamp64\www\memory\vendor\laravel\framework\src\Illuminate\Database\DatabaseManager.php(177): Illuminate\Database\Connectors\ConnectionFactory->make(Array, 'mysql')
#5 C:\wamp64\www\memory\vendor\laravel\framework\src\Illuminate\Database\DatabaseManager.php(65): Illuminate\Database\DatabaseManager->makeConnection('mysql')
#6 C:\wamp64\www\memory\vendor\laravel\framework\src\Illuminate\Database\Eloquent\Model.php(3146): Illuminate\Database\DatabaseManager->connection('mysql')
#7 C:\wamp64\www\memory\vendor\laravel\framework\src\Illuminate\Database\Eloquent\Model.php(3112): Illuminate\Database\Eloquent\Model::resolveConnection(NULL)
#8 C:\wamp64\www\memory\vendor\laravel\framework\src\Illuminate\Database\Eloquent\Model.php(1887): Illuminate\Database\Eloquent\Model->getConnection()
#9 C:\wamp64\www\memory\vendor\laravel\framework\src\Illuminate\Database\Eloquent\Model.php(1828): Illuminate\Database\Eloquent\Model->newBaseQueryBuilder()
#10 C:\wamp64\www\memory\vendor\laravel\framework\src\Illuminate\Database\Eloquent\Model.php(1802): Illuminate\Database\Eloquent\Model->newQueryWithoutScopes()
#11 C:\wamp64\www\memory\vendor\laravel\framework\src\Illuminate\Auth\EloquentUserProvider.php(44): Illuminate\Database\Eloquent\Model->newQuery()
#12 C:\wamp64\www\memory\vendor\laravel\framework\src\Illuminate\Auth\Guard.php(148): Illuminate\Auth\EloquentUserProvider->retrieveById(1)
#13 C:\wamp64\www\memory\vendor\laravel\framework\src\Illuminate\Auth\Guard.php(109): Illuminate\Auth\Guard->user()
#14 C:\wamp64\www\memory\vendor\laravel\framework\src\Illuminate\Auth\Guard.php(119): Illuminate\Auth\Guard->check()
#15 C:\wamp64\www\memory\app\Http\Middleware\Authenticate.php(69): Illuminate\Auth\Guard->guest()
#16 C:\wamp64\www\memory\vendor\laravel\framework\src\Illuminate\Pipeline\Pipeline.php(125): App\Http\Middleware\Authenticate->handle(Object(Illuminate\Http\Request), Object(Closure))
#17 [internal function]: Illuminate\Pipeline\Pipeline->Illuminate\Pipeline\{closure}(Object(Illuminate\Http\Request))
#18 C:\wamp64\www\memory\vendor\laravel\framework\src\Illuminate\Pipeline\Pipeline.php(100): call_user_func(Object(Closure), Object(Illuminate\Http\Request))
#19 C:\wamp64\www\memory\vendor\laravel\framework\src\Illuminate\Routing\Router.php(703): Illuminate\Pipeline\Pipeline->then(Object(Closure))
#20 C:\wamp64\www\memory\vendor\laravel\framework\src\Illuminate\Routing\Router.php(669): Illuminate\Routing\Router->runRouteWithinStack(Object(Illuminate\Routing\Route), Object(Illuminate\Http\Request))
#21 C:\wamp64\www\memory\vendor\laravel\framework\src\Illuminate\Routing\Router.php(628): Illuminate\Routing\Router->dispatchToRoute(Object(Illuminate\Http\Request))
#22 C:\wamp64\www\memory\vendor\laravel\framework\src\Illuminate\Foundation\Http\Kernel.php(214): Illuminate\Routing\Router->dispatch(Object(Illuminate\Http\Request))
#23 [internal function]: Illuminate\Foundation\Http\Kernel->Illuminate\Foundation\Http\{closure}(Object(Illuminate\Http\Request))
#24 C:\wamp64\www\memory\vendor\laravel\framework\src\Illuminate\Pipeline\Pipeline.php(141): call_user_func(Object(Closure), Object(Illuminate\Http\Request))
#25 C:\wamp64\www\memory\app\Http\Middleware\VerifyCsrfToken.php(65): Illuminate\Pipeline\Pipeline->Illuminate\Pipeline\{closure}(Object(Illuminate\Http\Request))
#26 C:\wamp64\www\memory\vendor\laravel\framework\src\Illuminate\Pipeline\Pipeline.php(125): App\Http\Middleware\VerifyCsrfToken->handle(Object(Illuminate\Http\Request), Object(Closure))
#27 C:\wamp64\www\memory\vendor\laravel\framework\src\Illuminate\View\Middleware\ShareErrorsFromSession.php(55): Illuminate\Pipeline\Pipeline->Illuminate\Pipeline\{closure}(Object(Illuminate\Http\Request))
#28 C:\wamp64\www\memory\vendor\laravel\framework\src\Illuminate\Pipeline\Pipeline.php(125): Illuminate\View\Middleware\ShareErrorsFromSession->handle(Object(Illuminate\Http\Request), Object(Closure))
#29 C:\wamp64\www\memory\vendor\laravel\framework\src\Illuminate\Session\Middleware\StartSession.php(61): Illuminate\Pipeline\Pipeline->Illuminate\Pipeline\{closure}(Object(Illuminate\Http\Request))
#30 C:\wamp64\www\memory\vendor\laravel\framework\src\Illuminate\Pipeline\Pipeline.php(125): Illuminate\Session\Middleware\StartSession->handle(Object(Illuminate\Http\Request), Object(Closure))
#31 C:\wamp64\www\memory\vendor\laravel\framework\src\Illuminate\Cookie\Middleware\AddQueuedCookiesToResponse.php(36): Illuminate\Pipeline\Pipeline->Illuminate\Pipeline\{closure}(Object(Illuminate\Http\Request))
#32 C:\wamp64\www\memory\vendor\laravel\framework\src\Illuminate\Pipeline\Pipeline.php(125): Illuminate\Cookie\Middleware\AddQueuedCookiesToResponse->handle(Object(Illuminate\Http\Request), Object(Closure))
#33 C:\wamp64\www\memory\vendor\laravel\framework\src\Illuminate\Cookie\Middleware\EncryptCookies.php(40): Illuminate\Pipeline\Pipeline->Illuminate\Pipeline\{closure}(Object(Illuminate\Http\Request))
#34 C:\wamp64\www\memory\vendor\laravel\framework\src\Illuminate\Pipeline\Pipeline.php(125): Illuminate\Cookie\Middleware\EncryptCookies->handle(Object(Illuminate\Http\Request), Object(Closure))
#35 C:\wamp64\www\memory\vendor\laravel\framework\src\Illuminate\Foundation\Http\Middleware\CheckForMaintenanceMode.php(42): Illuminate\Pipeline\Pipeline->Illuminate\Pipeline\{closure}(Object(Illuminate\Http\Request))
#36 C:\wamp64\www\memory\vendor\laravel\framework\src\Illuminate\Pipeline\Pipeline.php(125): Illuminate\Foundation\Http\Middleware\CheckForMaintenanceMode->handle(Object(Illuminate\Http\Request), Object(Closure))
#37 [internal function]: Illuminate\Pipeline\Pipeline->Illuminate\Pipeline\{closure}(Object(Illuminate\Http\Request))
#38 C:\wamp64\www\memory\vendor\laravel\framework\src\Illuminate\Pipeline\Pipeline.php(100): call_user_func(Object(Closure), Object(Illuminate\Http\Request))
#39 C:\wamp64\www\memory\vendor\laravel\framework\src\Illuminate\Foundation\Http\Kernel.php(115): Illuminate\Pipeline\Pipeline->then(Object(Closure))
#40 C:\wamp64\www\memory\vendor\laravel\framework\src\Illuminate\Foundation\Http\Kernel.php(84): Illuminate\Foundation\Http\Kernel->sendRequestThroughRouter(Object(Illuminate\Http\Request))
#41 C:\wamp64\www\memory\public\index.php(103): Illuminate\Foundation\Http\Kernel->handle(Object(Illuminate\Http\Request))
#42 {main}  
[2019-04-30 21:25:02] local.ERROR: PDOException: SQLSTATE[23000]: Integrity constraint violation: 1048 Column 'datefrom' cannot be null in C:\wamp64\www\memory\vendor\laravel\framework\src\Illuminate\Database\Connection.php:362
Stack trace:
#0 C:\wamp64\www\memory\vendor\laravel\framework\src\Illuminate\Database\Connection.php(362): PDOStatement->execute(Array)
#1 C:\wamp64\www\memory\vendor\laravel\framework\src\Illuminate\Database\Connection.php(616): Illuminate\Database\Connection->Illuminate\Database\{closure}(Object(Illuminate\Database\MySqlConnection), 'insert into `sa...', Array)
#2 C:\wamp64\www\memory\vendor\laravel\framework\src\Illuminate\Database\Connection.php(580): Illuminate\Database\Connection->runQueryCallback('insert into `sa...', Array, Object(Closure))
#3 C:\wamp64\www\memory\vendor\laravel\framework\src\Illuminate\Database\Connection.php(363): Illuminate\Database\Connection->run('insert into `sa...', Array, Object(Closure))
#4 C:\wamp64\www\memory\vendor\laravel\framework\src\Illuminate\Database\Connection.php(320): Illuminate\Database\Connection->statement('insert into `sa...', Array)
#5 C:\wamp64\www\memory\vendor\laravel\framework\src\Illuminate\Database\Query\Processors\Processor.php(30): Illuminate\Database\Connection->insert('insert into `sa...', Array)
#6 C:\wamp64\www\memory\vendor\laravel\framework\src\Illuminate\Database\Query\Builder.php(1725): Illuminate\Database\Query\Processors\Processor->processInsertGetId(Object(Illuminate\Database\Query\Builder), 'insert into `sa...', Array, 'id')
#7 [internal function]: Illuminate\Database\Query\Builder->insertGetId(Array, 'id')
#8 C:\wamp64\www\memory\vendor\laravel\framework\src\Illuminate\Database\Eloquent\Builder.php(933): call_user_func_array(Array, Array)
#9 C:\wamp64\www\memory\vendor\laravel\framework\src\Illuminate\Database\Eloquent\Model.php(1609): Illuminate\Database\Eloquent\Builder->__call('insertGetId', Array)
#10 C:\wamp64\www\memory\vendor\laravel\framework\src\Illuminate\Database\Eloquent\Model.php(1579): Illuminate\Database\Eloquent\Model->insertAndSetId(Object(Illuminate\Database\Eloquent\Builder), Array)
#11 C:\wamp64\www\memory\vendor\laravel\framework\src\Illuminate\Database\Eloquent\Model.php(1485): Illuminate\Database\Eloquent\Model->performInsert(Object(Illuminate\Database\Eloquent\Builder), Array)
#12 C:\wamp64\www\memory\app\Http\Controllers\GeolocController.php(447): Illuminate\Database\Eloquent\Model->save()
#13 [internal function]: App\Http\Controllers\GeolocController->saveRoute()
#14 C:\wamp64\www\memory\vendor\laravel\framework\src\Illuminate\Routing\Controller.php(246): call_user_func_array(Array, Array)
#15 C:\wamp64\www\memory\vendor\laravel\framework\src\Illuminate\Routing\ControllerDispatcher.php(162): Illuminate\Routing\Controller->callAction('saveRoute', Array)
#16 C:\wamp64\www\memory\vendor\laravel\framework\src\Illuminate\Routing\ControllerDispatcher.php(107): Illuminate\Routing\ControllerDispatcher->call(Object(App\Http\Controllers\GeolocController), Object(Illuminate\Routing\Route), 'saveRoute')
#17 [internal function]: Illuminate\Routing\ControllerDispatcher->Illuminate\Routing\{closure}(Object(Illuminate\Http\Request))
#18 C:\wamp64\www\memory\vendor\laravel\framework\src\Illuminate\Pipeline\Pipeline.php(141): call_user_func(Object(Closure), Object(Illuminate\Http\Request))
#19 [internal function]: Illuminate\Pipeline\Pipeline->Illuminate\Pipeline\{closure}(Object(Illuminate\Http\Request))
#20 C:\wamp64\www\memory\vendor\laravel\framework\src\Illuminate\Pipeline\Pipeline.php(100): call_user_func(Object(Closure), Object(Illuminate\Http\Request))
#21 C:\wamp64\www\memory\vendor\laravel\framework\src\Illuminate\Routing\ControllerDispatcher.php(108): Illuminate\Pipeline\Pipeline->then(Object(Closure))
#22 C:\wamp64\www\memory\vendor\laravel\framework\src\Illuminate\Routing\ControllerDispatcher.php(66): Illuminate\Routing\ControllerDispatcher->callWithinStack(Object(App\Http\Controllers\GeolocController), Object(Illuminate\Routing\Route), Object(Illuminate\Http\Request), 'saveRoute')
#23 C:\wamp64\www\memory\vendor\laravel\framework\src\Illuminate\Routing\Route.php(204): Illuminate\Routing\ControllerDispatcher->dispatch(Object(Illuminate\Routing\Route), Object(Illuminate\Http\Request), 'App\\Http\\Contro...', 'saveRoute')
#24 C:\wamp64\www\memory\vendor\laravel\framework\src\Illuminate\Routing\Route.php(134): Illuminate\Routing\Route->runWithCustomDispatcher(Object(Illuminate\Http\Request))
#25 C:\wamp64\www\memory\vendor\laravel\framework\src\Illuminate\Routing\Router.php(701): Illuminate\Routing\Route->run(Object(Illuminate\Http\Request))
#26 [internal function]: Illuminate\Routing\Router->Illuminate\Routing\{closure}(Object(Illuminate\Http\Request))
#27 C:\wamp64\www\memory\vendor\laravel\framework\src\Illuminate\Pipeline\Pipeline.php(141): call_user_func(Object(Closure), Object(Illuminate\Http\Request))
#28 [internal function]: Illuminate\Pipeline\Pipeline->Illuminate\Pipeline\{closure}(Object(Illuminate\Http\Request))
#29 C:\wamp64\www\memory\vendor\laravel\framework\src\Illuminate\Pipeline\Pipeline.php(100): call_user_func(Object(Closure), Object(Illuminate\Http\Request))
#30 C:\wamp64\www\memory\vendor\laravel\framework\src\Illuminate\Routing\Router.php(703): Illuminate\Pipeline\Pipeline->then(Object(Closure))
#31 C:\wamp64\www\memory\vendor\laravel\framework\src\Illuminate\Routing\Router.php(669): Illuminate\Routing\Router->runRouteWithinStack(Object(Illuminate\Routing\Route), Object(Illuminate\Http\Request))
#32 C:\wamp64\www\memory\vendor\laravel\framework\src\Illuminate\Routing\Router.php(628): Illuminate\Routing\Router->dispatchToRoute(Object(Illuminate\Http\Request))
#33 C:\wamp64\www\memory\vendor\laravel\framework\src\Illuminate\Foundation\Http\Kernel.php(214): Illuminate\Routing\Router->dispatch(Object(Illuminate\Http\Request))
#34 [internal function]: Illuminate\Foundation\Http\Kernel->Illuminate\Foundation\Http\{closure}(Object(Illuminate\Http\Request))
#35 C:\wamp64\www\memory\vendor\laravel\framework\src\Illuminate\Pipeline\Pipeline.php(141): call_user_func(Object(Closure), Object(Illuminate\Http\Request))
#36 C:\wamp64\www\memory\app\Http\Middleware\VerifyCsrfToken.php(65): Illuminate\Pipeline\Pipeline->Illuminate\Pipeline\{closure}(Object(Illuminate\Http\Request))
#37 C:\wamp64\www\memory\vendor\laravel\framework\src\Illuminate\Pipeline\Pipeline.php(125): App\Http\Middleware\VerifyCsrfToken->handle(Object(Illuminate\Http\Request), Object(Closure))
#38 C:\wamp64\www\memory\vendor\laravel\framework\src\Illuminate\View\Middleware\ShareErrorsFromSession.php(55): Illuminate\Pipeline\Pipeline->Illuminate\Pipeline\{closure}(Object(Illuminate\Http\Request))
#39 C:\wamp64\www\memory\vendor\laravel\framework\src\Illuminate\Pipeline\Pipeline.php(125): Illuminate\View\Middleware\ShareErrorsFromSession->handle(Object(Illuminate\Http\Request), Object(Closure))
#40 C:\wamp64\www\memory\vendor\laravel\framework\src\Illuminate\Session\Middleware\StartSession.php(61): Illuminate\Pipeline\Pipeline->Illuminate\Pipeline\{closure}(Object(Illuminate\Http\Request))
#41 C:\wamp64\www\memory\vendor\laravel\framework\src\Illuminate\Pipeline\Pipeline.php(125): Illuminate\Session\Middleware\StartSession->handle(Object(Illuminate\Http\Request), Object(Closure))
#42 C:\wamp64\www\memory\vendor\laravel\framework\src\Illuminate\Cookie\Middleware\AddQueuedCookiesToResponse.php(36): Illuminate\Pipeline\Pipeline->Illuminate\Pipeline\{closure}(Object(Illuminate\Http\Request))
#43 C:\wamp64\www\memory\vendor\laravel\framework\src\Illuminate\Pipeline\Pipeline.php(125): Illuminate\Cookie\Middleware\AddQueuedCookiesToResponse->handle(Object(Illuminate\Http\Request), Object(Closure))
#44 C:\wamp64\www\memory\vendor\laravel\framework\src\Illuminate\Cookie\Middleware\EncryptCookies.php(40): Illuminate\Pipeline\Pipeline->Illuminate\Pipeline\{closure}(Object(Illuminate\Http\Request))
#45 C:\wamp64\www\memory\vendor\laravel\framework\src\Illuminate\Pipeline\Pipeline.php(125): Illuminate\Cookie\Middleware\EncryptCookies->handle(Object(Illuminate\Http\Request), Object(Closure))
#46 C:\wamp64\www\memory\vendor\laravel\framework\src\Illuminate\Foundation\Http\Middleware\CheckForMaintenanceMode.php(42): Illuminate\Pipeline\Pipeline->Illuminate\Pipeline\{closure}(Object(Illuminate\Http\Request))
#47 C:\wamp64\www\memory\vendor\laravel\framework\src\Illuminate\Pipeline\Pipeline.php(125): Illuminate\Foundation\Http\Middleware\CheckForMaintenanceMode->handle(Object(Illuminate\Http\Request), Object(Closure))
#48 [internal function]: Illuminate\Pipeline\Pipeline->Illuminate\Pipeline\{closure}(Object(Illuminate\Http\Request))
#49 C:\wamp64\www\memory\vendor\laravel\framework\src\Illuminate\Pipeline\Pipeline.php(100): call_user_func(Object(Closure), Object(Illuminate\Http\Request))
#50 C:\wamp64\www\memory\vendor\laravel\framework\src\Illuminate\Foundation\Http\Kernel.php(115): Illuminate\Pipeline\Pipeline->then(Object(Closure))
#51 C:\wamp64\www\memory\vendor\laravel\framework\src\Illuminate\Foundation\Http\Kernel.php(84): Illuminate\Foundation\Http\Kernel->sendRequestThroughRouter(Object(Illuminate\Http\Request))
#52 C:\wamp64\www\memory\public\index.php(103): Illuminate\Foundation\Http\Kernel->handle(Object(Illuminate\Http\Request))
#53 {main}

Next Illuminate\Database\QueryException: SQLSTATE[23000]: Integrity constraint violation: 1048 Column 'datefrom' cannot be null (SQL: insert into `savedroutes` (`imei`, `name`, `datefrom`, `dateto`, `distance`, `distance2`, `pausetime`, `updated_at`, `created_at`) values (t1, test1, , , , , , 2019-04-30 21:25:02, 2019-04-30 21:25:02)) in C:\wamp64\www\memory\vendor\laravel\framework\src\Illuminate\Database\Connection.php:624
Stack trace:
#0 C:\wamp64\www\memory\vendor\laravel\framework\src\Illuminate\Database\Connection.php(580): Illuminate\Database\Connection->runQueryCallback('insert into `sa...', Array, Object(Closure))
#1 C:\wamp64\www\memory\vendor\laravel\framework\src\Illuminate\Database\Connection.php(363): Illuminate\Database\Connection->run('insert into `sa...', Array, Object(Closure))
#2 C:\wamp64\www\memory\vendor\laravel\framework\src\Illuminate\Database\Connection.php(320): Illuminate\Database\Connection->statement('insert into `sa...', Array)
#3 C:\wamp64\www\memory\vendor\laravel\framework\src\Illuminate\Database\Query\Processors\Processor.php(30): Illuminate\Database\Connection->insert('insert into `sa...', Array)
#4 C:\wamp64\www\memory\vendor\laravel\framework\src\Illuminate\Database\Query\Builder.php(1725): Illuminate\Database\Query\Processors\Processor->processInsertGetId(Object(Illuminate\Database\Query\Builder), 'insert into `sa...', Array, 'id')
#5 [internal function]: Illuminate\Database\Query\Builder->insertGetId(Array, 'id')
#6 C:\wamp64\www\memory\vendor\laravel\framework\src\Illuminate\Database\Eloquent\Builder.php(933): call_user_func_array(Array, Array)
#7 C:\wamp64\www\memory\vendor\laravel\framework\src\Illuminate\Database\Eloquent\Model.php(1609): Illuminate\Database\Eloquent\Builder->__call('insertGetId', Array)
#8 C:\wamp64\www\memory\vendor\laravel\framework\src\Illuminate\Database\Eloquent\Model.php(1579): Illuminate\Database\Eloquent\Model->insertAndSetId(Object(Illuminate\Database\Eloquent\Builder), Array)
#9 C:\wamp64\www\memory\vendor\laravel\framework\src\Illuminate\Database\Eloquent\Model.php(1485): Illuminate\Database\Eloquent\Model->performInsert(Object(Illuminate\Database\Eloquent\Builder), Array)
#10 C:\wamp64\www\memory\app\Http\Controllers\GeolocController.php(447): Illuminate\Database\Eloquent\Model->save()
#11 [internal function]: App\Http\Controllers\GeolocController->saveRoute()
#12 C:\wamp64\www\memory\vendor\laravel\framework\src\Illuminate\Routing\Controller.php(246): call_user_func_array(Array, Array)
#13 C:\wamp64\www\memory\vendor\laravel\framework\src\Illuminate\Routing\ControllerDispatcher.php(162): Illuminate\Routing\Controller->callAction('saveRoute', Array)
#14 C:\wamp64\www\memory\vendor\laravel\framework\src\Illuminate\Routing\ControllerDispatcher.php(107): Illuminate\Routing\ControllerDispatcher->call(Object(App\Http\Controllers\GeolocController), Object(Illuminate\Routing\Route), 'saveRoute')
#15 [internal function]: Illuminate\Routing\ControllerDispatcher->Illuminate\Routing\{closure}(Object(Illuminate\Http\Request))
#16 C:\wamp64\www\memory\vendor\laravel\framework\src\Illuminate\Pipeline\Pipeline.php(141): call_user_func(Object(Closure), Object(Illuminate\Http\Request))
#17 [internal function]: Illuminate\Pipeline\Pipeline->Illuminate\Pipeline\{closure}(Object(Illuminate\Http\Request))
#18 C:\wamp64\www\memory\vendor\laravel\framework\src\Illuminate\Pipeline\Pipeline.php(100): call_user_func(Object(Closure), Object(Illuminate\Http\Request))
#19 C:\wamp64\www\memory\vendor\laravel\framework\src\Illuminate\Routing\ControllerDispatcher.php(108): Illuminate\Pipeline\Pipeline->then(Object(Closure))
#20 C:\wamp64\www\memory\vendor\laravel\framework\src\Illuminate\Routing\ControllerDispatcher.php(66): Illuminate\Routing\ControllerDispatcher->callWithinStack(Object(App\Http\Controllers\GeolocController), Object(Illuminate\Routing\Route), Object(Illuminate\Http\Request), 'saveRoute')
#21 C:\wamp64\www\memory\vendor\laravel\framework\src\Illuminate\Routing\Route.php(204): Illuminate\Routing\ControllerDispatcher->dispatch(Object(Illuminate\Routing\Route), Object(Illuminate\Http\Request), 'App\\Http\\Contro...', 'saveRoute')
#22 C:\wamp64\www\memory\vendor\laravel\framework\src\Illuminate\Routing\Route.php(134): Illuminate\Routing\Route->runWithCustomDispatcher(Object(Illuminate\Http\Request))
#23 C:\wamp64\www\memory\vendor\laravel\framework\src\Illuminate\Routing\Router.php(701): Illuminate\Routing\Route->run(Object(Illuminate\Http\Request))
#24 [internal function]: Illuminate\Routing\Router->Illuminate\Routing\{closure}(Object(Illuminate\Http\Request))
#25 C:\wamp64\www\memory\vendor\laravel\framework\src\Illuminate\Pipeline\Pipeline.php(141): call_user_func(Object(Closure), Object(Illuminate\Http\Request))
#26 [internal function]: Illuminate\Pipeline\Pipeline->Illuminate\Pipeline\{closure}(Object(Illuminate\Http\Request))
#27 C:\wamp64\www\memory\vendor\laravel\framework\src\Illuminate\Pipeline\Pipeline.php(100): call_user_func(Object(Closure), Object(Illuminate\Http\Request))
#28 C:\wamp64\www\memory\vendor\laravel\framework\src\Illuminate\Routing\Router.php(703): Illuminate\Pipeline\Pipeline->then(Object(Closure))
#29 C:\wamp64\www\memory\vendor\laravel\framework\src\Illuminate\Routing\Router.php(669): Illuminate\Routing\Router->runRouteWithinStack(Object(Illuminate\Routing\Route), Object(Illuminate\Http\Request))
#30 C:\wamp64\www\memory\vendor\laravel\framework\src\Illuminate\Routing\Router.php(628): Illuminate\Routing\Router->dispatchToRoute(Object(Illuminate\Http\Request))
#31 C:\wamp64\www\memory\vendor\laravel\framework\src\Illuminate\Foundation\Http\Kernel.php(214): Illuminate\Routing\Router->dispatch(Object(Illuminate\Http\Request))
#32 [internal function]: Illuminate\Foundation\Http\Kernel->Illuminate\Foundation\Http\{closure}(Object(Illuminate\Http\Request))
#33 C:\wamp64\www\memory\vendor\laravel\framework\src\Illuminate\Pipeline\Pipeline.php(141): call_user_func(Object(Closure), Object(Illuminate\Http\Request))
#34 C:\wamp64\www\memory\app\Http\Middleware\VerifyCsrfToken.php(65): Illuminate\Pipeline\Pipeline->Illuminate\Pipeline\{closure}(Object(Illuminate\Http\Request))
#35 C:\wamp64\www\memory\vendor\laravel\framework\src\Illuminate\Pipeline\Pipeline.php(125): App\Http\Middleware\VerifyCsrfToken->handle(Object(Illuminate\Http\Request), Object(Closure))
#36 C:\wamp64\www\memory\vendor\laravel\framework\src\Illuminate\View\Middleware\ShareErrorsFromSession.php(55): Illuminate\Pipeline\Pipeline->Illuminate\Pipeline\{closure}(Object(Illuminate\Http\Request))
#37 C:\wamp64\www\memory\vendor\laravel\framework\src\Illuminate\Pipeline\Pipeline.php(125): Illuminate\View\Middleware\ShareErrorsFromSession->handle(Object(Illuminate\Http\Request), Object(Closure))
#38 C:\wamp64\www\memory\vendor\laravel\framework\src\Illuminate\Session\Middleware\StartSession.php(61): Illuminate\Pipeline\Pipeline->Illuminate\Pipeline\{closure}(Object(Illuminate\Http\Request))
#39 C:\wamp64\www\memory\vendor\laravel\framework\src\Illuminate\Pipeline\Pipeline.php(125): Illuminate\Session\Middleware\StartSession->handle(Object(Illuminate\Http\Request), Object(Closure))
#40 C:\wamp64\www\memory\vendor\laravel\framework\src\Illuminate\Cookie\Middleware\AddQueuedCookiesToResponse.php(36): Illuminate\Pipeline\Pipeline->Illuminate\Pipeline\{closure}(Object(Illuminate\Http\Request))
#41 C:\wamp64\www\memory\vendor\laravel\framework\src\Illuminate\Pipeline\Pipeline.php(125): Illuminate\Cookie\Middleware\AddQueuedCookiesToResponse->handle(Object(Illuminate\Http\Request), Object(Closure))
#42 C:\wamp64\www\memory\vendor\laravel\framework\src\Illuminate\Cookie\Middleware\EncryptCookies.php(40): Illuminate\Pipeline\Pipeline->Illuminate\Pipeline\{closure}(Object(Illuminate\Http\Request))
#43 C:\wamp64\www\memory\vendor\laravel\framework\src\Illuminate\Pipeline\Pipeline.php(125): Illuminate\Cookie\Middleware\EncryptCookies->handle(Object(Illuminate\Http\Request), Object(Closure))
#44 C:\wamp64\www\memory\vendor\laravel\framework\src\Illuminate\Foundation\Http\Middleware\CheckForMaintenanceMode.php(42): Illuminate\Pipeline\Pipeline->Illuminate\Pipeline\{closure}(Object(Illuminate\Http\Request))
#45 C:\wamp64\www\memory\vendor\laravel\framework\src\Illuminate\Pipeline\Pipeline.php(125): Illuminate\Foundation\Http\Middleware\CheckForMaintenanceMode->handle(Object(Illuminate\Http\Request), Object(Closure))
#46 [internal function]: Illuminate\Pipeline\Pipeline->Illuminate\Pipeline\{closure}(Object(Illuminate\Http\Request))
#47 C:\wamp64\www\memory\vendor\laravel\framework\src\Illuminate\Pipeline\Pipeline.php(100): call_user_func(Object(Closure), Object(Illuminate\Http\Request))
#48 C:\wamp64\www\memory\vendor\laravel\framework\src\Illuminate\Foundation\Http\Kernel.php(115): Illuminate\Pipeline\Pipeline->then(Object(Closure))
#49 C:\wamp64\www\memory\vendor\laravel\framework\src\Illuminate\Foundation\Http\Kernel.php(84): Illuminate\Foundation\Http\Kernel->sendRequestThroughRouter(Object(Illuminate\Http\Request))
#50 C:\wamp64\www\memory\public\index.php(103): Illuminate\Foundation\Http\Kernel->handle(Object(Illuminate\Http\Request))
#51 {main}  
[2019-04-30 21:26:24] local.ERROR: Symfony\Component\Debug\Exception\FatalErrorException: Uncaught TypeError: Argument 1 passed to App\Exceptions\Handler::report() must be an instance of Exception, instance of Error given, called in C:\wamp64\www\memory\vendor\laravel\framework\src\Illuminate\Foundation\Bootstrap\HandleExceptions.php on line 73 and defined in C:\wamp64\www\memory\app\Exceptions\Handler.php:49
Stack trace:
#0 C:\wamp64\www\memory\vendor\laravel\framework\src\Illuminate\Foundation\Bootstrap\HandleExceptions.php(73): App\Exceptions\Handler->report(Object(Error))
#1 [internal function]: Illuminate\Foundation\Bootstrap\HandleExceptions->handleException(Object(Error))
#2 {main}
  thrown in C:\wamp64\www\memory\app\Exceptions\Handler.php:49
Stack trace:
#0 C:\wamp64\www\memory\vendor\laravel\framework\src\Illuminate\Foundation\Bootstrap\HandleExceptions.php(130): Symfony\Component\Debug\Exception\FatalErrorException->__construct()
#1 C:\wamp64\www\memory\vendor\laravel\framework\src\Illuminate\Foundation\Bootstrap\HandleExceptions.php(116): Illuminate\Foundation\Bootstrap\HandleExceptions->fatalExceptionFromError()
#2 C:\wamp64\www\memory\vendor\laravel\framework\src\Illuminate\Foundation\Bootstrap\HandleExceptions.php(0): Illuminate\Foundation\Bootstrap\HandleExceptions->handleShutdown()
#3 {main}  
[2019-04-30 21:26:31] local.ERROR: PDOException: SQLSTATE[23000]: Integrity constraint violation: 1048 Column 'datefrom' cannot be null in C:\wamp64\www\memory\vendor\laravel\framework\src\Illuminate\Database\Connection.php:362
Stack trace:
#0 C:\wamp64\www\memory\vendor\laravel\framework\src\Illuminate\Database\Connection.php(362): PDOStatement->execute(Array)
#1 C:\wamp64\www\memory\vendor\laravel\framework\src\Illuminate\Database\Connection.php(616): Illuminate\Database\Connection->Illuminate\Database\{closure}(Object(Illuminate\Database\MySqlConnection), 'insert into `sa...', Array)
#2 C:\wamp64\www\memory\vendor\laravel\framework\src\Illuminate\Database\Connection.php(580): Illuminate\Database\Connection->runQueryCallback('insert into `sa...', Array, Object(Closure))
#3 C:\wamp64\www\memory\vendor\laravel\framework\src\Illuminate\Database\Connection.php(363): Illuminate\Database\Connection->run('insert into `sa...', Array, Object(Closure))
#4 C:\wamp64\www\memory\vendor\laravel\framework\src\Illuminate\Database\Connection.php(320): Illuminate\Database\Connection->statement('insert into `sa...', Array)
#5 C:\wamp64\www\memory\vendor\laravel\framework\src\Illuminate\Database\Query\Processors\Processor.php(30): Illuminate\Database\Connection->insert('insert into `sa...', Array)
#6 C:\wamp64\www\memory\vendor\laravel\framework\src\Illuminate\Database\Query\Builder.php(1725): Illuminate\Database\Query\Processors\Processor->processInsertGetId(Object(Illuminate\Database\Query\Builder), 'insert into `sa...', Array, 'id')
#7 [internal function]: Illuminate\Database\Query\Builder->insertGetId(Array, 'id')
#8 C:\wamp64\www\memory\vendor\laravel\framework\src\Illuminate\Database\Eloquent\Builder.php(933): call_user_func_array(Array, Array)
#9 C:\wamp64\www\memory\vendor\laravel\framework\src\Illuminate\Database\Eloquent\Model.php(1609): Illuminate\Database\Eloquent\Builder->__call('insertGetId', Array)
#10 C:\wamp64\www\memory\vendor\laravel\framework\src\Illuminate\Database\Eloquent\Model.php(1579): Illuminate\Database\Eloquent\Model->insertAndSetId(Object(Illuminate\Database\Eloquent\Builder), Array)
#11 C:\wamp64\www\memory\vendor\laravel\framework\src\Illuminate\Database\Eloquent\Model.php(1485): Illuminate\Database\Eloquent\Model->performInsert(Object(Illuminate\Database\Eloquent\Builder), Array)
#12 C:\wamp64\www\memory\app\Http\Controllers\GeolocController.php(447): Illuminate\Database\Eloquent\Model->save()
#13 [internal function]: App\Http\Controllers\GeolocController->saveRoute()
#14 C:\wamp64\www\memory\vendor\laravel\framework\src\Illuminate\Routing\Controller.php(246): call_user_func_array(Array, Array)
#15 C:\wamp64\www\memory\vendor\laravel\framework\src\Illuminate\Routing\ControllerDispatcher.php(162): Illuminate\Routing\Controller->callAction('saveRoute', Array)
#16 C:\wamp64\www\memory\vendor\laravel\framework\src\Illuminate\Routing\ControllerDispatcher.php(107): Illuminate\Routing\ControllerDispatcher->call(Object(App\Http\Controllers\GeolocController), Object(Illuminate\Routing\Route), 'saveRoute')
#17 [internal function]: Illuminate\Routing\ControllerDispatcher->Illuminate\Routing\{closure}(Object(Illuminate\Http\Request))
#18 C:\wamp64\www\memory\vendor\laravel\framework\src\Illuminate\Pipeline\Pipeline.php(141): call_user_func(Object(Closure), Object(Illuminate\Http\Request))
#19 [internal function]: Illuminate\Pipeline\Pipeline->Illuminate\Pipeline\{closure}(Object(Illuminate\Http\Request))
#20 C:\wamp64\www\memory\vendor\laravel\framework\src\Illuminate\Pipeline\Pipeline.php(100): call_user_func(Object(Closure), Object(Illuminate\Http\Request))
#21 C:\wamp64\www\memory\vendor\laravel\framework\src\Illuminate\Routing\ControllerDispatcher.php(108): Illuminate\Pipeline\Pipeline->then(Object(Closure))
#22 C:\wamp64\www\memory\vendor\laravel\framework\src\Illuminate\Routing\ControllerDispatcher.php(66): Illuminate\Routing\ControllerDispatcher->callWithinStack(Object(App\Http\Controllers\GeolocController), Object(Illuminate\Routing\Route), Object(Illuminate\Http\Request), 'saveRoute')
#23 C:\wamp64\www\memory\vendor\laravel\framework\src\Illuminate\Routing\Route.php(204): Illuminate\Routing\ControllerDispatcher->dispatch(Object(Illuminate\Routing\Route), Object(Illuminate\Http\Request), 'App\\Http\\Contro...', 'saveRoute')
#24 C:\wamp64\www\memory\vendor\laravel\framework\src\Illuminate\Routing\Route.php(134): Illuminate\Routing\Route->runWithCustomDispatcher(Object(Illuminate\Http\Request))
#25 C:\wamp64\www\memory\vendor\laravel\framework\src\Illuminate\Routing\Router.php(701): Illuminate\Routing\Route->run(Object(Illuminate\Http\Request))
#26 [internal function]: Illuminate\Routing\Router->Illuminate\Routing\{closure}(Object(Illuminate\Http\Request))
#27 C:\wamp64\www\memory\vendor\laravel\framework\src\Illuminate\Pipeline\Pipeline.php(141): call_user_func(Object(Closure), Object(Illuminate\Http\Request))
#28 [internal function]: Illuminate\Pipeline\Pipeline->Illuminate\Pipeline\{closure}(Object(Illuminate\Http\Request))
#29 C:\wamp64\www\memory\vendor\laravel\framework\src\Illuminate\Pipeline\Pipeline.php(100): call_user_func(Object(Closure), Object(Illuminate\Http\Request))
#30 C:\wamp64\www\memory\vendor\laravel\framework\src\Illuminate\Routing\Router.php(703): Illuminate\Pipeline\Pipeline->then(Object(Closure))
#31 C:\wamp64\www\memory\vendor\laravel\framework\src\Illuminate\Routing\Router.php(669): Illuminate\Routing\Router->runRouteWithinStack(Object(Illuminate\Routing\Route), Object(Illuminate\Http\Request))
#32 C:\wamp64\www\memory\vendor\laravel\framework\src\Illuminate\Routing\Router.php(628): Illuminate\Routing\Router->dispatchToRoute(Object(Illuminate\Http\Request))
#33 C:\wamp64\www\memory\vendor\laravel\framework\src\Illuminate\Foundation\Http\Kernel.php(214): Illuminate\Routing\Router->dispatch(Object(Illuminate\Http\Request))
#34 [internal function]: Illuminate\Foundation\Http\Kernel->Illuminate\Foundation\Http\{closure}(Object(Illuminate\Http\Request))
#35 C:\wamp64\www\memory\vendor\laravel\framework\src\Illuminate\Pipeline\Pipeline.php(141): call_user_func(Object(Closure), Object(Illuminate\Http\Request))
#36 C:\wamp64\www\memory\app\Http\Middleware\VerifyCsrfToken.php(65): Illuminate\Pipeline\Pipeline->Illuminate\Pipeline\{closure}(Object(Illuminate\Http\Request))
#37 C:\wamp64\www\memory\vendor\laravel\framework\src\Illuminate\Pipeline\Pipeline.php(125): App\Http\Middleware\VerifyCsrfToken->handle(Object(Illuminate\Http\Request), Object(Closure))
#38 C:\wamp64\www\memory\vendor\laravel\framework\src\Illuminate\View\Middleware\ShareErrorsFromSession.php(55): Illuminate\Pipeline\Pipeline->Illuminate\Pipeline\{closure}(Object(Illuminate\Http\Request))
#39 C:\wamp64\www\memory\vendor\laravel\framework\src\Illuminate\Pipeline\Pipeline.php(125): Illuminate\View\Middleware\ShareErrorsFromSession->handle(Object(Illuminate\Http\Request), Object(Closure))
#40 C:\wamp64\www\memory\vendor\laravel\framework\src\Illuminate\Session\Middleware\StartSession.php(61): Illuminate\Pipeline\Pipeline->Illuminate\Pipeline\{closure}(Object(Illuminate\Http\Request))
#41 C:\wamp64\www\memory\vendor\laravel\framework\src\Illuminate\Pipeline\Pipeline.php(125): Illuminate\Session\Middleware\StartSession->handle(Object(Illuminate\Http\Request), Object(Closure))
#42 C:\wamp64\www\memory\vendor\laravel\framework\src\Illuminate\Cookie\Middleware\AddQueuedCookiesToResponse.php(36): Illuminate\Pipeline\Pipeline->Illuminate\Pipeline\{closure}(Object(Illuminate\Http\Request))
#43 C:\wamp64\www\memory\vendor\laravel\framework\src\Illuminate\Pipeline\Pipeline.php(125): Illuminate\Cookie\Middleware\AddQueuedCookiesToResponse->handle(Object(Illuminate\Http\Request), Object(Closure))
#44 C:\wamp64\www\memory\vendor\laravel\framework\src\Illuminate\Cookie\Middleware\EncryptCookies.php(40): Illuminate\Pipeline\Pipeline->Illuminate\Pipeline\{closure}(Object(Illuminate\Http\Request))
#45 C:\wamp64\www\memory\vendor\laravel\framework\src\Illuminate\Pipeline\Pipeline.php(125): Illuminate\Cookie\Middleware\EncryptCookies->handle(Object(Illuminate\Http\Request), Object(Closure))
#46 C:\wamp64\www\memory\vendor\laravel\framework\src\Illuminate\Foundation\Http\Middleware\CheckForMaintenanceMode.php(42): Illuminate\Pipeline\Pipeline->Illuminate\Pipeline\{closure}(Object(Illuminate\Http\Request))
#47 C:\wamp64\www\memory\vendor\laravel\framework\src\Illuminate\Pipeline\Pipeline.php(125): Illuminate\Foundation\Http\Middleware\CheckForMaintenanceMode->handle(Object(Illuminate\Http\Request), Object(Closure))
#48 [internal function]: Illuminate\Pipeline\Pipeline->Illuminate\Pipeline\{closure}(Object(Illuminate\Http\Request))
#49 C:\wamp64\www\memory\vendor\laravel\framework\src\Illuminate\Pipeline\Pipeline.php(100): call_user_func(Object(Closure), Object(Illuminate\Http\Request))
#50 C:\wamp64\www\memory\vendor\laravel\framework\src\Illuminate\Foundation\Http\Kernel.php(115): Illuminate\Pipeline\Pipeline->then(Object(Closure))
#51 C:\wamp64\www\memory\vendor\laravel\framework\src\Illuminate\Foundation\Http\Kernel.php(84): Illuminate\Foundation\Http\Kernel->sendRequestThroughRouter(Object(Illuminate\Http\Request))
#52 C:\wamp64\www\memory\public\index.php(103): Illuminate\Foundation\Http\Kernel->handle(Object(Illuminate\Http\Request))
#53 {main}

Next Illuminate\Database\QueryException: SQLSTATE[23000]: Integrity constraint violation: 1048 Column 'datefrom' cannot be null (SQL: insert into `savedroutes` (`imei`, `name`, `datefrom`, `dateto`, `distance`, `distance2`, `pausetime`, `updated_at`, `created_at`) values (t1, test1, , , , , , 2019-04-30 21:26:31, 2019-04-30 21:26:31)) in C:\wamp64\www\memory\vendor\laravel\framework\src\Illuminate\Database\Connection.php:624
Stack trace:
#0 C:\wamp64\www\memory\vendor\laravel\framework\src\Illuminate\Database\Connection.php(580): Illuminate\Database\Connection->runQueryCallback('insert into `sa...', Array, Object(Closure))
#1 C:\wamp64\www\memory\vendor\laravel\framework\src\Illuminate\Database\Connection.php(363): Illuminate\Database\Connection->run('insert into `sa...', Array, Object(Closure))
#2 C:\wamp64\www\memory\vendor\laravel\framework\src\Illuminate\Database\Connection.php(320): Illuminate\Database\Connection->statement('insert into `sa...', Array)
#3 C:\wamp64\www\memory\vendor\laravel\framework\src\Illuminate\Database\Query\Processors\Processor.php(30): Illuminate\Database\Connection->insert('insert into `sa...', Array)
#4 C:\wamp64\www\memory\vendor\laravel\framework\src\Illuminate\Database\Query\Builder.php(1725): Illuminate\Database\Query\Processors\Processor->processInsertGetId(Object(Illuminate\Database\Query\Builder), 'insert into `sa...', Array, 'id')
#5 [internal function]: Illuminate\Database\Query\Builder->insertGetId(Array, 'id')
#6 C:\wamp64\www\memory\vendor\laravel\framework\src\Illuminate\Database\Eloquent\Builder.php(933): call_user_func_array(Array, Array)
#7 C:\wamp64\www\memory\vendor\laravel\framework\src\Illuminate\Database\Eloquent\Model.php(1609): Illuminate\Database\Eloquent\Builder->__call('insertGetId', Array)
#8 C:\wamp64\www\memory\vendor\laravel\framework\src\Illuminate\Database\Eloquent\Model.php(1579): Illuminate\Database\Eloquent\Model->insertAndSetId(Object(Illuminate\Database\Eloquent\Builder), Array)
#9 C:\wamp64\www\memory\vendor\laravel\framework\src\Illuminate\Database\Eloquent\Model.php(1485): Illuminate\Database\Eloquent\Model->performInsert(Object(Illuminate\Database\Eloquent\Builder), Array)
#10 C:\wamp64\www\memory\app\Http\Controllers\GeolocController.php(447): Illuminate\Database\Eloquent\Model->save()
#11 [internal function]: App\Http\Controllers\GeolocController->saveRoute()
#12 C:\wamp64\www\memory\vendor\laravel\framework\src\Illuminate\Routing\Controller.php(246): call_user_func_array(Array, Array)
#13 C:\wamp64\www\memory\vendor\laravel\framework\src\Illuminate\Routing\ControllerDispatcher.php(162): Illuminate\Routing\Controller->callAction('saveRoute', Array)
#14 C:\wamp64\www\memory\vendor\laravel\framework\src\Illuminate\Routing\ControllerDispatcher.php(107): Illuminate\Routing\ControllerDispatcher->call(Object(App\Http\Controllers\GeolocController), Object(Illuminate\Routing\Route), 'saveRoute')
#15 [internal function]: Illuminate\Routing\ControllerDispatcher->Illuminate\Routing\{closure}(Object(Illuminate\Http\Request))
#16 C:\wamp64\www\memory\vendor\laravel\framework\src\Illuminate\Pipeline\Pipeline.php(141): call_user_func(Object(Closure), Object(Illuminate\Http\Request))
#17 [internal function]: Illuminate\Pipeline\Pipeline->Illuminate\Pipeline\{closure}(Object(Illuminate\Http\Request))
#18 C:\wamp64\www\memory\vendor\laravel\framework\src\Illuminate\Pipeline\Pipeline.php(100): call_user_func(Object(Closure), Object(Illuminate\Http\Request))
#19 C:\wamp64\www\memory\vendor\laravel\framework\src\Illuminate\Routing\ControllerDispatcher.php(108): Illuminate\Pipeline\Pipeline->then(Object(Closure))
#20 C:\wamp64\www\memory\vendor\laravel\framework\src\Illuminate\Routing\ControllerDispatcher.php(66): Illuminate\Routing\ControllerDispatcher->callWithinStack(Object(App\Http\Controllers\GeolocController), Object(Illuminate\Routing\Route), Object(Illuminate\Http\Request), 'saveRoute')
#21 C:\wamp64\www\memory\vendor\laravel\framework\src\Illuminate\Routing\Route.php(204): Illuminate\Routing\ControllerDispatcher->dispatch(Object(Illuminate\Routing\Route), Object(Illuminate\Http\Request), 'App\\Http\\Contro...', 'saveRoute')
#22 C:\wamp64\www\memory\vendor\laravel\framework\src\Illuminate\Routing\Route.php(134): Illuminate\Routing\Route->runWithCustomDispatcher(Object(Illuminate\Http\Request))
#23 C:\wamp64\www\memory\vendor\laravel\framework\src\Illuminate\Routing\Router.php(701): Illuminate\Routing\Route->run(Object(Illuminate\Http\Request))
#24 [internal function]: Illuminate\Routing\Router->Illuminate\Routing\{closure}(Object(Illuminate\Http\Request))
#25 C:\wamp64\www\memory\vendor\laravel\framework\src\Illuminate\Pipeline\Pipeline.php(141): call_user_func(Object(Closure), Object(Illuminate\Http\Request))
#26 [internal function]: Illuminate\Pipeline\Pipeline->Illuminate\Pipeline\{closure}(Object(Illuminate\Http\Request))
#27 C:\wamp64\www\memory\vendor\laravel\framework\src\Illuminate\Pipeline\Pipeline.php(100): call_user_func(Object(Closure), Object(Illuminate\Http\Request))
#28 C:\wamp64\www\memory\vendor\laravel\framework\src\Illuminate\Routing\Router.php(703): Illuminate\Pipeline\Pipeline->then(Object(Closure))
#29 C:\wamp64\www\memory\vendor\laravel\framework\src\Illuminate\Routing\Router.php(669): Illuminate\Routing\Router->runRouteWithinStack(Object(Illuminate\Routing\Route), Object(Illuminate\Http\Request))
#30 C:\wamp64\www\memory\vendor\laravel\framework\src\Illuminate\Routing\Router.php(628): Illuminate\Routing\Router->dispatchToRoute(Object(Illuminate\Http\Request))
#31 C:\wamp64\www\memory\vendor\laravel\framework\src\Illuminate\Foundation\Http\Kernel.php(214): Illuminate\Routing\Router->dispatch(Object(Illuminate\Http\Request))
#32 [internal function]: Illuminate\Foundation\Http\Kernel->Illuminate\Foundation\Http\{closure}(Object(Illuminate\Http\Request))
#33 C:\wamp64\www\memory\vendor\laravel\framework\src\Illuminate\Pipeline\Pipeline.php(141): call_user_func(Object(Closure), Object(Illuminate\Http\Request))
#34 C:\wamp64\www\memory\app\Http\Middleware\VerifyCsrfToken.php(65): Illuminate\Pipeline\Pipeline->Illuminate\Pipeline\{closure}(Object(Illuminate\Http\Request))
#35 C:\wamp64\www\memory\vendor\laravel\framework\src\Illuminate\Pipeline\Pipeline.php(125): App\Http\Middleware\VerifyCsrfToken->handle(Object(Illuminate\Http\Request), Object(Closure))
#36 C:\wamp64\www\memory\vendor\laravel\framework\src\Illuminate\View\Middleware\ShareErrorsFromSession.php(55): Illuminate\Pipeline\Pipeline->Illuminate\Pipeline\{closure}(Object(Illuminate\Http\Request))
#37 C:\wamp64\www\memory\vendor\laravel\framework\src\Illuminate\Pipeline\Pipeline.php(125): Illuminate\View\Middleware\ShareErrorsFromSession->handle(Object(Illuminate\Http\Request), Object(Closure))
#38 C:\wamp64\www\memory\vendor\laravel\framework\src\Illuminate\Session\Middleware\StartSession.php(61): Illuminate\Pipeline\Pipeline->Illuminate\Pipeline\{closure}(Object(Illuminate\Http\Request))
#39 C:\wamp64\www\memory\vendor\laravel\framework\src\Illuminate\Pipeline\Pipeline.php(125): Illuminate\Session\Middleware\StartSession->handle(Object(Illuminate\Http\Request), Object(Closure))
#40 C:\wamp64\www\memory\vendor\laravel\framework\src\Illuminate\Cookie\Middleware\AddQueuedCookiesToResponse.php(36): Illuminate\Pipeline\Pipeline->Illuminate\Pipeline\{closure}(Object(Illuminate\Http\Request))
#41 C:\wamp64\www\memory\vendor\laravel\framework\src\Illuminate\Pipeline\Pipeline.php(125): Illuminate\Cookie\Middleware\AddQueuedCookiesToResponse->handle(Object(Illuminate\Http\Request), Object(Closure))
#42 C:\wamp64\www\memory\vendor\laravel\framework\src\Illuminate\Cookie\Middleware\EncryptCookies.php(40): Illuminate\Pipeline\Pipeline->Illuminate\Pipeline\{closure}(Object(Illuminate\Http\Request))
#43 C:\wamp64\www\memory\vendor\laravel\framework\src\Illuminate\Pipeline\Pipeline.php(125): Illuminate\Cookie\Middleware\EncryptCookies->handle(Object(Illuminate\Http\Request), Object(Closure))
#44 C:\wamp64\www\memory\vendor\laravel\framework\src\Illuminate\Foundation\Http\Middleware\CheckForMaintenanceMode.php(42): Illuminate\Pipeline\Pipeline->Illuminate\Pipeline\{closure}(Object(Illuminate\Http\Request))
#45 C:\wamp64\www\memory\vendor\laravel\framework\src\Illuminate\Pipeline\Pipeline.php(125): Illuminate\Foundation\Http\Middleware\CheckForMaintenanceMode->handle(Object(Illuminate\Http\Request), Object(Closure))
#46 [internal function]: Illuminate\Pipeline\Pipeline->Illuminate\Pipeline\{closure}(Object(Illuminate\Http\Request))
#47 C:\wamp64\www\memory\vendor\laravel\framework\src\Illuminate\Pipeline\Pipeline.php(100): call_user_func(Object(Closure), Object(Illuminate\Http\Request))
#48 C:\wamp64\www\memory\vendor\laravel\framework\src\Illuminate\Foundation\Http\Kernel.php(115): Illuminate\Pipeline\Pipeline->then(Object(Closure))
#49 C:\wamp64\www\memory\vendor\laravel\framework\src\Illuminate\Foundation\Http\Kernel.php(84): Illuminate\Foundation\Http\Kernel->sendRequestThroughRouter(Object(Illuminate\Http\Request))
#50 C:\wamp64\www\memory\public\index.php(103): Illuminate\Foundation\Http\Kernel->handle(Object(Illuminate\Http\Request))
#51 {main}  
[2019-04-30 21:27:14] local.ERROR: Symfony\Component\Debug\Exception\FatalErrorException: Uncaught TypeError: Argument 1 passed to App\Exceptions\Handler::report() must be an instance of Exception, instance of Error given, called in C:\wamp64\www\memory\vendor\laravel\framework\src\Illuminate\Foundation\Bootstrap\HandleExceptions.php on line 73 and defined in C:\wamp64\www\memory\app\Exceptions\Handler.php:49
Stack trace:
#0 C:\wamp64\www\memory\vendor\laravel\framework\src\Illuminate\Foundation\Bootstrap\HandleExceptions.php(73): App\Exceptions\Handler->report(Object(Error))
#1 [internal function]: Illuminate\Foundation\Bootstrap\HandleExceptions->handleException(Object(Error))
#2 {main}
  thrown in C:\wamp64\www\memory\app\Exceptions\Handler.php:49
Stack trace:
#0 C:\wamp64\www\memory\vendor\laravel\framework\src\Illuminate\Foundation\Bootstrap\HandleExceptions.php(130): Symfony\Component\Debug\Exception\FatalErrorException->__construct()
#1 C:\wamp64\www\memory\vendor\laravel\framework\src\Illuminate\Foundation\Bootstrap\HandleExceptions.php(116): Illuminate\Foundation\Bootstrap\HandleExceptions->fatalExceptionFromError()
#2 C:\wamp64\www\memory\vendor\laravel\framework\src\Illuminate\Foundation\Bootstrap\HandleExceptions.php(0): Illuminate\Foundation\Bootstrap\HandleExceptions->handleShutdown()
#3 {main}  
[2019-04-30 21:27:19] local.ERROR: PDOException: SQLSTATE[23000]: Integrity constraint violation: 1048 Column 'datefrom' cannot be null in C:\wamp64\www\memory\vendor\laravel\framework\src\Illuminate\Database\Connection.php:362
Stack trace:
#0 C:\wamp64\www\memory\vendor\laravel\framework\src\Illuminate\Database\Connection.php(362): PDOStatement->execute(Array)
#1 C:\wamp64\www\memory\vendor\laravel\framework\src\Illuminate\Database\Connection.php(616): Illuminate\Database\Connection->Illuminate\Database\{closure}(Object(Illuminate\Database\MySqlConnection), 'insert into `sa...', Array)
#2 C:\wamp64\www\memory\vendor\laravel\framework\src\Illuminate\Database\Connection.php(580): Illuminate\Database\Connection->runQueryCallback('insert into `sa...', Array, Object(Closure))
#3 C:\wamp64\www\memory\vendor\laravel\framework\src\Illuminate\Database\Connection.php(363): Illuminate\Database\Connection->run('insert into `sa...', Array, Object(Closure))
#4 C:\wamp64\www\memory\vendor\laravel\framework\src\Illuminate\Database\Connection.php(320): Illuminate\Database\Connection->statement('insert into `sa...', Array)
#5 C:\wamp64\www\memory\vendor\laravel\framework\src\Illuminate\Database\Query\Processors\Processor.php(30): Illuminate\Database\Connection->insert('insert into `sa...', Array)
#6 C:\wamp64\www\memory\vendor\laravel\framework\src\Illuminate\Database\Query\Builder.php(1725): Illuminate\Database\Query\Processors\Processor->processInsertGetId(Object(Illuminate\Database\Query\Builder), 'insert into `sa...', Array, 'id')
#7 [internal function]: Illuminate\Database\Query\Builder->insertGetId(Array, 'id')
#8 C:\wamp64\www\memory\vendor\laravel\framework\src\Illuminate\Database\Eloquent\Builder.php(933): call_user_func_array(Array, Array)
#9 C:\wamp64\www\memory\vendor\laravel\framework\src\Illuminate\Database\Eloquent\Model.php(1609): Illuminate\Database\Eloquent\Builder->__call('insertGetId', Array)
#10 C:\wamp64\www\memory\vendor\laravel\framework\src\Illuminate\Database\Eloquent\Model.php(1579): Illuminate\Database\Eloquent\Model->insertAndSetId(Object(Illuminate\Database\Eloquent\Builder), Array)
#11 C:\wamp64\www\memory\vendor\laravel\framework\src\Illuminate\Database\Eloquent\Model.php(1485): Illuminate\Database\Eloquent\Model->performInsert(Object(Illuminate\Database\Eloquent\Builder), Array)
#12 C:\wamp64\www\memory\app\Http\Controllers\GeolocController.php(447): Illuminate\Database\Eloquent\Model->save()
#13 [internal function]: App\Http\Controllers\GeolocController->saveRoute()
#14 C:\wamp64\www\memory\vendor\laravel\framework\src\Illuminate\Routing\Controller.php(246): call_user_func_array(Array, Array)
#15 C:\wamp64\www\memory\vendor\laravel\framework\src\Illuminate\Routing\ControllerDispatcher.php(162): Illuminate\Routing\Controller->callAction('saveRoute', Array)
#16 C:\wamp64\www\memory\vendor\laravel\framework\src\Illuminate\Routing\ControllerDispatcher.php(107): Illuminate\Routing\ControllerDispatcher->call(Object(App\Http\Controllers\GeolocController), Object(Illuminate\Routing\Route), 'saveRoute')
#17 [internal function]: Illuminate\Routing\ControllerDispatcher->Illuminate\Routing\{closure}(Object(Illuminate\Http\Request))
#18 C:\wamp64\www\memory\vendor\laravel\framework\src\Illuminate\Pipeline\Pipeline.php(141): call_user_func(Object(Closure), Object(Illuminate\Http\Request))
#19 [internal function]: Illuminate\Pipeline\Pipeline->Illuminate\Pipeline\{closure}(Object(Illuminate\Http\Request))
#20 C:\wamp64\www\memory\vendor\laravel\framework\src\Illuminate\Pipeline\Pipeline.php(100): call_user_func(Object(Closure), Object(Illuminate\Http\Request))
#21 C:\wamp64\www\memory\vendor\laravel\framework\src\Illuminate\Routing\ControllerDispatcher.php(108): Illuminate\Pipeline\Pipeline->then(Object(Closure))
#22 C:\wamp64\www\memory\vendor\laravel\framework\src\Illuminate\Routing\ControllerDispatcher.php(66): Illuminate\Routing\ControllerDispatcher->callWithinStack(Object(App\Http\Controllers\GeolocController), Object(Illuminate\Routing\Route), Object(Illuminate\Http\Request), 'saveRoute')
#23 C:\wamp64\www\memory\vendor\laravel\framework\src\Illuminate\Routing\Route.php(204): Illuminate\Routing\ControllerDispatcher->dispatch(Object(Illuminate\Routing\Route), Object(Illuminate\Http\Request), 'App\\Http\\Contro...', 'saveRoute')
#24 C:\wamp64\www\memory\vendor\laravel\framework\src\Illuminate\Routing\Route.php(134): Illuminate\Routing\Route->runWithCustomDispatcher(Object(Illuminate\Http\Request))
#25 C:\wamp64\www\memory\vendor\laravel\framework\src\Illuminate\Routing\Router.php(701): Illuminate\Routing\Route->run(Object(Illuminate\Http\Request))
#26 [internal function]: Illuminate\Routing\Router->Illuminate\Routing\{closure}(Object(Illuminate\Http\Request))
#27 C:\wamp64\www\memory\vendor\laravel\framework\src\Illuminate\Pipeline\Pipeline.php(141): call_user_func(Object(Closure), Object(Illuminate\Http\Request))
#28 [internal function]: Illuminate\Pipeline\Pipeline->Illuminate\Pipeline\{closure}(Object(Illuminate\Http\Request))
#29 C:\wamp64\www\memory\vendor\laravel\framework\src\Illuminate\Pipeline\Pipeline.php(100): call_user_func(Object(Closure), Object(Illuminate\Http\Request))
#30 C:\wamp64\www\memory\vendor\laravel\framework\src\Illuminate\Routing\Router.php(703): Illuminate\Pipeline\Pipeline->then(Object(Closure))
#31 C:\wamp64\www\memory\vendor\laravel\framework\src\Illuminate\Routing\Router.php(669): Illuminate\Routing\Router->runRouteWithinStack(Object(Illuminate\Routing\Route), Object(Illuminate\Http\Request))
#32 C:\wamp64\www\memory\vendor\laravel\framework\src\Illuminate\Routing\Router.php(628): Illuminate\Routing\Router->dispatchToRoute(Object(Illuminate\Http\Request))
#33 C:\wamp64\www\memory\vendor\laravel\framework\src\Illuminate\Foundation\Http\Kernel.php(214): Illuminate\Routing\Router->dispatch(Object(Illuminate\Http\Request))
#34 [internal function]: Illuminate\Foundation\Http\Kernel->Illuminate\Foundation\Http\{closure}(Object(Illuminate\Http\Request))
#35 C:\wamp64\www\memory\vendor\laravel\framework\src\Illuminate\Pipeline\Pipeline.php(141): call_user_func(Object(Closure), Object(Illuminate\Http\Request))
#36 C:\wamp64\www\memory\app\Http\Middleware\VerifyCsrfToken.php(67): Illuminate\Pipeline\Pipeline->Illuminate\Pipeline\{closure}(Object(Illuminate\Http\Request))
#37 C:\wamp64\www\memory\vendor\laravel\framework\src\Illuminate\Pipeline\Pipeline.php(125): App\Http\Middleware\VerifyCsrfToken->handle(Object(Illuminate\Http\Request), Object(Closure))
#38 C:\wamp64\www\memory\vendor\laravel\framework\src\Illuminate\View\Middleware\ShareErrorsFromSession.php(55): Illuminate\Pipeline\Pipeline->Illuminate\Pipeline\{closure}(Object(Illuminate\Http\Request))
#39 C:\wamp64\www\memory\vendor\laravel\framework\src\Illuminate\Pipeline\Pipeline.php(125): Illuminate\View\Middleware\ShareErrorsFromSession->handle(Object(Illuminate\Http\Request), Object(Closure))
#40 C:\wamp64\www\memory\vendor\laravel\framework\src\Illuminate\Session\Middleware\StartSession.php(61): Illuminate\Pipeline\Pipeline->Illuminate\Pipeline\{closure}(Object(Illuminate\Http\Request))
#41 C:\wamp64\www\memory\vendor\laravel\framework\src\Illuminate\Pipeline\Pipeline.php(125): Illuminate\Session\Middleware\StartSession->handle(Object(Illuminate\Http\Request), Object(Closure))
#42 C:\wamp64\www\memory\vendor\laravel\framework\src\Illuminate\Cookie\Middleware\AddQueuedCookiesToResponse.php(36): Illuminate\Pipeline\Pipeline->Illuminate\Pipeline\{closure}(Object(Illuminate\Http\Request))
#43 C:\wamp64\www\memory\vendor\laravel\framework\src\Illuminate\Pipeline\Pipeline.php(125): Illuminate\Cookie\Middleware\AddQueuedCookiesToResponse->handle(Object(Illuminate\Http\Request), Object(Closure))
#44 C:\wamp64\www\memory\vendor\laravel\framework\src\Illuminate\Cookie\Middleware\EncryptCookies.php(40): Illuminate\Pipeline\Pipeline->Illuminate\Pipeline\{closure}(Object(Illuminate\Http\Request))
#45 C:\wamp64\www\memory\vendor\laravel\framework\src\Illuminate\Pipeline\Pipeline.php(125): Illuminate\Cookie\Middleware\EncryptCookies->handle(Object(Illuminate\Http\Request), Object(Closure))
#46 C:\wamp64\www\memory\vendor\laravel\framework\src\Illuminate\Foundation\Http\Middleware\CheckForMaintenanceMode.php(42): Illuminate\Pipeline\Pipeline->Illuminate\Pipeline\{closure}(Object(Illuminate\Http\Request))
#47 C:\wamp64\www\memory\vendor\laravel\framework\src\Illuminate\Pipeline\Pipeline.php(125): Illuminate\Foundation\Http\Middleware\CheckForMaintenanceMode->handle(Object(Illuminate\Http\Request), Object(Closure))
#48 [internal function]: Illuminate\Pipeline\Pipeline->Illuminate\Pipeline\{closure}(Object(Illuminate\Http\Request))
#49 C:\wamp64\www\memory\vendor\laravel\framework\src\Illuminate\Pipeline\Pipeline.php(100): call_user_func(Object(Closure), Object(Illuminate\Http\Request))
#50 C:\wamp64\www\memory\vendor\laravel\framework\src\Illuminate\Foundation\Http\Kernel.php(115): Illuminate\Pipeline\Pipeline->then(Object(Closure))
#51 C:\wamp64\www\memory\vendor\laravel\framework\src\Illuminate\Foundation\Http\Kernel.php(84): Illuminate\Foundation\Http\Kernel->sendRequestThroughRouter(Object(Illuminate\Http\Request))
#52 C:\wamp64\www\memory\public\index.php(103): Illuminate\Foundation\Http\Kernel->handle(Object(Illuminate\Http\Request))
#53 {main}

Next Illuminate\Database\QueryException: SQLSTATE[23000]: Integrity constraint violation: 1048 Column 'datefrom' cannot be null (SQL: insert into `savedroutes` (`imei`, `name`, `datefrom`, `dateto`, `distance`, `distance2`, `pausetime`, `updated_at`, `created_at`) values (t1, test1, , , , , , 2019-04-30 21:27:19, 2019-04-30 21:27:19)) in C:\wamp64\www\memory\vendor\laravel\framework\src\Illuminate\Database\Connection.php:624
Stack trace:
#0 C:\wamp64\www\memory\vendor\laravel\framework\src\Illuminate\Database\Connection.php(580): Illuminate\Database\Connection->runQueryCallback('insert into `sa...', Array, Object(Closure))
#1 C:\wamp64\www\memory\vendor\laravel\framework\src\Illuminate\Database\Connection.php(363): Illuminate\Database\Connection->run('insert into `sa...', Array, Object(Closure))
#2 C:\wamp64\www\memory\vendor\laravel\framework\src\Illuminate\Database\Connection.php(320): Illuminate\Database\Connection->statement('insert into `sa...', Array)
#3 C:\wamp64\www\memory\vendor\laravel\framework\src\Illuminate\Database\Query\Processors\Processor.php(30): Illuminate\Database\Connection->insert('insert into `sa...', Array)
#4 C:\wamp64\www\memory\vendor\laravel\framework\src\Illuminate\Database\Query\Builder.php(1725): Illuminate\Database\Query\Processors\Processor->processInsertGetId(Object(Illuminate\Database\Query\Builder), 'insert into `sa...', Array, 'id')
#5 [internal function]: Illuminate\Database\Query\Builder->insertGetId(Array, 'id')
#6 C:\wamp64\www\memory\vendor\laravel\framework\src\Illuminate\Database\Eloquent\Builder.php(933): call_user_func_array(Array, Array)
#7 C:\wamp64\www\memory\vendor\laravel\framework\src\Illuminate\Database\Eloquent\Model.php(1609): Illuminate\Database\Eloquent\Builder->__call('insertGetId', Array)
#8 C:\wamp64\www\memory\vendor\laravel\framework\src\Illuminate\Database\Eloquent\Model.php(1579): Illuminate\Database\Eloquent\Model->insertAndSetId(Object(Illuminate\Database\Eloquent\Builder), Array)
#9 C:\wamp64\www\memory\vendor\laravel\framework\src\Illuminate\Database\Eloquent\Model.php(1485): Illuminate\Database\Eloquent\Model->performInsert(Object(Illuminate\Database\Eloquent\Builder), Array)
#10 C:\wamp64\www\memory\app\Http\Controllers\GeolocController.php(447): Illuminate\Database\Eloquent\Model->save()
#11 [internal function]: App\Http\Controllers\GeolocController->saveRoute()
#12 C:\wamp64\www\memory\vendor\laravel\framework\src\Illuminate\Routing\Controller.php(246): call_user_func_array(Array, Array)
#13 C:\wamp64\www\memory\vendor\laravel\framework\src\Illuminate\Routing\ControllerDispatcher.php(162): Illuminate\Routing\Controller->callAction('saveRoute', Array)
#14 C:\wamp64\www\memory\vendor\laravel\framework\src\Illuminate\Routing\ControllerDispatcher.php(107): Illuminate\Routing\ControllerDispatcher->call(Object(App\Http\Controllers\GeolocController), Object(Illuminate\Routing\Route), 'saveRoute')
#15 [internal function]: Illuminate\Routing\ControllerDispatcher->Illuminate\Routing\{closure}(Object(Illuminate\Http\Request))
#16 C:\wamp64\www\memory\vendor\laravel\framework\src\Illuminate\Pipeline\Pipeline.php(141): call_user_func(Object(Closure), Object(Illuminate\Http\Request))
#17 [internal function]: Illuminate\Pipeline\Pipeline->Illuminate\Pipeline\{closure}(Object(Illuminate\Http\Request))
#18 C:\wamp64\www\memory\vendor\laravel\framework\src\Illuminate\Pipeline\Pipeline.php(100): call_user_func(Object(Closure), Object(Illuminate\Http\Request))
#19 C:\wamp64\www\memory\vendor\laravel\framework\src\Illuminate\Routing\ControllerDispatcher.php(108): Illuminate\Pipeline\Pipeline->then(Object(Closure))
#20 C:\wamp64\www\memory\vendor\laravel\framework\src\Illuminate\Routing\ControllerDispatcher.php(66): Illuminate\Routing\ControllerDispatcher->callWithinStack(Object(App\Http\Controllers\GeolocController), Object(Illuminate\Routing\Route), Object(Illuminate\Http\Request), 'saveRoute')
#21 C:\wamp64\www\memory\vendor\laravel\framework\src\Illuminate\Routing\Route.php(204): Illuminate\Routing\ControllerDispatcher->dispatch(Object(Illuminate\Routing\Route), Object(Illuminate\Http\Request), 'App\\Http\\Contro...', 'saveRoute')
#22 C:\wamp64\www\memory\vendor\laravel\framework\src\Illuminate\Routing\Route.php(134): Illuminate\Routing\Route->runWithCustomDispatcher(Object(Illuminate\Http\Request))
#23 C:\wamp64\www\memory\vendor\laravel\framework\src\Illuminate\Routing\Router.php(701): Illuminate\Routing\Route->run(Object(Illuminate\Http\Request))
#24 [internal function]: Illuminate\Routing\Router->Illuminate\Routing\{closure}(Object(Illuminate\Http\Request))
#25 C:\wamp64\www\memory\vendor\laravel\framework\src\Illuminate\Pipeline\Pipeline.php(141): call_user_func(Object(Closure), Object(Illuminate\Http\Request))
#26 [internal function]: Illuminate\Pipeline\Pipeline->Illuminate\Pipeline\{closure}(Object(Illuminate\Http\Request))
#27 C:\wamp64\www\memory\vendor\laravel\framework\src\Illuminate\Pipeline\Pipeline.php(100): call_user_func(Object(Closure), Object(Illuminate\Http\Request))
#28 C:\wamp64\www\memory\vendor\laravel\framework\src\Illuminate\Routing\Router.php(703): Illuminate\Pipeline\Pipeline->then(Object(Closure))
#29 C:\wamp64\www\memory\vendor\laravel\framework\src\Illuminate\Routing\Router.php(669): Illuminate\Routing\Router->runRouteWithinStack(Object(Illuminate\Routing\Route), Object(Illuminate\Http\Request))
#30 C:\wamp64\www\memory\vendor\laravel\framework\src\Illuminate\Routing\Router.php(628): Illuminate\Routing\Router->dispatchToRoute(Object(Illuminate\Http\Request))
#31 C:\wamp64\www\memory\vendor\laravel\framework\src\Illuminate\Foundation\Http\Kernel.php(214): Illuminate\Routing\Router->dispatch(Object(Illuminate\Http\Request))
#32 [internal function]: Illuminate\Foundation\Http\Kernel->Illuminate\Foundation\Http\{closure}(Object(Illuminate\Http\Request))
#33 C:\wamp64\www\memory\vendor\laravel\framework\src\Illuminate\Pipeline\Pipeline.php(141): call_user_func(Object(Closure), Object(Illuminate\Http\Request))
#34 C:\wamp64\www\memory\app\Http\Middleware\VerifyCsrfToken.php(67): Illuminate\Pipeline\Pipeline->Illuminate\Pipeline\{closure}(Object(Illuminate\Http\Request))
#35 C:\wamp64\www\memory\vendor\laravel\framework\src\Illuminate\Pipeline\Pipeline.php(125): App\Http\Middleware\VerifyCsrfToken->handle(Object(Illuminate\Http\Request), Object(Closure))
#36 C:\wamp64\www\memory\vendor\laravel\framework\src\Illuminate\View\Middleware\ShareErrorsFromSession.php(55): Illuminate\Pipeline\Pipeline->Illuminate\Pipeline\{closure}(Object(Illuminate\Http\Request))
#37 C:\wamp64\www\memory\vendor\laravel\framework\src\Illuminate\Pipeline\Pipeline.php(125): Illuminate\View\Middleware\ShareErrorsFromSession->handle(Object(Illuminate\Http\Request), Object(Closure))
#38 C:\wamp64\www\memory\vendor\laravel\framework\src\Illuminate\Session\Middleware\StartSession.php(61): Illuminate\Pipeline\Pipeline->Illuminate\Pipeline\{closure}(Object(Illuminate\Http\Request))
#39 C:\wamp64\www\memory\vendor\laravel\framework\src\Illuminate\Pipeline\Pipeline.php(125): Illuminate\Session\Middleware\StartSession->handle(Object(Illuminate\Http\Request), Object(Closure))
#40 C:\wamp64\www\memory\vendor\laravel\framework\src\Illuminate\Cookie\Middleware\AddQueuedCookiesToResponse.php(36): Illuminate\Pipeline\Pipeline->Illuminate\Pipeline\{closure}(Object(Illuminate\Http\Request))
#41 C:\wamp64\www\memory\vendor\laravel\framework\src\Illuminate\Pipeline\Pipeline.php(125): Illuminate\Cookie\Middleware\AddQueuedCookiesToResponse->handle(Object(Illuminate\Http\Request), Object(Closure))
#42 C:\wamp64\www\memory\vendor\laravel\framework\src\Illuminate\Cookie\Middleware\EncryptCookies.php(40): Illuminate\Pipeline\Pipeline->Illuminate\Pipeline\{closure}(Object(Illuminate\Http\Request))
#43 C:\wamp64\www\memory\vendor\laravel\framework\src\Illuminate\Pipeline\Pipeline.php(125): Illuminate\Cookie\Middleware\EncryptCookies->handle(Object(Illuminate\Http\Request), Object(Closure))
#44 C:\wamp64\www\memory\vendor\laravel\framework\src\Illuminate\Foundation\Http\Middleware\CheckForMaintenanceMode.php(42): Illuminate\Pipeline\Pipeline->Illuminate\Pipeline\{closure}(Object(Illuminate\Http\Request))
#45 C:\wamp64\www\memory\vendor\laravel\framework\src\Illuminate\Pipeline\Pipeline.php(125): Illuminate\Foundation\Http\Middleware\CheckForMaintenanceMode->handle(Object(Illuminate\Http\Request), Object(Closure))
#46 [internal function]: Illuminate\Pipeline\Pipeline->Illuminate\Pipeline\{closure}(Object(Illuminate\Http\Request))
#47 C:\wamp64\www\memory\vendor\laravel\framework\src\Illuminate\Pipeline\Pipeline.php(100): call_user_func(Object(Closure), Object(Illuminate\Http\Request))
#48 C:\wamp64\www\memory\vendor\laravel\framework\src\Illuminate\Foundation\Http\Kernel.php(115): Illuminate\Pipeline\Pipeline->then(Object(Closure))
#49 C:\wamp64\www\memory\vendor\laravel\framework\src\Illuminate\Foundation\Http\Kernel.php(84): Illuminate\Foundation\Http\Kernel->sendRequestThroughRouter(Object(Illuminate\Http\Request))
#50 C:\wamp64\www\memory\public\index.php(103): Illuminate\Foundation\Http\Kernel->handle(Object(Illuminate\Http\Request))
#51 {main}  
[2019-04-30 21:29:01] local.ERROR: PDOException: SQLSTATE[23000]: Integrity constraint violation: 1048 Column 'datefrom' cannot be null in C:\wamp64\www\memory\vendor\laravel\framework\src\Illuminate\Database\Connection.php:362
Stack trace:
#0 C:\wamp64\www\memory\vendor\laravel\framework\src\Illuminate\Database\Connection.php(362): PDOStatement->execute(Array)
#1 C:\wamp64\www\memory\vendor\laravel\framework\src\Illuminate\Database\Connection.php(616): Illuminate\Database\Connection->Illuminate\Database\{closure}(Object(Illuminate\Database\MySqlConnection), 'insert into `sa...', Array)
#2 C:\wamp64\www\memory\vendor\laravel\framework\src\Illuminate\Database\Connection.php(580): Illuminate\Database\Connection->runQueryCallback('insert into `sa...', Array, Object(Closure))
#3 C:\wamp64\www\memory\vendor\laravel\framework\src\Illuminate\Database\Connection.php(363): Illuminate\Database\Connection->run('insert into `sa...', Array, Object(Closure))
#4 C:\wamp64\www\memory\vendor\laravel\framework\src\Illuminate\Database\Connection.php(320): Illuminate\Database\Connection->statement('insert into `sa...', Array)
#5 C:\wamp64\www\memory\vendor\laravel\framework\src\Illuminate\Database\Query\Processors\Processor.php(30): Illuminate\Database\Connection->insert('insert into `sa...', Array)
#6 C:\wamp64\www\memory\vendor\laravel\framework\src\Illuminate\Database\Query\Builder.php(1725): Illuminate\Database\Query\Processors\Processor->processInsertGetId(Object(Illuminate\Database\Query\Builder), 'insert into `sa...', Array, 'id')
#7 [internal function]: Illuminate\Database\Query\Builder->insertGetId(Array, 'id')
#8 C:\wamp64\www\memory\vendor\laravel\framework\src\Illuminate\Database\Eloquent\Builder.php(933): call_user_func_array(Array, Array)
#9 C:\wamp64\www\memory\vendor\laravel\framework\src\Illuminate\Database\Eloquent\Model.php(1609): Illuminate\Database\Eloquent\Builder->__call('insertGetId', Array)
#10 C:\wamp64\www\memory\vendor\laravel\framework\src\Illuminate\Database\Eloquent\Model.php(1579): Illuminate\Database\Eloquent\Model->insertAndSetId(Object(Illuminate\Database\Eloquent\Builder), Array)
#11 C:\wamp64\www\memory\vendor\laravel\framework\src\Illuminate\Database\Eloquent\Model.php(1485): Illuminate\Database\Eloquent\Model->performInsert(Object(Illuminate\Database\Eloquent\Builder), Array)
#12 C:\wamp64\www\memory\app\Http\Controllers\GeolocController.php(459): Illuminate\Database\Eloquent\Model->save()
#13 [internal function]: App\Http\Controllers\GeolocController->saveRoute()
#14 C:\wamp64\www\memory\vendor\laravel\framework\src\Illuminate\Routing\Controller.php(246): call_user_func_array(Array, Array)
#15 C:\wamp64\www\memory\vendor\laravel\framework\src\Illuminate\Routing\ControllerDispatcher.php(162): Illuminate\Routing\Controller->callAction('saveRoute', Array)
#16 C:\wamp64\www\memory\vendor\laravel\framework\src\Illuminate\Routing\ControllerDispatcher.php(107): Illuminate\Routing\ControllerDispatcher->call(Object(App\Http\Controllers\GeolocController), Object(Illuminate\Routing\Route), 'saveRoute')
#17 [internal function]: Illuminate\Routing\ControllerDispatcher->Illuminate\Routing\{closure}(Object(Illuminate\Http\Request))
#18 C:\wamp64\www\memory\vendor\laravel\framework\src\Illuminate\Pipeline\Pipeline.php(141): call_user_func(Object(Closure), Object(Illuminate\Http\Request))
#19 [internal function]: Illuminate\Pipeline\Pipeline->Illuminate\Pipeline\{closure}(Object(Illuminate\Http\Request))
#20 C:\wamp64\www\memory\vendor\laravel\framework\src\Illuminate\Pipeline\Pipeline.php(100): call_user_func(Object(Closure), Object(Illuminate\Http\Request))
#21 C:\wamp64\www\memory\vendor\laravel\framework\src\Illuminate\Routing\ControllerDispatcher.php(108): Illuminate\Pipeline\Pipeline->then(Object(Closure))
#22 C:\wamp64\www\memory\vendor\laravel\framework\src\Illuminate\Routing\ControllerDispatcher.php(66): Illuminate\Routing\ControllerDispatcher->callWithinStack(Object(App\Http\Controllers\GeolocController), Object(Illuminate\Routing\Route), Object(Illuminate\Http\Request), 'saveRoute')
#23 C:\wamp64\www\memory\vendor\laravel\framework\src\Illuminate\Routing\Route.php(204): Illuminate\Routing\ControllerDispatcher->dispatch(Object(Illuminate\Routing\Route), Object(Illuminate\Http\Request), 'App\\Http\\Contro...', 'saveRoute')
#24 C:\wamp64\www\memory\vendor\laravel\framework\src\Illuminate\Routing\Route.php(134): Illuminate\Routing\Route->runWithCustomDispatcher(Object(Illuminate\Http\Request))
#25 C:\wamp64\www\memory\vendor\laravel\framework\src\Illuminate\Routing\Router.php(701): Illuminate\Routing\Route->run(Object(Illuminate\Http\Request))
#26 [internal function]: Illuminate\Routing\Router->Illuminate\Routing\{closure}(Object(Illuminate\Http\Request))
#27 C:\wamp64\www\memory\vendor\laravel\framework\src\Illuminate\Pipeline\Pipeline.php(141): call_user_func(Object(Closure), Object(Illuminate\Http\Request))
#28 [internal function]: Illuminate\Pipeline\Pipeline->Illuminate\Pipeline\{closure}(Object(Illuminate\Http\Request))
#29 C:\wamp64\www\memory\vendor\laravel\framework\src\Illuminate\Pipeline\Pipeline.php(100): call_user_func(Object(Closure), Object(Illuminate\Http\Request))
#30 C:\wamp64\www\memory\vendor\laravel\framework\src\Illuminate\Routing\Router.php(703): Illuminate\Pipeline\Pipeline->then(Object(Closure))
#31 C:\wamp64\www\memory\vendor\laravel\framework\src\Illuminate\Routing\Router.php(669): Illuminate\Routing\Router->runRouteWithinStack(Object(Illuminate\Routing\Route), Object(Illuminate\Http\Request))
#32 C:\wamp64\www\memory\vendor\laravel\framework\src\Illuminate\Routing\Router.php(628): Illuminate\Routing\Router->dispatchToRoute(Object(Illuminate\Http\Request))
#33 C:\wamp64\www\memory\vendor\laravel\framework\src\Illuminate\Foundation\Http\Kernel.php(214): Illuminate\Routing\Router->dispatch(Object(Illuminate\Http\Request))
#34 [internal function]: Illuminate\Foundation\Http\Kernel->Illuminate\Foundation\Http\{closure}(Object(Illuminate\Http\Request))
#35 C:\wamp64\www\memory\vendor\laravel\framework\src\Illuminate\Pipeline\Pipeline.php(141): call_user_func(Object(Closure), Object(Illuminate\Http\Request))
#36 C:\wamp64\www\memory\app\Http\Middleware\VerifyCsrfToken.php(67): Illuminate\Pipeline\Pipeline->Illuminate\Pipeline\{closure}(Object(Illuminate\Http\Request))
#37 C:\wamp64\www\memory\vendor\laravel\framework\src\Illuminate\Pipeline\Pipeline.php(125): App\Http\Middleware\VerifyCsrfToken->handle(Object(Illuminate\Http\Request), Object(Closure))
#38 C:\wamp64\www\memory\vendor\laravel\framework\src\Illuminate\View\Middleware\ShareErrorsFromSession.php(55): Illuminate\Pipeline\Pipeline->Illuminate\Pipeline\{closure}(Object(Illuminate\Http\Request))
#39 C:\wamp64\www\memory\vendor\laravel\framework\src\Illuminate\Pipeline\Pipeline.php(125): Illuminate\View\Middleware\ShareErrorsFromSession->handle(Object(Illuminate\Http\Request), Object(Closure))
#40 C:\wamp64\www\memory\vendor\laravel\framework\src\Illuminate\Session\Middleware\StartSession.php(61): Illuminate\Pipeline\Pipeline->Illuminate\Pipeline\{closure}(Object(Illuminate\Http\Request))
#41 C:\wamp64\www\memory\vendor\laravel\framework\src\Illuminate\Pipeline\Pipeline.php(125): Illuminate\Session\Middleware\StartSession->handle(Object(Illuminate\Http\Request), Object(Closure))
#42 C:\wamp64\www\memory\vendor\laravel\framework\src\Illuminate\Cookie\Middleware\AddQueuedCookiesToResponse.php(36): Illuminate\Pipeline\Pipeline->Illuminate\Pipeline\{closure}(Object(Illuminate\Http\Request))
#43 C:\wamp64\www\memory\vendor\laravel\framework\src\Illuminate\Pipeline\Pipeline.php(125): Illuminate\Cookie\Middleware\AddQueuedCookiesToResponse->handle(Object(Illuminate\Http\Request), Object(Closure))
#44 C:\wamp64\www\memory\vendor\laravel\framework\src\Illuminate\Cookie\Middleware\EncryptCookies.php(40): Illuminate\Pipeline\Pipeline->Illuminate\Pipeline\{closure}(Object(Illuminate\Http\Request))
#45 C:\wamp64\www\memory\vendor\laravel\framework\src\Illuminate\Pipeline\Pipeline.php(125): Illuminate\Cookie\Middleware\EncryptCookies->handle(Object(Illuminate\Http\Request), Object(Closure))
#46 C:\wamp64\www\memory\vendor\laravel\framework\src\Illuminate\Foundation\Http\Middleware\CheckForMaintenanceMode.php(42): Illuminate\Pipeline\Pipeline->Illuminate\Pipeline\{closure}(Object(Illuminate\Http\Request))
#47 C:\wamp64\www\memory\vendor\laravel\framework\src\Illuminate\Pipeline\Pipeline.php(125): Illuminate\Foundation\Http\Middleware\CheckForMaintenanceMode->handle(Object(Illuminate\Http\Request), Object(Closure))
#48 [internal function]: Illuminate\Pipeline\Pipeline->Illuminate\Pipeline\{closure}(Object(Illuminate\Http\Request))
#49 C:\wamp64\www\memory\vendor\laravel\framework\src\Illuminate\Pipeline\Pipeline.php(100): call_user_func(Object(Closure), Object(Illuminate\Http\Request))
#50 C:\wamp64\www\memory\vendor\laravel\framework\src\Illuminate\Foundation\Http\Kernel.php(115): Illuminate\Pipeline\Pipeline->then(Object(Closure))
#51 C:\wamp64\www\memory\vendor\laravel\framework\src\Illuminate\Foundation\Http\Kernel.php(84): Illuminate\Foundation\Http\Kernel->sendRequestThroughRouter(Object(Illuminate\Http\Request))
#52 C:\wamp64\www\memory\public\index.php(103): Illuminate\Foundation\Http\Kernel->handle(Object(Illuminate\Http\Request))
#53 {main}

Next Illuminate\Database\QueryException: SQLSTATE[23000]: Integrity constraint violation: 1048 Column 'datefrom' cannot be null (SQL: insert into `savedroutes` (`imei`, `name`, `datefrom`, `dateto`, `distance`, `distance2`, `pausetime`, `updated_at`, `created_at`) values (t1, test1, , , , , , 2019-04-30 21:29:01, 2019-04-30 21:29:01)) in C:\wamp64\www\memory\vendor\laravel\framework\src\Illuminate\Database\Connection.php:624
Stack trace:
#0 C:\wamp64\www\memory\vendor\laravel\framework\src\Illuminate\Database\Connection.php(580): Illuminate\Database\Connection->runQueryCallback('insert into `sa...', Array, Object(Closure))
#1 C:\wamp64\www\memory\vendor\laravel\framework\src\Illuminate\Database\Connection.php(363): Illuminate\Database\Connection->run('insert into `sa...', Array, Object(Closure))
#2 C:\wamp64\www\memory\vendor\laravel\framework\src\Illuminate\Database\Connection.php(320): Illuminate\Database\Connection->statement('insert into `sa...', Array)
#3 C:\wamp64\www\memory\vendor\laravel\framework\src\Illuminate\Database\Query\Processors\Processor.php(30): Illuminate\Database\Connection->insert('insert into `sa...', Array)
#4 C:\wamp64\www\memory\vendor\laravel\framework\src\Illuminate\Database\Query\Builder.php(1725): Illuminate\Database\Query\Processors\Processor->processInsertGetId(Object(Illuminate\Database\Query\Builder), 'insert into `sa...', Array, 'id')
#5 [internal function]: Illuminate\Database\Query\Builder->insertGetId(Array, 'id')
#6 C:\wamp64\www\memory\vendor\laravel\framework\src\Illuminate\Database\Eloquent\Builder.php(933): call_user_func_array(Array, Array)
#7 C:\wamp64\www\memory\vendor\laravel\framework\src\Illuminate\Database\Eloquent\Model.php(1609): Illuminate\Database\Eloquent\Builder->__call('insertGetId', Array)
#8 C:\wamp64\www\memory\vendor\laravel\framework\src\Illuminate\Database\Eloquent\Model.php(1579): Illuminate\Database\Eloquent\Model->insertAndSetId(Object(Illuminate\Database\Eloquent\Builder), Array)
#9 C:\wamp64\www\memory\vendor\laravel\framework\src\Illuminate\Database\Eloquent\Model.php(1485): Illuminate\Database\Eloquent\Model->performInsert(Object(Illuminate\Database\Eloquent\Builder), Array)
#10 C:\wamp64\www\memory\app\Http\Controllers\GeolocController.php(459): Illuminate\Database\Eloquent\Model->save()
#11 [internal function]: App\Http\Controllers\GeolocController->saveRoute()
#12 C:\wamp64\www\memory\vendor\laravel\framework\src\Illuminate\Routing\Controller.php(246): call_user_func_array(Array, Array)
#13 C:\wamp64\www\memory\vendor\laravel\framework\src\Illuminate\Routing\ControllerDispatcher.php(162): Illuminate\Routing\Controller->callAction('saveRoute', Array)
#14 C:\wamp64\www\memory\vendor\laravel\framework\src\Illuminate\Routing\ControllerDispatcher.php(107): Illuminate\Routing\ControllerDispatcher->call(Object(App\Http\Controllers\GeolocController), Object(Illuminate\Routing\Route), 'saveRoute')
#15 [internal function]: Illuminate\Routing\ControllerDispatcher->Illuminate\Routing\{closure}(Object(Illuminate\Http\Request))
#16 C:\wamp64\www\memory\vendor\laravel\framework\src\Illuminate\Pipeline\Pipeline.php(141): call_user_func(Object(Closure), Object(Illuminate\Http\Request))
#17 [internal function]: Illuminate\Pipeline\Pipeline->Illuminate\Pipeline\{closure}(Object(Illuminate\Http\Request))
#18 C:\wamp64\www\memory\vendor\laravel\framework\src\Illuminate\Pipeline\Pipeline.php(100): call_user_func(Object(Closure), Object(Illuminate\Http\Request))
#19 C:\wamp64\www\memory\vendor\laravel\framework\src\Illuminate\Routing\ControllerDispatcher.php(108): Illuminate\Pipeline\Pipeline->then(Object(Closure))
#20 C:\wamp64\www\memory\vendor\laravel\framework\src\Illuminate\Routing\ControllerDispatcher.php(66): Illuminate\Routing\ControllerDispatcher->callWithinStack(Object(App\Http\Controllers\GeolocController), Object(Illuminate\Routing\Route), Object(Illuminate\Http\Request), 'saveRoute')
#21 C:\wamp64\www\memory\vendor\laravel\framework\src\Illuminate\Routing\Route.php(204): Illuminate\Routing\ControllerDispatcher->dispatch(Object(Illuminate\Routing\Route), Object(Illuminate\Http\Request), 'App\\Http\\Contro...', 'saveRoute')
#22 C:\wamp64\www\memory\vendor\laravel\framework\src\Illuminate\Routing\Route.php(134): Illuminate\Routing\Route->runWithCustomDispatcher(Object(Illuminate\Http\Request))
#23 C:\wamp64\www\memory\vendor\laravel\framework\src\Illuminate\Routing\Router.php(701): Illuminate\Routing\Route->run(Object(Illuminate\Http\Request))
#24 [internal function]: Illuminate\Routing\Router->Illuminate\Routing\{closure}(Object(Illuminate\Http\Request))
#25 C:\wamp64\www\memory\vendor\laravel\framework\src\Illuminate\Pipeline\Pipeline.php(141): call_user_func(Object(Closure), Object(Illuminate\Http\Request))
#26 [internal function]: Illuminate\Pipeline\Pipeline->Illuminate\Pipeline\{closure}(Object(Illuminate\Http\Request))
#27 C:\wamp64\www\memory\vendor\laravel\framework\src\Illuminate\Pipeline\Pipeline.php(100): call_user_func(Object(Closure), Object(Illuminate\Http\Request))
#28 C:\wamp64\www\memory\vendor\laravel\framework\src\Illuminate\Routing\Router.php(703): Illuminate\Pipeline\Pipeline->then(Object(Closure))
#29 C:\wamp64\www\memory\vendor\laravel\framework\src\Illuminate\Routing\Router.php(669): Illuminate\Routing\Router->runRouteWithinStack(Object(Illuminate\Routing\Route), Object(Illuminate\Http\Request))
#30 C:\wamp64\www\memory\vendor\laravel\framework\src\Illuminate\Routing\Router.php(628): Illuminate\Routing\Router->dispatchToRoute(Object(Illuminate\Http\Request))
#31 C:\wamp64\www\memory\vendor\laravel\framework\src\Illuminate\Foundation\Http\Kernel.php(214): Illuminate\Routing\Router->dispatch(Object(Illuminate\Http\Request))
#32 [internal function]: Illuminate\Foundation\Http\Kernel->Illuminate\Foundation\Http\{closure}(Object(Illuminate\Http\Request))
#33 C:\wamp64\www\memory\vendor\laravel\framework\src\Illuminate\Pipeline\Pipeline.php(141): call_user_func(Object(Closure), Object(Illuminate\Http\Request))
#34 C:\wamp64\www\memory\app\Http\Middleware\VerifyCsrfToken.php(67): Illuminate\Pipeline\Pipeline->Illuminate\Pipeline\{closure}(Object(Illuminate\Http\Request))
#35 C:\wamp64\www\memory\vendor\laravel\framework\src\Illuminate\Pipeline\Pipeline.php(125): App\Http\Middleware\VerifyCsrfToken->handle(Object(Illuminate\Http\Request), Object(Closure))
#36 C:\wamp64\www\memory\vendor\laravel\framework\src\Illuminate\View\Middleware\ShareErrorsFromSession.php(55): Illuminate\Pipeline\Pipeline->Illuminate\Pipeline\{closure}(Object(Illuminate\Http\Request))
#37 C:\wamp64\www\memory\vendor\laravel\framework\src\Illuminate\Pipeline\Pipeline.php(125): Illuminate\View\Middleware\ShareErrorsFromSession->handle(Object(Illuminate\Http\Request), Object(Closure))
#38 C:\wamp64\www\memory\vendor\laravel\framework\src\Illuminate\Session\Middleware\StartSession.php(61): Illuminate\Pipeline\Pipeline->Illuminate\Pipeline\{closure}(Object(Illuminate\Http\Request))
#39 C:\wamp64\www\memory\vendor\laravel\framework\src\Illuminate\Pipeline\Pipeline.php(125): Illuminate\Session\Middleware\StartSession->handle(Object(Illuminate\Http\Request), Object(Closure))
#40 C:\wamp64\www\memory\vendor\laravel\framework\src\Illuminate\Cookie\Middleware\AddQueuedCookiesToResponse.php(36): Illuminate\Pipeline\Pipeline->Illuminate\Pipeline\{closure}(Object(Illuminate\Http\Request))
#41 C:\wamp64\www\memory\vendor\laravel\framework\src\Illuminate\Pipeline\Pipeline.php(125): Illuminate\Cookie\Middleware\AddQueuedCookiesToResponse->handle(Object(Illuminate\Http\Request), Object(Closure))
#42 C:\wamp64\www\memory\vendor\laravel\framework\src\Illuminate\Cookie\Middleware\EncryptCookies.php(40): Illuminate\Pipeline\Pipeline->Illuminate\Pipeline\{closure}(Object(Illuminate\Http\Request))
#43 C:\wamp64\www\memory\vendor\laravel\framework\src\Illuminate\Pipeline\Pipeline.php(125): Illuminate\Cookie\Middleware\EncryptCookies->handle(Object(Illuminate\Http\Request), Object(Closure))
#44 C:\wamp64\www\memory\vendor\laravel\framework\src\Illuminate\Foundation\Http\Middleware\CheckForMaintenanceMode.php(42): Illuminate\Pipeline\Pipeline->Illuminate\Pipeline\{closure}(Object(Illuminate\Http\Request))
#45 C:\wamp64\www\memory\vendor\laravel\framework\src\Illuminate\Pipeline\Pipeline.php(125): Illuminate\Foundation\Http\Middleware\CheckForMaintenanceMode->handle(Object(Illuminate\Http\Request), Object(Closure))
#46 [internal function]: Illuminate\Pipeline\Pipeline->Illuminate\Pipeline\{closure}(Object(Illuminate\Http\Request))
#47 C:\wamp64\www\memory\vendor\laravel\framework\src\Illuminate\Pipeline\Pipeline.php(100): call_user_func(Object(Closure), Object(Illuminate\Http\Request))
#48 C:\wamp64\www\memory\vendor\laravel\framework\src\Illuminate\Foundation\Http\Kernel.php(115): Illuminate\Pipeline\Pipeline->then(Object(Closure))
#49 C:\wamp64\www\memory\vendor\laravel\framework\src\Illuminate\Foundation\Http\Kernel.php(84): Illuminate\Foundation\Http\Kernel->sendRequestThroughRouter(Object(Illuminate\Http\Request))
#50 C:\wamp64\www\memory\public\index.php(103): Illuminate\Foundation\Http\Kernel->handle(Object(Illuminate\Http\Request))
#51 {main}  
[2019-04-30 21:35:38] local.ERROR: ErrorException: Trying to get property 'id' of non-object in C:\wamp64\www\memory\app\Http\Controllers\GeolocController.php:424
Stack trace:
#0 C:\wamp64\www\memory\app\Http\Controllers\GeolocController.php(424): Illuminate\Foundation\Bootstrap\HandleExceptions->handleError(8, 'Trying to get p...', 'C:\\wamp64\\www\\m...', 424, Array)
#1 [internal function]: App\Http\Controllers\GeolocController->savePlace()
#2 C:\wamp64\www\memory\vendor\laravel\framework\src\Illuminate\Routing\Controller.php(246): call_user_func_array(Array, Array)
#3 C:\wamp64\www\memory\vendor\laravel\framework\src\Illuminate\Routing\ControllerDispatcher.php(162): Illuminate\Routing\Controller->callAction('savePlace', Array)
#4 C:\wamp64\www\memory\vendor\laravel\framework\src\Illuminate\Routing\ControllerDispatcher.php(107): Illuminate\Routing\ControllerDispatcher->call(Object(App\Http\Controllers\GeolocController), Object(Illuminate\Routing\Route), 'savePlace')
#5 [internal function]: Illuminate\Routing\ControllerDispatcher->Illuminate\Routing\{closure}(Object(Illuminate\Http\Request))
#6 C:\wamp64\www\memory\vendor\laravel\framework\src\Illuminate\Pipeline\Pipeline.php(141): call_user_func(Object(Closure), Object(Illuminate\Http\Request))
#7 [internal function]: Illuminate\Pipeline\Pipeline->Illuminate\Pipeline\{closure}(Object(Illuminate\Http\Request))
#8 C:\wamp64\www\memory\vendor\laravel\framework\src\Illuminate\Pipeline\Pipeline.php(100): call_user_func(Object(Closure), Object(Illuminate\Http\Request))
#9 C:\wamp64\www\memory\vendor\laravel\framework\src\Illuminate\Routing\ControllerDispatcher.php(108): Illuminate\Pipeline\Pipeline->then(Object(Closure))
#10 C:\wamp64\www\memory\vendor\laravel\framework\src\Illuminate\Routing\ControllerDispatcher.php(66): Illuminate\Routing\ControllerDispatcher->callWithinStack(Object(App\Http\Controllers\GeolocController), Object(Illuminate\Routing\Route), Object(Illuminate\Http\Request), 'savePlace')
#11 C:\wamp64\www\memory\vendor\laravel\framework\src\Illuminate\Routing\Route.php(204): Illuminate\Routing\ControllerDispatcher->dispatch(Object(Illuminate\Routing\Route), Object(Illuminate\Http\Request), 'App\\Http\\Contro...', 'savePlace')
#12 C:\wamp64\www\memory\vendor\laravel\framework\src\Illuminate\Routing\Route.php(134): Illuminate\Routing\Route->runWithCustomDispatcher(Object(Illuminate\Http\Request))
#13 C:\wamp64\www\memory\vendor\laravel\framework\src\Illuminate\Routing\Router.php(701): Illuminate\Routing\Route->run(Object(Illuminate\Http\Request))
#14 [internal function]: Illuminate\Routing\Router->Illuminate\Routing\{closure}(Object(Illuminate\Http\Request))
#15 C:\wamp64\www\memory\vendor\laravel\framework\src\Illuminate\Pipeline\Pipeline.php(141): call_user_func(Object(Closure), Object(Illuminate\Http\Request))
#16 [internal function]: Illuminate\Pipeline\Pipeline->Illuminate\Pipeline\{closure}(Object(Illuminate\Http\Request))
#17 C:\wamp64\www\memory\vendor\laravel\framework\src\Illuminate\Pipeline\Pipeline.php(100): call_user_func(Object(Closure), Object(Illuminate\Http\Request))
#18 C:\wamp64\www\memory\vendor\laravel\framework\src\Illuminate\Routing\Router.php(703): Illuminate\Pipeline\Pipeline->then(Object(Closure))
#19 C:\wamp64\www\memory\vendor\laravel\framework\src\Illuminate\Routing\Router.php(669): Illuminate\Routing\Router->runRouteWithinStack(Object(Illuminate\Routing\Route), Object(Illuminate\Http\Request))
#20 C:\wamp64\www\memory\vendor\laravel\framework\src\Illuminate\Routing\Router.php(628): Illuminate\Routing\Router->dispatchToRoute(Object(Illuminate\Http\Request))
#21 C:\wamp64\www\memory\vendor\laravel\framework\src\Illuminate\Foundation\Http\Kernel.php(214): Illuminate\Routing\Router->dispatch(Object(Illuminate\Http\Request))
#22 [internal function]: Illuminate\Foundation\Http\Kernel->Illuminate\Foundation\Http\{closure}(Object(Illuminate\Http\Request))
#23 C:\wamp64\www\memory\vendor\laravel\framework\src\Illuminate\Pipeline\Pipeline.php(141): call_user_func(Object(Closure), Object(Illuminate\Http\Request))
#24 C:\wamp64\www\memory\app\Http\Middleware\VerifyCsrfToken.php(67): Illuminate\Pipeline\Pipeline->Illuminate\Pipeline\{closure}(Object(Illuminate\Http\Request))
#25 C:\wamp64\www\memory\vendor\laravel\framework\src\Illuminate\Pipeline\Pipeline.php(125): App\Http\Middleware\VerifyCsrfToken->handle(Object(Illuminate\Http\Request), Object(Closure))
#26 C:\wamp64\www\memory\vendor\laravel\framework\src\Illuminate\View\Middleware\ShareErrorsFromSession.php(55): Illuminate\Pipeline\Pipeline->Illuminate\Pipeline\{closure}(Object(Illuminate\Http\Request))
#27 C:\wamp64\www\memory\vendor\laravel\framework\src\Illuminate\Pipeline\Pipeline.php(125): Illuminate\View\Middleware\ShareErrorsFromSession->handle(Object(Illuminate\Http\Request), Object(Closure))
#28 C:\wamp64\www\memory\vendor\laravel\framework\src\Illuminate\Session\Middleware\StartSession.php(61): Illuminate\Pipeline\Pipeline->Illuminate\Pipeline\{closure}(Object(Illuminate\Http\Request))
#29 C:\wamp64\www\memory\vendor\laravel\framework\src\Illuminate\Pipeline\Pipeline.php(125): Illuminate\Session\Middleware\StartSession->handle(Object(Illuminate\Http\Request), Object(Closure))
#30 C:\wamp64\www\memory\vendor\laravel\framework\src\Illuminate\Cookie\Middleware\AddQueuedCookiesToResponse.php(36): Illuminate\Pipeline\Pipeline->Illuminate\Pipeline\{closure}(Object(Illuminate\Http\Request))
#31 C:\wamp64\www\memory\vendor\laravel\framework\src\Illuminate\Pipeline\Pipeline.php(125): Illuminate\Cookie\Middleware\AddQueuedCookiesToResponse->handle(Object(Illuminate\Http\Request), Object(Closure))
#32 C:\wamp64\www\memory\vendor\laravel\framework\src\Illuminate\Cookie\Middleware\EncryptCookies.php(40): Illuminate\Pipeline\Pipeline->Illuminate\Pipeline\{closure}(Object(Illuminate\Http\Request))
#33 C:\wamp64\www\memory\vendor\laravel\framework\src\Illuminate\Pipeline\Pipeline.php(125): Illuminate\Cookie\Middleware\EncryptCookies->handle(Object(Illuminate\Http\Request), Object(Closure))
#34 C:\wamp64\www\memory\vendor\laravel\framework\src\Illuminate\Foundation\Http\Middleware\CheckForMaintenanceMode.php(42): Illuminate\Pipeline\Pipeline->Illuminate\Pipeline\{closure}(Object(Illuminate\Http\Request))
#35 C:\wamp64\www\memory\vendor\laravel\framework\src\Illuminate\Pipeline\Pipeline.php(125): Illuminate\Foundation\Http\Middleware\CheckForMaintenanceMode->handle(Object(Illuminate\Http\Request), Object(Closure))
#36 [internal function]: Illuminate\Pipeline\Pipeline->Illuminate\Pipeline\{closure}(Object(Illuminate\Http\Request))
#37 C:\wamp64\www\memory\vendor\laravel\framework\src\Illuminate\Pipeline\Pipeline.php(100): call_user_func(Object(Closure), Object(Illuminate\Http\Request))
#38 C:\wamp64\www\memory\vendor\laravel\framework\src\Illuminate\Foundation\Http\Kernel.php(115): Illuminate\Pipeline\Pipeline->then(Object(Closure))
#39 C:\wamp64\www\memory\vendor\laravel\framework\src\Illuminate\Foundation\Http\Kernel.php(84): Illuminate\Foundation\Http\Kernel->sendRequestThroughRouter(Object(Illuminate\Http\Request))
#40 C:\wamp64\www\memory\public\index.php(103): Illuminate\Foundation\Http\Kernel->handle(Object(Illuminate\Http\Request))
#41 {main}  
[2019-04-30 21:36:21] local.ERROR: ErrorException: Undefined variable: imei in C:\wamp64\www\memory\app\Http\Controllers\GeolocController.php:432
Stack trace:
#0 C:\wamp64\www\memory\app\Http\Controllers\GeolocController.php(432): Illuminate\Foundation\Bootstrap\HandleExceptions->handleError(8, 'Undefined varia...', 'C:\\wamp64\\www\\m...', 432, Array)
#1 [internal function]: App\Http\Controllers\GeolocController->savePlace()
#2 C:\wamp64\www\memory\vendor\laravel\framework\src\Illuminate\Routing\Controller.php(246): call_user_func_array(Array, Array)
#3 C:\wamp64\www\memory\vendor\laravel\framework\src\Illuminate\Routing\ControllerDispatcher.php(162): Illuminate\Routing\Controller->callAction('savePlace', Array)
#4 C:\wamp64\www\memory\vendor\laravel\framework\src\Illuminate\Routing\ControllerDispatcher.php(107): Illuminate\Routing\ControllerDispatcher->call(Object(App\Http\Controllers\GeolocController), Object(Illuminate\Routing\Route), 'savePlace')
#5 [internal function]: Illuminate\Routing\ControllerDispatcher->Illuminate\Routing\{closure}(Object(Illuminate\Http\Request))
#6 C:\wamp64\www\memory\vendor\laravel\framework\src\Illuminate\Pipeline\Pipeline.php(141): call_user_func(Object(Closure), Object(Illuminate\Http\Request))
#7 [internal function]: Illuminate\Pipeline\Pipeline->Illuminate\Pipeline\{closure}(Object(Illuminate\Http\Request))
#8 C:\wamp64\www\memory\vendor\laravel\framework\src\Illuminate\Pipeline\Pipeline.php(100): call_user_func(Object(Closure), Object(Illuminate\Http\Request))
#9 C:\wamp64\www\memory\vendor\laravel\framework\src\Illuminate\Routing\ControllerDispatcher.php(108): Illuminate\Pipeline\Pipeline->then(Object(Closure))
#10 C:\wamp64\www\memory\vendor\laravel\framework\src\Illuminate\Routing\ControllerDispatcher.php(66): Illuminate\Routing\ControllerDispatcher->callWithinStack(Object(App\Http\Controllers\GeolocController), Object(Illuminate\Routing\Route), Object(Illuminate\Http\Request), 'savePlace')
#11 C:\wamp64\www\memory\vendor\laravel\framework\src\Illuminate\Routing\Route.php(204): Illuminate\Routing\ControllerDispatcher->dispatch(Object(Illuminate\Routing\Route), Object(Illuminate\Http\Request), 'App\\Http\\Contro...', 'savePlace')
#12 C:\wamp64\www\memory\vendor\laravel\framework\src\Illuminate\Routing\Route.php(134): Illuminate\Routing\Route->runWithCustomDispatcher(Object(Illuminate\Http\Request))
#13 C:\wamp64\www\memory\vendor\laravel\framework\src\Illuminate\Routing\Router.php(701): Illuminate\Routing\Route->run(Object(Illuminate\Http\Request))
#14 [internal function]: Illuminate\Routing\Router->Illuminate\Routing\{closure}(Object(Illuminate\Http\Request))
#15 C:\wamp64\www\memory\vendor\laravel\framework\src\Illuminate\Pipeline\Pipeline.php(141): call_user_func(Object(Closure), Object(Illuminate\Http\Request))
#16 [internal function]: Illuminate\Pipeline\Pipeline->Illuminate\Pipeline\{closure}(Object(Illuminate\Http\Request))
#17 C:\wamp64\www\memory\vendor\laravel\framework\src\Illuminate\Pipeline\Pipeline.php(100): call_user_func(Object(Closure), Object(Illuminate\Http\Request))
#18 C:\wamp64\www\memory\vendor\laravel\framework\src\Illuminate\Routing\Router.php(703): Illuminate\Pipeline\Pipeline->then(Object(Closure))
#19 C:\wamp64\www\memory\vendor\laravel\framework\src\Illuminate\Routing\Router.php(669): Illuminate\Routing\Router->runRouteWithinStack(Object(Illuminate\Routing\Route), Object(Illuminate\Http\Request))
#20 C:\wamp64\www\memory\vendor\laravel\framework\src\Illuminate\Routing\Router.php(628): Illuminate\Routing\Router->dispatchToRoute(Object(Illuminate\Http\Request))
#21 C:\wamp64\www\memory\vendor\laravel\framework\src\Illuminate\Foundation\Http\Kernel.php(214): Illuminate\Routing\Router->dispatch(Object(Illuminate\Http\Request))
#22 [internal function]: Illuminate\Foundation\Http\Kernel->Illuminate\Foundation\Http\{closure}(Object(Illuminate\Http\Request))
#23 C:\wamp64\www\memory\vendor\laravel\framework\src\Illuminate\Pipeline\Pipeline.php(141): call_user_func(Object(Closure), Object(Illuminate\Http\Request))
#24 C:\wamp64\www\memory\app\Http\Middleware\VerifyCsrfToken.php(67): Illuminate\Pipeline\Pipeline->Illuminate\Pipeline\{closure}(Object(Illuminate\Http\Request))
#25 C:\wamp64\www\memory\vendor\laravel\framework\src\Illuminate\Pipeline\Pipeline.php(125): App\Http\Middleware\VerifyCsrfToken->handle(Object(Illuminate\Http\Request), Object(Closure))
#26 C:\wamp64\www\memory\vendor\laravel\framework\src\Illuminate\View\Middleware\ShareErrorsFromSession.php(55): Illuminate\Pipeline\Pipeline->Illuminate\Pipeline\{closure}(Object(Illuminate\Http\Request))
#27 C:\wamp64\www\memory\vendor\laravel\framework\src\Illuminate\Pipeline\Pipeline.php(125): Illuminate\View\Middleware\ShareErrorsFromSession->handle(Object(Illuminate\Http\Request), Object(Closure))
#28 C:\wamp64\www\memory\vendor\laravel\framework\src\Illuminate\Session\Middleware\StartSession.php(61): Illuminate\Pipeline\Pipeline->Illuminate\Pipeline\{closure}(Object(Illuminate\Http\Request))
#29 C:\wamp64\www\memory\vendor\laravel\framework\src\Illuminate\Pipeline\Pipeline.php(125): Illuminate\Session\Middleware\StartSession->handle(Object(Illuminate\Http\Request), Object(Closure))
#30 C:\wamp64\www\memory\vendor\laravel\framework\src\Illuminate\Cookie\Middleware\AddQueuedCookiesToResponse.php(36): Illuminate\Pipeline\Pipeline->Illuminate\Pipeline\{closure}(Object(Illuminate\Http\Request))
#31 C:\wamp64\www\memory\vendor\laravel\framework\src\Illuminate\Pipeline\Pipeline.php(125): Illuminate\Cookie\Middleware\AddQueuedCookiesToResponse->handle(Object(Illuminate\Http\Request), Object(Closure))
#32 C:\wamp64\www\memory\vendor\laravel\framework\src\Illuminate\Cookie\Middleware\EncryptCookies.php(40): Illuminate\Pipeline\Pipeline->Illuminate\Pipeline\{closure}(Object(Illuminate\Http\Request))
#33 C:\wamp64\www\memory\vendor\laravel\framework\src\Illuminate\Pipeline\Pipeline.php(125): Illuminate\Cookie\Middleware\EncryptCookies->handle(Object(Illuminate\Http\Request), Object(Closure))
#34 C:\wamp64\www\memory\vendor\laravel\framework\src\Illuminate\Foundation\Http\Middleware\CheckForMaintenanceMode.php(42): Illuminate\Pipeline\Pipeline->Illuminate\Pipeline\{closure}(Object(Illuminate\Http\Request))
#35 C:\wamp64\www\memory\vendor\laravel\framework\src\Illuminate\Pipeline\Pipeline.php(125): Illuminate\Foundation\Http\Middleware\CheckForMaintenanceMode->handle(Object(Illuminate\Http\Request), Object(Closure))
#36 [internal function]: Illuminate\Pipeline\Pipeline->Illuminate\Pipeline\{closure}(Object(Illuminate\Http\Request))
#37 C:\wamp64\www\memory\vendor\laravel\framework\src\Illuminate\Pipeline\Pipeline.php(100): call_user_func(Object(Closure), Object(Illuminate\Http\Request))
#38 C:\wamp64\www\memory\vendor\laravel\framework\src\Illuminate\Foundation\Http\Kernel.php(115): Illuminate\Pipeline\Pipeline->then(Object(Closure))
#39 C:\wamp64\www\memory\vendor\laravel\framework\src\Illuminate\Foundation\Http\Kernel.php(84): Illuminate\Foundation\Http\Kernel->sendRequestThroughRouter(Object(Illuminate\Http\Request))
#40 C:\wamp64\www\memory\public\index.php(103): Illuminate\Foundation\Http\Kernel->handle(Object(Illuminate\Http\Request))
#41 {main}  
